[0.159s] Invoking command in '/ws_ros2/build/custom_msg_ros2': CMAKE_PREFIX_PATH=${CMAKE_PREFIX_PATH}:/ros2_humble/install/rqt_bag_plugins:/ros2_humble/install/rqt_bag:/ros2_humble/install/ros2bag:/ros2_humble/install/tracetools_test:/ros2_humble/install/tracetools_launch:/ros2_humble/install/topic_monitor:/ros2_humble/install/tf2_tools:/ros2_humble/install/examples_tf2_py:/ros2_humble/install/tf2_ros_py:/ros2_humble/install/sros2:/ros2_humble/install/rqt_topic:/ros2_humble/install/rqt_srv:/ros2_humble/install/rqt_shell:/ros2_humble/install/rqt_service_caller:/ros2_humble/install/rqt_reconfigure:/ros2_humble/install/rqt_py_console:/ros2_humble/install/rqt_publisher:/ros2_humble/install/rqt_plot:/ros2_humble/install/rqt_action:/ros2_humble/install/rqt_msg:/ros2_humble/install/rqt_console:/ros2_humble/install/rqt:/ros2_humble/install/rqt_graph:/ros2_humble/install/rqt_gui_py:/ros2_humble/install/rqt_gui:/ros2_humble/install/ros2trace:/ros2_humble/install/ros2topic:/ros2_humble/install/ros2test:/ros2_humble/install/ros2component:/ros2_humble/install/ros2param:/ros2_humble/install/ros2lifecycle:/ros2_humble/install/ros2service:/ros2_humble/install/ros2run:/ros2_humble/install/ros2launch:/ros2_humble/install/ros2pkg:/ros2_humble/install/ros2node:/ros2_humble/install/ros2multicast:/ros2_humble/install/ros2interface:/ros2_humble/install/ros2doctor:/ros2_humble/install/ros2action:/ros2_humble/install/ros2cli:/ros2_humble/install/quality_of_service_demo_py:/ros2_humble/install/lifecycle_py:/ros2_humble/install/launch_testing_ros:/ros2_humble/install/launch_ros:/ros2_humble/install/examples_rclpy_pointcloud_publisher:/ros2_humble/install/examples_rclpy_minimal_subscriber:/ros2_humble/install/examples_rclpy_minimal_service:/ros2_humble/install/examples_rclpy_minimal_publisher:/ros2_humble/install/examples_rclpy_minimal_client:/ros2_humble/install/examples_rclpy_minimal_action_server:/ros2_humble/install/examples_rclpy_minimal_action_client:/ros2_humble/install/examples_rclpy_guard_conditions:/ros2_humble/install/examples_rclpy_executors:/ros2_humble/install/demo_nodes_py:/ros2_humble/install/action_tutorials_py:/ros2_humble/install/ament_uncrustify:/ros2_humble/install/tracetools_trace:/ros2_humble/install/tracetools_read:/ros2_humble/install/test_tracetools_launch:/ros2_humble/install/test_launch_ros:/ros2_humble/install/sensor_msgs_py:/ros2_humble/install/rpyutils:/ros2_humble/install/rosidl_runtime_py:/ros2_humble/install/rosidl_cli:/ros2_humble/install/launch_pytest:/ros2_humble/install/launch_testing:/ros2_humble/install/launch_yaml:/ros2_humble/install/launch_xml:/ros2_humble/install/launch:/ros2_humble/install/osrf_pycommon:/ros2_humble/install/launch_testing_examples:/ros2_humble/install/domain_coordinator:/ros2_humble/install/ament_xmllint:/ros2_humble/install/ament_pyflakes:/ros2_humble/install/ament_pycodestyle:/ros2_humble/install/ament_pep257:/ros2_humble/install/ament_pclint:/ros2_humble/install/ament_package:/ros2_humble/install/ament_mypy:/ros2_humble/install/ament_lint_cmake:/ros2_humble/install/ament_flake8:/ros2_humble/install/ament_copyright:/ros2_humble/install/ament_lint:/ros2_humble/install/ament_index_python:/ros2_humble/install/ament_cpplint:/ros2_humble/install/ament_cppcheck:/ros2_humble/install/ament_clang_tidy:/ros2_humble/install/ament_clang_format /usr/bin/cmake --build /ws_ros2/build/custom_msg_ros2 -- -j4 -l4
[0.353s] -- Found ament_cmake: 1.3.5 (/ros2_humble/install/ament_cmake/share/ament_cmake/cmake)
[1.610s] -- Found rclcpp: 16.0.4 (/ros2_humble/install/rclcpp/share/rclcpp/cmake)
[1.682s] -- Found rosidl_generator_c: 3.1.4 (/ros2_humble/install/rosidl_generator_c/share/rosidl_generator_c/cmake)
[1.687s] -- Found rosidl_adapter: 3.1.4 (/ros2_humble/install/rosidl_adapter/share/rosidl_adapter/cmake)
[1.697s] -- Found rosidl_generator_cpp: 3.1.4 (/ros2_humble/install/rosidl_generator_cpp/share/rosidl_generator_cpp/cmake)
[1.772s] -- Using all available rosidl_typesupport_c: rosidl_typesupport_introspection_c;rosidl_typesupport_fastrtps_c
[1.848s] -- Using all available rosidl_typesupport_cpp: rosidl_typesupport_introspection_cpp;rosidl_typesupport_fastrtps_cpp
[2.023s] -- Found rmw_implementation_cmake: 6.1.1 (/ros2_humble/install/rmw_implementation_cmake/share/rmw_implementation_cmake/cmake)
[2.080s] -- Found rmw_fastrtps_cpp: 6.2.2 (/ros2_humble/install/rmw_fastrtps_cpp/share/rmw_fastrtps_cpp/cmake)
[2.713s] -- Using RMW implementation 'rmw_fastrtps_cpp' as default
[3.059s] -- Found rosidl_default_generators: 1.2.0 (/ros2_humble/install/rosidl_default_generators/share/rosidl_default_generators/cmake)
[4.876s] -- Found ament_cmake_ros: 0.10.0 (/ros2_humble/install/ament_cmake_ros/share/ament_cmake_ros/cmake)
[7.102s] -- Using all available rosidl_typesupport_c: rosidl_typesupport_introspection_c;rosidl_typesupport_fastrtps_c
[7.909s] -- Using all available rosidl_typesupport_cpp: rosidl_typesupport_introspection_cpp;rosidl_typesupport_fastrtps_cpp
[8.085s] -- Found PythonInterp: /usr/bin/python3 (found suitable version "3.10.6", minimum required is "3.6") 
[8.120s] -- Found python_cmake_module: 0.10.0 (/ros2_humble/install/python_cmake_module/share/python_cmake_module/cmake)
[8.316s] -- Found PythonLibs: /usr/lib/x86_64-linux-gnu/libpython3.10.so (found suitable version "3.10.6", minimum required is "3.5") 
[8.317s] -- Using PYTHON_EXECUTABLE: /usr/bin/python3
[8.317s] -- Using PYTHON_INCLUDE_DIRS: /usr/include/python3.10
[8.317s] -- Using PYTHON_LIBRARIES: /usr/lib/x86_64-linux-gnu/libpython3.10.so
[8.476s] -- Found PythonExtra: .so  
[9.237s] -- Found ament_lint_auto: 0.12.6 (/ros2_humble/install/ament_lint_auto/share/ament_lint_auto/cmake)
[9.253s] -- Added test 'lint_cmake' to check CMake code style
[9.255s] -- Added test 'xmllint' to check XML markup files
[9.258s] -- Configuring done
[9.321s] -- Generating done
[9.326s] -- Build files have been written to: /ws_ros2/build/custom_msg_ros2
[9.452s] [35m[1mConsolidate compiler generated dependencies of target custom_msg_ros2__rosidl_generator_c[0m
[9.532s] [  3%] Built target custom_msg_ros2__cpp
[9.538s] [ 12%] Built target custom_msg_ros2__rosidl_generator_c
[9.579s] [ 12%] Built target ament_cmake_python_copy_custom_msg_ros2
[9.597s] [35m[1mConsolidate compiler generated dependencies of target custom_msg_ros2__rosidl_typesupport_cpp[0m
[9.634s] [35m[1mConsolidate compiler generated dependencies of target custom_msg_ros2__rosidl_typesupport_fastrtps_cpp[0m
[9.639s] [35m[1mConsolidate compiler generated dependencies of target custom_msg_ros2__rosidl_typesupport_fastrtps_c[0m
[9.678s] [35m[1mConsolidate compiler generated dependencies of target custom_msg_ros2__rosidl_typesupport_introspection_cpp[0m
[9.696s] [ 22%] Built target custom_msg_ros2__rosidl_typesupport_cpp
[9.736s] [ 32%] Built target custom_msg_ros2__rosidl_typesupport_fastrtps_cpp
[9.760s] [ 41%] Built target custom_msg_ros2__rosidl_typesupport_fastrtps_c
[9.790s] [ 51%] Built target custom_msg_ros2__rosidl_typesupport_introspection_cpp
[9.821s] [35m[1mConsolidate compiler generated dependencies of target custom_msg_ros2__rosidl_typesupport_c[0m
[9.841s] [35m[1mConsolidate compiler generated dependencies of target custom_msg_ros2__rosidl_typesupport_introspection_c[0m
[9.888s] [ 61%] Built target custom_msg_ros2__rosidl_typesupport_c
[9.926s] [ 70%] Built target custom_msg_ros2__rosidl_typesupport_introspection_c
[10.053s] [ 70%] Built target custom_msg_ros2
[10.167s] [ 74%] [34m[1mGenerating Python code for ROS interfaces[0m
[11.300s] running egg_info
[11.301s] creating custom_msg_ros2.egg-info
[11.302s] writing custom_msg_ros2.egg-info/PKG-INFO
[11.302s] writing dependency_links to custom_msg_ros2.egg-info/dependency_links.txt
[11.306s] writing top-level names to custom_msg_ros2.egg-info/top_level.txt
[11.307s] writing manifest file 'custom_msg_ros2.egg-info/SOURCES.txt'
[11.314s] reading manifest file 'custom_msg_ros2.egg-info/SOURCES.txt'
[11.315s] writing manifest file 'custom_msg_ros2.egg-info/SOURCES.txt'
[11.416s] [ 74%] Built target ament_cmake_python_build_custom_msg_ros2_egg
[11.619s] [ 74%] Built target custom_msg_ros2__py
[11.706s] [ 77%] [32mBuilding C object CMakeFiles/custom_msg_ros2__rosidl_generator_py.dir/rosidl_generator_py/custom_msg_ros2/msg/_custom_message_s.c.o[0m
[12.351s] [ 80%] [32m[1mLinking C shared library rosidl_generator_py/custom_msg_ros2/libcustom_msg_ros2__rosidl_generator_py.so[0m
[12.550s] [ 80%] Built target custom_msg_ros2__rosidl_generator_py
[12.686s] [ 83%] [32mBuilding C object CMakeFiles/custom_msg_ros2__rosidl_typesupport_c__pyext.dir/rosidl_generator_py/custom_msg_ros2/_custom_msg_ros2_s.ep.rosidl_typesupport_c.c.o[0m
[12.696s] [ 87%] [32mBuilding C object CMakeFiles/custom_msg_ros2__rosidl_typesupport_fastrtps_c__pyext.dir/rosidl_generator_py/custom_msg_ros2/_custom_msg_ros2_s.ep.rosidl_typesupport_fastrtps_c.c.o[0m
[12.734s] [ 90%] [32mBuilding C object CMakeFiles/custom_msg_ros2__rosidl_typesupport_introspection_c__pyext.dir/rosidl_generator_py/custom_msg_ros2/_custom_msg_ros2_s.ep.rosidl_typesupport_introspection_c.c.o[0m
[13.039s] [ 93%] [32m[1mLinking C shared library rosidl_generator_py/custom_msg_ros2/custom_msg_ros2_s__rosidl_typesupport_c.cpython-310-x86_64-linux-gnu.so[0m
[13.069s] [ 96%] [32m[1mLinking C shared library rosidl_generator_py/custom_msg_ros2/custom_msg_ros2_s__rosidl_typesupport_fastrtps_c.cpython-310-x86_64-linux-gnu.so[0m
[13.275s] [100%] [32m[1mLinking C shared library rosidl_generator_py/custom_msg_ros2/custom_msg_ros2_s__rosidl_typesupport_introspection_c.cpython-310-x86_64-linux-gnu.so[0m
[13.319s] [100%] Built target custom_msg_ros2__rosidl_typesupport_c__pyext
[13.368s] [100%] Built target custom_msg_ros2__rosidl_typesupport_fastrtps_c__pyext
[13.457s] [100%] Built target custom_msg_ros2__rosidl_typesupport_introspection_c__pyext
[13.486s] Invoked command in '/ws_ros2/build/custom_msg_ros2' returned '0': CMAKE_PREFIX_PATH=${CMAKE_PREFIX_PATH}:/ros2_humble/install/rqt_bag_plugins:/ros2_humble/install/rqt_bag:/ros2_humble/install/ros2bag:/ros2_humble/install/tracetools_test:/ros2_humble/install/tracetools_launch:/ros2_humble/install/topic_monitor:/ros2_humble/install/tf2_tools:/ros2_humble/install/examples_tf2_py:/ros2_humble/install/tf2_ros_py:/ros2_humble/install/sros2:/ros2_humble/install/rqt_topic:/ros2_humble/install/rqt_srv:/ros2_humble/install/rqt_shell:/ros2_humble/install/rqt_service_caller:/ros2_humble/install/rqt_reconfigure:/ros2_humble/install/rqt_py_console:/ros2_humble/install/rqt_publisher:/ros2_humble/install/rqt_plot:/ros2_humble/install/rqt_action:/ros2_humble/install/rqt_msg:/ros2_humble/install/rqt_console:/ros2_humble/install/rqt:/ros2_humble/install/rqt_graph:/ros2_humble/install/rqt_gui_py:/ros2_humble/install/rqt_gui:/ros2_humble/install/ros2trace:/ros2_humble/install/ros2topic:/ros2_humble/install/ros2test:/ros2_humble/install/ros2component:/ros2_humble/install/ros2param:/ros2_humble/install/ros2lifecycle:/ros2_humble/install/ros2service:/ros2_humble/install/ros2run:/ros2_humble/install/ros2launch:/ros2_humble/install/ros2pkg:/ros2_humble/install/ros2node:/ros2_humble/install/ros2multicast:/ros2_humble/install/ros2interface:/ros2_humble/install/ros2doctor:/ros2_humble/install/ros2action:/ros2_humble/install/ros2cli:/ros2_humble/install/quality_of_service_demo_py:/ros2_humble/install/lifecycle_py:/ros2_humble/install/launch_testing_ros:/ros2_humble/install/launch_ros:/ros2_humble/install/examples_rclpy_pointcloud_publisher:/ros2_humble/install/examples_rclpy_minimal_subscriber:/ros2_humble/install/examples_rclpy_minimal_service:/ros2_humble/install/examples_rclpy_minimal_publisher:/ros2_humble/install/examples_rclpy_minimal_client:/ros2_humble/install/examples_rclpy_minimal_action_server:/ros2_humble/install/examples_rclpy_minimal_action_client:/ros2_humble/install/examples_rclpy_guard_conditions:/ros2_humble/install/examples_rclpy_executors:/ros2_humble/install/demo_nodes_py:/ros2_humble/install/action_tutorials_py:/ros2_humble/install/ament_uncrustify:/ros2_humble/install/tracetools_trace:/ros2_humble/install/tracetools_read:/ros2_humble/install/test_tracetools_launch:/ros2_humble/install/test_launch_ros:/ros2_humble/install/sensor_msgs_py:/ros2_humble/install/rpyutils:/ros2_humble/install/rosidl_runtime_py:/ros2_humble/install/rosidl_cli:/ros2_humble/install/launch_pytest:/ros2_humble/install/launch_testing:/ros2_humble/install/launch_yaml:/ros2_humble/install/launch_xml:/ros2_humble/install/launch:/ros2_humble/install/osrf_pycommon:/ros2_humble/install/launch_testing_examples:/ros2_humble/install/domain_coordinator:/ros2_humble/install/ament_xmllint:/ros2_humble/install/ament_pyflakes:/ros2_humble/install/ament_pycodestyle:/ros2_humble/install/ament_pep257:/ros2_humble/install/ament_pclint:/ros2_humble/install/ament_package:/ros2_humble/install/ament_mypy:/ros2_humble/install/ament_lint_cmake:/ros2_humble/install/ament_flake8:/ros2_humble/install/ament_copyright:/ros2_humble/install/ament_lint:/ros2_humble/install/ament_index_python:/ros2_humble/install/ament_cpplint:/ros2_humble/install/ament_cppcheck:/ros2_humble/install/ament_clang_tidy:/ros2_humble/install/ament_clang_format /usr/bin/cmake --build /ws_ros2/build/custom_msg_ros2 -- -j4 -l4
[13.966s] Invoking command in '/ws_ros2/build/custom_msg_ros2': CMAKE_PREFIX_PATH=${CMAKE_PREFIX_PATH}:/ros2_humble/install/rqt_bag_plugins:/ros2_humble/install/rqt_bag:/ros2_humble/install/ros2bag:/ros2_humble/install/tracetools_test:/ros2_humble/install/tracetools_launch:/ros2_humble/install/topic_monitor:/ros2_humble/install/tf2_tools:/ros2_humble/install/examples_tf2_py:/ros2_humble/install/tf2_ros_py:/ros2_humble/install/sros2:/ros2_humble/install/rqt_topic:/ros2_humble/install/rqt_srv:/ros2_humble/install/rqt_shell:/ros2_humble/install/rqt_service_caller:/ros2_humble/install/rqt_reconfigure:/ros2_humble/install/rqt_py_console:/ros2_humble/install/rqt_publisher:/ros2_humble/install/rqt_plot:/ros2_humble/install/rqt_action:/ros2_humble/install/rqt_msg:/ros2_humble/install/rqt_console:/ros2_humble/install/rqt:/ros2_humble/install/rqt_graph:/ros2_humble/install/rqt_gui_py:/ros2_humble/install/rqt_gui:/ros2_humble/install/ros2trace:/ros2_humble/install/ros2topic:/ros2_humble/install/ros2test:/ros2_humble/install/ros2component:/ros2_humble/install/ros2param:/ros2_humble/install/ros2lifecycle:/ros2_humble/install/ros2service:/ros2_humble/install/ros2run:/ros2_humble/install/ros2launch:/ros2_humble/install/ros2pkg:/ros2_humble/install/ros2node:/ros2_humble/install/ros2multicast:/ros2_humble/install/ros2interface:/ros2_humble/install/ros2doctor:/ros2_humble/install/ros2action:/ros2_humble/install/ros2cli:/ros2_humble/install/quality_of_service_demo_py:/ros2_humble/install/lifecycle_py:/ros2_humble/install/launch_testing_ros:/ros2_humble/install/launch_ros:/ros2_humble/install/examples_rclpy_pointcloud_publisher:/ros2_humble/install/examples_rclpy_minimal_subscriber:/ros2_humble/install/examples_rclpy_minimal_service:/ros2_humble/install/examples_rclpy_minimal_publisher:/ros2_humble/install/examples_rclpy_minimal_client:/ros2_humble/install/examples_rclpy_minimal_action_server:/ros2_humble/install/examples_rclpy_minimal_action_client:/ros2_humble/install/examples_rclpy_guard_conditions:/ros2_humble/install/examples_rclpy_executors:/ros2_humble/install/demo_nodes_py:/ros2_humble/install/action_tutorials_py:/ros2_humble/install/ament_uncrustify:/ros2_humble/install/tracetools_trace:/ros2_humble/install/tracetools_read:/ros2_humble/install/test_tracetools_launch:/ros2_humble/install/test_launch_ros:/ros2_humble/install/sensor_msgs_py:/ros2_humble/install/rpyutils:/ros2_humble/install/rosidl_runtime_py:/ros2_humble/install/rosidl_cli:/ros2_humble/install/launch_pytest:/ros2_humble/install/launch_testing:/ros2_humble/install/launch_yaml:/ros2_humble/install/launch_xml:/ros2_humble/install/launch:/ros2_humble/install/osrf_pycommon:/ros2_humble/install/launch_testing_examples:/ros2_humble/install/domain_coordinator:/ros2_humble/install/ament_xmllint:/ros2_humble/install/ament_pyflakes:/ros2_humble/install/ament_pycodestyle:/ros2_humble/install/ament_pep257:/ros2_humble/install/ament_pclint:/ros2_humble/install/ament_package:/ros2_humble/install/ament_mypy:/ros2_humble/install/ament_lint_cmake:/ros2_humble/install/ament_flake8:/ros2_humble/install/ament_copyright:/ros2_humble/install/ament_lint:/ros2_humble/install/ament_index_python:/ros2_humble/install/ament_cpplint:/ros2_humble/install/ament_cppcheck:/ros2_humble/install/ament_clang_tidy:/ros2_humble/install/ament_clang_format /usr/bin/cmake --install /ws_ros2/build/custom_msg_ros2
[13.992s] -- Install configuration: ""
[13.992s] -- Up-to-date: /ws_ros2/install/custom_msg_ros2/share/ament_index/resource_index/rosidl_interfaces/custom_msg_ros2
[13.993s] -- Up-to-date: /ws_ros2/install/custom_msg_ros2/include/custom_msg_ros2/custom_msg_ros2
[13.993s] -- Up-to-date: /ws_ros2/install/custom_msg_ros2/include/custom_msg_ros2/custom_msg_ros2/msg
[13.993s] -- Up-to-date: /ws_ros2/install/custom_msg_ros2/include/custom_msg_ros2/custom_msg_ros2/msg/detail
[13.994s] -- Up-to-date: /ws_ros2/install/custom_msg_ros2/include/custom_msg_ros2/custom_msg_ros2/msg/detail/custom_message__functions.h
[13.994s] -- Up-to-date: /ws_ros2/install/custom_msg_ros2/include/custom_msg_ros2/custom_msg_ros2/msg/detail/custom_message__struct.h
[13.994s] -- Up-to-date: /ws_ros2/install/custom_msg_ros2/include/custom_msg_ros2/custom_msg_ros2/msg/detail/custom_message__type_support.h
[13.994s] -- Up-to-date: /ws_ros2/install/custom_msg_ros2/include/custom_msg_ros2/custom_msg_ros2/msg/detail/custom_message__functions.c
[13.995s] -- Up-to-date: /ws_ros2/install/custom_msg_ros2/include/custom_msg_ros2/custom_msg_ros2/msg/rosidl_generator_c__visibility_control.h
[13.995s] -- Up-to-date: /ws_ros2/install/custom_msg_ros2/include/custom_msg_ros2/custom_msg_ros2/msg/custom_message.h
[13.996s] -- Up-to-date: /ws_ros2/install/custom_msg_ros2/share/custom_msg_ros2/environment/library_path.sh
[13.996s] -- Installing: /ws_ros2/install/custom_msg_ros2/share/custom_msg_ros2/environment/library_path.dsv
[13.999s] -- Up-to-date: /ws_ros2/install/custom_msg_ros2/lib/libcustom_msg_ros2__rosidl_generator_c.so
[14.002s] -- Up-to-date: /ws_ros2/install/custom_msg_ros2/include/custom_msg_ros2/custom_msg_ros2
[14.003s] -- Up-to-date: /ws_ros2/install/custom_msg_ros2/include/custom_msg_ros2/custom_msg_ros2/msg
[14.003s] -- Up-to-date: /ws_ros2/install/custom_msg_ros2/include/custom_msg_ros2/custom_msg_ros2/msg/rosidl_typesupport_fastrtps_c__visibility_control.h
[14.003s] -- Up-to-date: /ws_ros2/install/custom_msg_ros2/include/custom_msg_ros2/custom_msg_ros2/msg/detail
[14.005s] -- Up-to-date: /ws_ros2/install/custom_msg_ros2/include/custom_msg_ros2/custom_msg_ros2/msg/detail/custom_message__rosidl_typesupport_fastrtps_c.h
[14.007s] -- Up-to-date: /ws_ros2/install/custom_msg_ros2/lib/libcustom_msg_ros2__rosidl_typesupport_fastrtps_c.so
[14.007s] -- Up-to-date: /ws_ros2/install/custom_msg_ros2/include/custom_msg_ros2/custom_msg_ros2
[14.007s] -- Up-to-date: /ws_ros2/install/custom_msg_ros2/include/custom_msg_ros2/custom_msg_ros2/msg
[14.008s] -- Up-to-date: /ws_ros2/install/custom_msg_ros2/include/custom_msg_ros2/custom_msg_ros2/msg/custom_message.hpp
[14.008s] -- Up-to-date: /ws_ros2/install/custom_msg_ros2/include/custom_msg_ros2/custom_msg_ros2/msg/detail
[14.008s] -- Up-to-date: /ws_ros2/install/custom_msg_ros2/include/custom_msg_ros2/custom_msg_ros2/msg/detail/custom_message__traits.hpp
[14.008s] -- Up-to-date: /ws_ros2/install/custom_msg_ros2/include/custom_msg_ros2/custom_msg_ros2/msg/detail/custom_message__builder.hpp
[14.008s] -- Up-to-date: /ws_ros2/install/custom_msg_ros2/include/custom_msg_ros2/custom_msg_ros2/msg/detail/custom_message__struct.hpp
[14.008s] -- Up-to-date: /ws_ros2/install/custom_msg_ros2/include/custom_msg_ros2/custom_msg_ros2
[14.009s] -- Up-to-date: /ws_ros2/install/custom_msg_ros2/include/custom_msg_ros2/custom_msg_ros2/msg
[14.009s] -- Up-to-date: /ws_ros2/install/custom_msg_ros2/include/custom_msg_ros2/custom_msg_ros2/msg/detail
[14.009s] -- Up-to-date: /ws_ros2/install/custom_msg_ros2/include/custom_msg_ros2/custom_msg_ros2/msg/detail/dds_fastrtps
[14.009s] -- Up-to-date: /ws_ros2/install/custom_msg_ros2/include/custom_msg_ros2/custom_msg_ros2/msg/detail/custom_message__rosidl_typesupport_fastrtps_cpp.hpp
[14.009s] -- Up-to-date: /ws_ros2/install/custom_msg_ros2/include/custom_msg_ros2/custom_msg_ros2/msg/rosidl_typesupport_fastrtps_cpp__visibility_control.h
[14.009s] -- Up-to-date: /ws_ros2/install/custom_msg_ros2/lib/libcustom_msg_ros2__rosidl_typesupport_fastrtps_cpp.so
[14.010s] -- Up-to-date: /ws_ros2/install/custom_msg_ros2/include/custom_msg_ros2/custom_msg_ros2
[14.010s] -- Up-to-date: /ws_ros2/install/custom_msg_ros2/include/custom_msg_ros2/custom_msg_ros2/msg
[14.011s] -- Up-to-date: /ws_ros2/install/custom_msg_ros2/include/custom_msg_ros2/custom_msg_ros2/msg/rosidl_typesupport_introspection_c__visibility_control.h
[14.011s] -- Up-to-date: /ws_ros2/install/custom_msg_ros2/include/custom_msg_ros2/custom_msg_ros2/msg/detail
[14.011s] -- Up-to-date: /ws_ros2/install/custom_msg_ros2/include/custom_msg_ros2/custom_msg_ros2/msg/detail/custom_message__type_support.c
[14.011s] -- Up-to-date: /ws_ros2/install/custom_msg_ros2/include/custom_msg_ros2/custom_msg_ros2/msg/detail/custom_message__rosidl_typesupport_introspection_c.h
[14.011s] -- Up-to-date: /ws_ros2/install/custom_msg_ros2/lib/libcustom_msg_ros2__rosidl_typesupport_introspection_c.so
[14.012s] -- Up-to-date: /ws_ros2/install/custom_msg_ros2/lib/libcustom_msg_ros2__rosidl_typesupport_c.so
[14.012s] -- Up-to-date: /ws_ros2/install/custom_msg_ros2/include/custom_msg_ros2/custom_msg_ros2
[14.012s] -- Up-to-date: /ws_ros2/install/custom_msg_ros2/include/custom_msg_ros2/custom_msg_ros2/msg
[14.012s] -- Up-to-date: /ws_ros2/install/custom_msg_ros2/include/custom_msg_ros2/custom_msg_ros2/msg/detail
[14.012s] -- Up-to-date: /ws_ros2/install/custom_msg_ros2/include/custom_msg_ros2/custom_msg_ros2/msg/detail/custom_message__type_support.cpp
[14.012s] -- Up-to-date: /ws_ros2/install/custom_msg_ros2/include/custom_msg_ros2/custom_msg_ros2/msg/detail/custom_message__rosidl_typesupport_introspection_cpp.hpp
[14.012s] -- Up-to-date: /ws_ros2/install/custom_msg_ros2/lib/libcustom_msg_ros2__rosidl_typesupport_introspection_cpp.so
[14.013s] -- Up-to-date: /ws_ros2/install/custom_msg_ros2/lib/libcustom_msg_ros2__rosidl_typesupport_cpp.so
[14.013s] -- Installing: /ws_ros2/install/custom_msg_ros2/share/custom_msg_ros2/environment/pythonpath.sh
[14.013s] -- Installing: /ws_ros2/install/custom_msg_ros2/share/custom_msg_ros2/environment/pythonpath.dsv
[14.013s] -- Installing: /ws_ros2/install/custom_msg_ros2/local/lib/python3.10/dist-packages/custom_msg_ros2-0.0.0-py3.10.egg-info
[14.013s] -- Installing: /ws_ros2/install/custom_msg_ros2/local/lib/python3.10/dist-packages/custom_msg_ros2-0.0.0-py3.10.egg-info/top_level.txt
[14.013s] -- Installing: /ws_ros2/install/custom_msg_ros2/local/lib/python3.10/dist-packages/custom_msg_ros2-0.0.0-py3.10.egg-info/SOURCES.txt
[14.014s] -- Installing: /ws_ros2/install/custom_msg_ros2/local/lib/python3.10/dist-packages/custom_msg_ros2-0.0.0-py3.10.egg-info/PKG-INFO
[14.014s] -- Installing: /ws_ros2/install/custom_msg_ros2/local/lib/python3.10/dist-packages/custom_msg_ros2-0.0.0-py3.10.egg-info/dependency_links.txt
[14.014s] -- Installing: /ws_ros2/install/custom_msg_ros2/local/lib/python3.10/dist-packages/custom_msg_ros2
[14.014s] -- Installing: /ws_ros2/install/custom_msg_ros2/local/lib/python3.10/dist-packages/custom_msg_ros2/custom_msg_ros2_s__rosidl_typesupport_c.cpython-310-x86_64-linux-gnu.so
[14.014s] -- Installing: /ws_ros2/install/custom_msg_ros2/local/lib/python3.10/dist-packages/custom_msg_ros2/custom_msg_ros2_s__rosidl_typesupport_fastrtps_c.cpython-310-x86_64-linux-gnu.so
[14.014s] -- Installing: /ws_ros2/install/custom_msg_ros2/local/lib/python3.10/dist-packages/custom_msg_ros2/msg
[14.015s] -- Installing: /ws_ros2/install/custom_msg_ros2/local/lib/python3.10/dist-packages/custom_msg_ros2/msg/_custom_message_s.c
[14.015s] -- Installing: /ws_ros2/install/custom_msg_ros2/local/lib/python3.10/dist-packages/custom_msg_ros2/msg/_custom_message.py
[14.015s] -- Installing: /ws_ros2/install/custom_msg_ros2/local/lib/python3.10/dist-packages/custom_msg_ros2/msg/__init__.py
[14.015s] -- Installing: /ws_ros2/install/custom_msg_ros2/local/lib/python3.10/dist-packages/custom_msg_ros2/_custom_msg_ros2_s.ep.rosidl_typesupport_introspection_c.c
[14.015s] -- Installing: /ws_ros2/install/custom_msg_ros2/local/lib/python3.10/dist-packages/custom_msg_ros2/libcustom_msg_ros2__rosidl_generator_py.so
[14.015s] -- Installing: /ws_ros2/install/custom_msg_ros2/local/lib/python3.10/dist-packages/custom_msg_ros2/_custom_msg_ros2_s.ep.rosidl_typesupport_fastrtps_c.c
[14.016s] -- Installing: /ws_ros2/install/custom_msg_ros2/local/lib/python3.10/dist-packages/custom_msg_ros2/_custom_msg_ros2_s.ep.rosidl_typesupport_c.c
[14.016s] -- Installing: /ws_ros2/install/custom_msg_ros2/local/lib/python3.10/dist-packages/custom_msg_ros2/custom_msg_ros2_s__rosidl_typesupport_introspection_c.cpython-310-x86_64-linux-gnu.so
[14.016s] -- Installing: /ws_ros2/install/custom_msg_ros2/local/lib/python3.10/dist-packages/custom_msg_ros2/__init__.py
[14.316s] Listing '/ws_ros2/install/custom_msg_ros2/local/lib/python3.10/dist-packages/custom_msg_ros2'...
[14.316s] Compiling '/ws_ros2/install/custom_msg_ros2/local/lib/python3.10/dist-packages/custom_msg_ros2/__init__.py'...
[14.317s] Listing '/ws_ros2/install/custom_msg_ros2/local/lib/python3.10/dist-packages/custom_msg_ros2/msg'...
[14.317s] Compiling '/ws_ros2/install/custom_msg_ros2/local/lib/python3.10/dist-packages/custom_msg_ros2/msg/__init__.py'...
[14.317s] Compiling '/ws_ros2/install/custom_msg_ros2/local/lib/python3.10/dist-packages/custom_msg_ros2/msg/_custom_message.py'...
[14.329s] -- Installing: /ws_ros2/install/custom_msg_ros2/local/lib/python3.10/dist-packages/custom_msg_ros2/custom_msg_ros2_s__rosidl_typesupport_introspection_c.cpython-310-x86_64-linux-gnu.so
[14.330s] -- Set runtime path of "/ws_ros2/install/custom_msg_ros2/local/lib/python3.10/dist-packages/custom_msg_ros2/custom_msg_ros2_s__rosidl_typesupport_introspection_c.cpython-310-x86_64-linux-gnu.so" to ""
[14.330s] -- Installing: /ws_ros2/install/custom_msg_ros2/local/lib/python3.10/dist-packages/custom_msg_ros2/custom_msg_ros2_s__rosidl_typesupport_fastrtps_c.cpython-310-x86_64-linux-gnu.so
[14.331s] -- Set runtime path of "/ws_ros2/install/custom_msg_ros2/local/lib/python3.10/dist-packages/custom_msg_ros2/custom_msg_ros2_s__rosidl_typesupport_fastrtps_c.cpython-310-x86_64-linux-gnu.so" to ""
[14.332s] -- Installing: /ws_ros2/install/custom_msg_ros2/local/lib/python3.10/dist-packages/custom_msg_ros2/custom_msg_ros2_s__rosidl_typesupport_c.cpython-310-x86_64-linux-gnu.so
[14.332s] -- Set runtime path of "/ws_ros2/install/custom_msg_ros2/local/lib/python3.10/dist-packages/custom_msg_ros2/custom_msg_ros2_s__rosidl_typesupport_c.cpython-310-x86_64-linux-gnu.so" to ""
[14.333s] -- Installing: /ws_ros2/install/custom_msg_ros2/lib/libcustom_msg_ros2__rosidl_generator_py.so
[14.333s] -- Set runtime path of "/ws_ros2/install/custom_msg_ros2/lib/libcustom_msg_ros2__rosidl_generator_py.so" to ""
[14.334s] -- Up-to-date: /ws_ros2/install/custom_msg_ros2/share/custom_msg_ros2/msg/CustomMessage.idl
[14.334s] -- Up-to-date: /ws_ros2/install/custom_msg_ros2/share/custom_msg_ros2/msg/CustomMessage.msg
[14.334s] -- Up-to-date: /ws_ros2/install/custom_msg_ros2/share/custom_msg_ros2/my_custom_mapping.yaml
[14.334s] -- Up-to-date: /ws_ros2/install/custom_msg_ros2/share/ament_index/resource_index/package_run_dependencies/custom_msg_ros2
[14.335s] -- Up-to-date: /ws_ros2/install/custom_msg_ros2/share/ament_index/resource_index/parent_prefix_path/custom_msg_ros2
[14.335s] -- Installing: /ws_ros2/install/custom_msg_ros2/share/custom_msg_ros2/environment/ament_prefix_path.dsv
[14.335s] -- Installing: /ws_ros2/install/custom_msg_ros2/share/custom_msg_ros2/environment/path.dsv
[14.335s] -- Up-to-date: /ws_ros2/install/custom_msg_ros2/share/custom_msg_ros2/local_setup.bash
[14.336s] -- Installing: /ws_ros2/install/custom_msg_ros2/share/custom_msg_ros2/local_setup.sh
[14.336s] -- Up-to-date: /ws_ros2/install/custom_msg_ros2/share/custom_msg_ros2/local_setup.zsh
[14.336s] -- Installing: /ws_ros2/install/custom_msg_ros2/share/custom_msg_ros2/local_setup.dsv
[14.336s] -- Installing: /ws_ros2/install/custom_msg_ros2/share/custom_msg_ros2/package.dsv
[14.337s] -- Up-to-date: /ws_ros2/install/custom_msg_ros2/share/ament_index/resource_index/packages/custom_msg_ros2
[14.338s] -- Up-to-date: /ws_ros2/install/custom_msg_ros2/share/custom_msg_ros2/cmake/export_custom_msg_ros2__rosidl_generator_cExport.cmake
[14.338s] -- Up-to-date: /ws_ros2/install/custom_msg_ros2/share/custom_msg_ros2/cmake/export_custom_msg_ros2__rosidl_generator_cExport-noconfig.cmake
[14.339s] -- Up-to-date: /ws_ros2/install/custom_msg_ros2/share/custom_msg_ros2/cmake/export_custom_msg_ros2__rosidl_typesupport_fastrtps_cExport.cmake
[14.339s] -- Up-to-date: /ws_ros2/install/custom_msg_ros2/share/custom_msg_ros2/cmake/export_custom_msg_ros2__rosidl_typesupport_fastrtps_cExport-noconfig.cmake
[14.339s] -- Up-to-date: /ws_ros2/install/custom_msg_ros2/share/custom_msg_ros2/cmake/export_custom_msg_ros2__rosidl_generator_cppExport.cmake
[14.340s] -- Up-to-date: /ws_ros2/install/custom_msg_ros2/share/custom_msg_ros2/cmake/export_custom_msg_ros2__rosidl_typesupport_fastrtps_cppExport.cmake
[14.340s] -- Up-to-date: /ws_ros2/install/custom_msg_ros2/share/custom_msg_ros2/cmake/export_custom_msg_ros2__rosidl_typesupport_fastrtps_cppExport-noconfig.cmake
[14.340s] -- Up-to-date: /ws_ros2/install/custom_msg_ros2/share/custom_msg_ros2/cmake/custom_msg_ros2__rosidl_typesupport_introspection_cExport.cmake
[14.340s] -- Up-to-date: /ws_ros2/install/custom_msg_ros2/share/custom_msg_ros2/cmake/custom_msg_ros2__rosidl_typesupport_introspection_cExport-noconfig.cmake
[14.341s] -- Up-to-date: /ws_ros2/install/custom_msg_ros2/share/custom_msg_ros2/cmake/custom_msg_ros2__rosidl_typesupport_cExport.cmake
[14.341s] -- Up-to-date: /ws_ros2/install/custom_msg_ros2/share/custom_msg_ros2/cmake/custom_msg_ros2__rosidl_typesupport_cExport-noconfig.cmake
[14.341s] -- Up-to-date: /ws_ros2/install/custom_msg_ros2/share/custom_msg_ros2/cmake/custom_msg_ros2__rosidl_typesupport_introspection_cppExport.cmake
[14.341s] -- Up-to-date: /ws_ros2/install/custom_msg_ros2/share/custom_msg_ros2/cmake/custom_msg_ros2__rosidl_typesupport_introspection_cppExport-noconfig.cmake
[14.342s] -- Up-to-date: /ws_ros2/install/custom_msg_ros2/share/custom_msg_ros2/cmake/custom_msg_ros2__rosidl_typesupport_cppExport.cmake
[14.342s] -- Up-to-date: /ws_ros2/install/custom_msg_ros2/share/custom_msg_ros2/cmake/custom_msg_ros2__rosidl_typesupport_cppExport-noconfig.cmake
[14.342s] -- Installing: /ws_ros2/install/custom_msg_ros2/share/custom_msg_ros2/cmake/export_custom_msg_ros2__rosidl_generator_pyExport.cmake
[14.342s] -- Installing: /ws_ros2/install/custom_msg_ros2/share/custom_msg_ros2/cmake/export_custom_msg_ros2__rosidl_generator_pyExport-noconfig.cmake
[14.343s] -- Up-to-date: /ws_ros2/install/custom_msg_ros2/share/custom_msg_ros2/cmake/rosidl_cmake-extras.cmake
[14.343s] -- Up-to-date: /ws_ros2/install/custom_msg_ros2/share/custom_msg_ros2/cmake/ament_cmake_export_include_directories-extras.cmake
[14.343s] -- Up-to-date: /ws_ros2/install/custom_msg_ros2/share/custom_msg_ros2/cmake/ament_cmake_export_libraries-extras.cmake
[14.343s] -- Installing: /ws_ros2/install/custom_msg_ros2/share/custom_msg_ros2/cmake/ament_cmake_export_targets-extras.cmake
[14.344s] -- Installing: /ws_ros2/install/custom_msg_ros2/share/custom_msg_ros2/cmake/rosidl_cmake_export_typesupport_targets-extras.cmake
[14.344s] -- Up-to-date: /ws_ros2/install/custom_msg_ros2/share/custom_msg_ros2/cmake/ament_cmake_export_dependencies-extras.cmake
[14.344s] -- Up-to-date: /ws_ros2/install/custom_msg_ros2/share/custom_msg_ros2/cmake/rosidl_cmake_export_typesupport_libraries-extras.cmake
[14.344s] -- Up-to-date: /ws_ros2/install/custom_msg_ros2/share/custom_msg_ros2/cmake/custom_msg_ros2Config.cmake
[14.344s] -- Up-to-date: /ws_ros2/install/custom_msg_ros2/share/custom_msg_ros2/cmake/custom_msg_ros2Config-version.cmake
[14.345s] -- Up-to-date: /ws_ros2/install/custom_msg_ros2/share/custom_msg_ros2/package.xml
[14.349s] Invoked command in '/ws_ros2/build/custom_msg_ros2' returned '0': CMAKE_PREFIX_PATH=${CMAKE_PREFIX_PATH}:/ros2_humble/install/rqt_bag_plugins:/ros2_humble/install/rqt_bag:/ros2_humble/install/ros2bag:/ros2_humble/install/tracetools_test:/ros2_humble/install/tracetools_launch:/ros2_humble/install/topic_monitor:/ros2_humble/install/tf2_tools:/ros2_humble/install/examples_tf2_py:/ros2_humble/install/tf2_ros_py:/ros2_humble/install/sros2:/ros2_humble/install/rqt_topic:/ros2_humble/install/rqt_srv:/ros2_humble/install/rqt_shell:/ros2_humble/install/rqt_service_caller:/ros2_humble/install/rqt_reconfigure:/ros2_humble/install/rqt_py_console:/ros2_humble/install/rqt_publisher:/ros2_humble/install/rqt_plot:/ros2_humble/install/rqt_action:/ros2_humble/install/rqt_msg:/ros2_humble/install/rqt_console:/ros2_humble/install/rqt:/ros2_humble/install/rqt_graph:/ros2_humble/install/rqt_gui_py:/ros2_humble/install/rqt_gui:/ros2_humble/install/ros2trace:/ros2_humble/install/ros2topic:/ros2_humble/install/ros2test:/ros2_humble/install/ros2component:/ros2_humble/install/ros2param:/ros2_humble/install/ros2lifecycle:/ros2_humble/install/ros2service:/ros2_humble/install/ros2run:/ros2_humble/install/ros2launch:/ros2_humble/install/ros2pkg:/ros2_humble/install/ros2node:/ros2_humble/install/ros2multicast:/ros2_humble/install/ros2interface:/ros2_humble/install/ros2doctor:/ros2_humble/install/ros2action:/ros2_humble/install/ros2cli:/ros2_humble/install/quality_of_service_demo_py:/ros2_humble/install/lifecycle_py:/ros2_humble/install/launch_testing_ros:/ros2_humble/install/launch_ros:/ros2_humble/install/examples_rclpy_pointcloud_publisher:/ros2_humble/install/examples_rclpy_minimal_subscriber:/ros2_humble/install/examples_rclpy_minimal_service:/ros2_humble/install/examples_rclpy_minimal_publisher:/ros2_humble/install/examples_rclpy_minimal_client:/ros2_humble/install/examples_rclpy_minimal_action_server:/ros2_humble/install/examples_rclpy_minimal_action_client:/ros2_humble/install/examples_rclpy_guard_conditions:/ros2_humble/install/examples_rclpy_executors:/ros2_humble/install/demo_nodes_py:/ros2_humble/install/action_tutorials_py:/ros2_humble/install/ament_uncrustify:/ros2_humble/install/tracetools_trace:/ros2_humble/install/tracetools_read:/ros2_humble/install/test_tracetools_launch:/ros2_humble/install/test_launch_ros:/ros2_humble/install/sensor_msgs_py:/ros2_humble/install/rpyutils:/ros2_humble/install/rosidl_runtime_py:/ros2_humble/install/rosidl_cli:/ros2_humble/install/launch_pytest:/ros2_humble/install/launch_testing:/ros2_humble/install/launch_yaml:/ros2_humble/install/launch_xml:/ros2_humble/install/launch:/ros2_humble/install/osrf_pycommon:/ros2_humble/install/launch_testing_examples:/ros2_humble/install/domain_coordinator:/ros2_humble/install/ament_xmllint:/ros2_humble/install/ament_pyflakes:/ros2_humble/install/ament_pycodestyle:/ros2_humble/install/ament_pep257:/ros2_humble/install/ament_pclint:/ros2_humble/install/ament_package:/ros2_humble/install/ament_mypy:/ros2_humble/install/ament_lint_cmake:/ros2_humble/install/ament_flake8:/ros2_humble/install/ament_copyright:/ros2_humble/install/ament_lint:/ros2_humble/install/ament_index_python:/ros2_humble/install/ament_cpplint:/ros2_humble/install/ament_cppcheck:/ros2_humble/install/ament_clang_tidy:/ros2_humble/install/ament_clang_format /usr/bin/cmake --install /ws_ros2/build/custom_msg_ros2
