[2.043s] DEBUG:colcon:Command line arguments: ['/usr/local/bin/colcon', 'build']
[2.043s] DEBUG:colcon:Parsed command line arguments: Namespace(log_base=None, log_level=None, verb_name='build', build_base='build', install_base='install', merge_install=False, symlink_install=False, test_result_base=None, continue_on_error=False, executor='parallel', parallel_workers=4, event_handlers=None, ignore_user_meta=False, metas=['./colcon.meta'], base_paths=['.'], packages_ignore=None, packages_ignore_regex=None, paths=None, packages_up_to=None, packages_up_to_regex=None, packages_above=None, packages_above_and_dependencies=None, packages_above_depth=None, packages_select_by_dep=None, packages_skip_by_dep=None, packages_skip_up_to=None, packages_select_build_failed=False, packages_skip_build_finished=False, packages_select_test_failures=False, packages_skip_test_passed=False, packages_select=None, packages_skip=None, packages_select_regex=None, packages_skip_regex=None, packages_start=None, packages_end=None, cmake_args=None, cmake_target=None, cmake_target_skip_unavailable=False, cmake_clean_cache=False, cmake_clean_first=False, cmake_force_configure=False, ament_cmake_args=None, catkin_cmake_args=None, catkin_skip_building_tests=False, verb_parser=<colcon_defaults.argument_parser.defaults.DefaultArgumentsDecorator object at 0x7f2283b74670>, verb_extension=<colcon_core.verb.build.BuildVerb object at 0x7f228443ab00>, main=<bound method BuildVerb.main of <colcon_core.verb.build.BuildVerb object at 0x7f228443ab00>>)
[2.175s] Level 1:colcon.colcon_core.package_discovery:discover_packages(colcon_meta) check parameters
[2.175s] Level 1:colcon.colcon_core.package_discovery:discover_packages(recursive) check parameters
[2.175s] Level 1:colcon.colcon_core.package_discovery:discover_packages(ignore) check parameters
[2.175s] Level 1:colcon.colcon_core.package_discovery:discover_packages(path) check parameters
[2.175s] Level 1:colcon.colcon_core.package_discovery:discover_packages(colcon_meta) discover
[2.176s] Level 1:colcon.colcon_core.package_discovery:discover_packages(recursive) discover
[2.176s] INFO:colcon.colcon_core.package_discovery:Crawling recursively for packages in '/ws_ros2'
[2.176s] Level 1:colcon.colcon_core.package_identification:_identify(.) by extensions ['ignore', 'ignore_ament_install']
[2.176s] Level 1:colcon.colcon_core.package_identification:_identify(.) by extension 'ignore'
[2.176s] Level 1:colcon.colcon_core.package_identification:_identify(.) by extension 'ignore_ament_install'
[2.176s] Level 1:colcon.colcon_core.package_identification:_identify(.) by extensions ['colcon_pkg']
[2.176s] Level 1:colcon.colcon_core.package_identification:_identify(.) by extension 'colcon_pkg'
[2.177s] Level 1:colcon.colcon_core.package_identification:_identify(.) by extensions ['colcon_meta']
[2.177s] Level 1:colcon.colcon_core.package_identification:_identify(.) by extension 'colcon_meta'
[2.177s] Level 1:colcon.colcon_core.package_identification:_identify(.) by extensions ['ros']
[2.177s] Level 1:colcon.colcon_core.package_identification:_identify(.) by extension 'ros'
[2.215s] Level 1:colcon.colcon_core.package_identification:_identify(.) by extensions ['cmake', 'python']
[2.215s] Level 1:colcon.colcon_core.package_identification:_identify(.) by extension 'cmake'
[2.215s] Level 1:colcon.colcon_core.package_identification:_identify(.) by extension 'python'
[2.215s] Level 1:colcon.colcon_core.package_identification:_identify(.) by extensions ['python_setup_py']
[2.215s] Level 1:colcon.colcon_core.package_identification:_identify(.) by extension 'python_setup_py'
[2.215s] Level 1:colcon.colcon_core.package_identification:_identify(build) by extensions ['ignore', 'ignore_ament_install']
[2.216s] Level 1:colcon.colcon_core.package_identification:_identify(build) by extension 'ignore'
[2.216s] Level 1:colcon.colcon_core.package_identification:_identify(build) ignored
[2.216s] Level 1:colcon.colcon_core.package_identification:_identify(install) by extensions ['ignore', 'ignore_ament_install']
[2.216s] Level 1:colcon.colcon_core.package_identification:_identify(install) by extension 'ignore'
[2.216s] Level 1:colcon.colcon_core.package_identification:_identify(install) ignored
[2.217s] Level 1:colcon.colcon_core.package_identification:_identify(log) by extensions ['ignore', 'ignore_ament_install']
[2.217s] Level 1:colcon.colcon_core.package_identification:_identify(log) by extension 'ignore'
[2.217s] Level 1:colcon.colcon_core.package_identification:_identify(log) ignored
[2.217s] Level 1:colcon.colcon_core.package_identification:_identify(src) by extensions ['ignore', 'ignore_ament_install']
[2.217s] Level 1:colcon.colcon_core.package_identification:_identify(src) by extension 'ignore'
[2.218s] Level 1:colcon.colcon_core.package_identification:_identify(src) by extension 'ignore_ament_install'
[2.218s] Level 1:colcon.colcon_core.package_identification:_identify(src) by extensions ['colcon_pkg']
[2.218s] Level 1:colcon.colcon_core.package_identification:_identify(src) by extension 'colcon_pkg'
[2.218s] Level 1:colcon.colcon_core.package_identification:_identify(src) by extensions ['colcon_meta']
[2.218s] Level 1:colcon.colcon_core.package_identification:_identify(src) by extension 'colcon_meta'
[2.218s] Level 1:colcon.colcon_core.package_identification:_identify(src) by extensions ['ros']
[2.218s] Level 1:colcon.colcon_core.package_identification:_identify(src) by extension 'ros'
[2.218s] Level 1:colcon.colcon_core.package_identification:_identify(src) by extensions ['cmake', 'python']
[2.218s] Level 1:colcon.colcon_core.package_identification:_identify(src) by extension 'cmake'
[2.218s] Level 1:colcon.colcon_core.package_identification:_identify(src) by extension 'python'
[2.219s] Level 1:colcon.colcon_core.package_identification:_identify(src) by extensions ['python_setup_py']
[2.219s] Level 1:colcon.colcon_core.package_identification:_identify(src) by extension 'python_setup_py'
[2.219s] Level 1:colcon.colcon_core.package_identification:_identify(src/custom_msg_ros2) by extensions ['ignore', 'ignore_ament_install']
[2.219s] Level 1:colcon.colcon_core.package_identification:_identify(src/custom_msg_ros2) by extension 'ignore'
[2.219s] Level 1:colcon.colcon_core.package_identification:_identify(src/custom_msg_ros2) by extension 'ignore_ament_install'
[2.219s] Level 1:colcon.colcon_core.package_identification:_identify(src/custom_msg_ros2) by extensions ['colcon_pkg']
[2.219s] Level 1:colcon.colcon_core.package_identification:_identify(src/custom_msg_ros2) by extension 'colcon_pkg'
[2.220s] Level 1:colcon.colcon_core.package_identification:_identify(src/custom_msg_ros2) by extensions ['colcon_meta']
[2.220s] Level 1:colcon.colcon_core.package_identification:_identify(src/custom_msg_ros2) by extension 'colcon_meta'
[2.220s] Level 1:colcon.colcon_core.package_identification:_identify(src/custom_msg_ros2) by extensions ['ros']
[2.220s] Level 1:colcon.colcon_core.package_identification:_identify(src/custom_msg_ros2) by extension 'ros'
[2.227s] DEBUG:colcon.colcon_core.package_identification:Package 'src/custom_msg_ros2' with type 'ros.ament_cmake' and name 'custom_msg_ros2'
[2.227s] Level 1:colcon.colcon_core.package_discovery:discover_packages(recursive) using defaults
[2.227s] Level 1:colcon.colcon_core.package_discovery:discover_packages(ignore) discover
[2.227s] Level 1:colcon.colcon_core.package_discovery:discover_packages(ignore) using defaults
[2.227s] Level 1:colcon.colcon_core.package_discovery:discover_packages(path) discover
[2.227s] Level 1:colcon.colcon_core.package_discovery:discover_packages(path) using defaults
[2.414s] Level 5:colcon.colcon_core.verb:set package 'custom_msg_ros2' build argument 'cmake_args' from command line to 'None'
[2.414s] Level 5:colcon.colcon_core.verb:set package 'custom_msg_ros2' build argument 'cmake_target' from command line to 'None'
[2.414s] Level 5:colcon.colcon_core.verb:set package 'custom_msg_ros2' build argument 'cmake_target_skip_unavailable' from command line to 'False'
[2.414s] Level 5:colcon.colcon_core.verb:set package 'custom_msg_ros2' build argument 'cmake_clean_cache' from command line to 'False'
[2.414s] Level 5:colcon.colcon_core.verb:set package 'custom_msg_ros2' build argument 'cmake_clean_first' from command line to 'False'
[2.414s] Level 5:colcon.colcon_core.verb:set package 'custom_msg_ros2' build argument 'cmake_force_configure' from command line to 'False'
[2.414s] Level 5:colcon.colcon_core.verb:set package 'custom_msg_ros2' build argument 'ament_cmake_args' from command line to 'None'
[2.414s] Level 5:colcon.colcon_core.verb:set package 'custom_msg_ros2' build argument 'catkin_cmake_args' from command line to 'None'
[2.414s] Level 5:colcon.colcon_core.verb:set package 'custom_msg_ros2' build argument 'catkin_skip_building_tests' from command line to 'False'
[2.414s] DEBUG:colcon.colcon_core.verb:Building package 'custom_msg_ros2' with the following arguments: {'ament_cmake_args': None, 'build_base': '/ws_ros2/build/custom_msg_ros2', 'catkin_cmake_args': None, 'catkin_skip_building_tests': False, 'cmake_args': None, 'cmake_clean_cache': False, 'cmake_clean_first': False, 'cmake_force_configure': False, 'cmake_target': None, 'cmake_target_skip_unavailable': False, 'install_base': '/ws_ros2/install/custom_msg_ros2', 'merge_install': False, 'path': '/ws_ros2/src/custom_msg_ros2', 'symlink_install': False, 'test_result_base': None}
[2.418s] INFO:colcon.colcon_core.executor:Executing jobs using 'parallel' executor
[2.446s] DEBUG:colcon.colcon_parallel_executor.executor.parallel:run_until_complete
[2.446s] INFO:colcon.colcon_ros.task.ament_cmake.build:Building ROS package in '/ws_ros2/src/custom_msg_ros2' with build type 'ament_cmake'
[2.446s] INFO:colcon.colcon_cmake.task.cmake.build:Building CMake package in '/ws_ros2/src/custom_msg_ros2'
[2.480s] INFO:colcon.colcon_core.plugin_system:Skipping extension 'colcon_core.shell.bat': Not used on non-Windows systems
[2.481s] INFO:colcon.colcon_core.shell:Skip shell extension 'powershell' for command environment: Not usable outside of PowerShell
[2.481s] DEBUG:colcon.colcon_core.shell:Skip shell extension 'dsv' for command environment
[2.619s] DEBUG:colcon.colcon_core.event_handler.log_command:Invoking command in '/ws_ros2/build/custom_msg_ros2': CMAKE_PREFIX_PATH=${CMAKE_PREFIX_PATH}:/ros2_humble/install/rqt_bag_plugins:/ros2_humble/install/rqt_bag:/ros2_humble/install/ros2bag:/ros2_humble/install/tracetools_test:/ros2_humble/install/tracetools_launch:/ros2_humble/install/topic_monitor:/ros2_humble/install/tf2_tools:/ros2_humble/install/examples_tf2_py:/ros2_humble/install/tf2_ros_py:/ros2_humble/install/sros2:/ros2_humble/install/rqt_topic:/ros2_humble/install/rqt_srv:/ros2_humble/install/rqt_shell:/ros2_humble/install/rqt_service_caller:/ros2_humble/install/rqt_reconfigure:/ros2_humble/install/rqt_py_console:/ros2_humble/install/rqt_publisher:/ros2_humble/install/rqt_plot:/ros2_humble/install/rqt_action:/ros2_humble/install/rqt_msg:/ros2_humble/install/rqt_console:/ros2_humble/install/rqt:/ros2_humble/install/rqt_graph:/ros2_humble/install/rqt_gui_py:/ros2_humble/install/rqt_gui:/ros2_humble/install/ros2trace:/ros2_humble/install/ros2topic:/ros2_humble/install/ros2test:/ros2_humble/install/ros2component:/ros2_humble/install/ros2param:/ros2_humble/install/ros2lifecycle:/ros2_humble/install/ros2service:/ros2_humble/install/ros2run:/ros2_humble/install/ros2launch:/ros2_humble/install/ros2pkg:/ros2_humble/install/ros2node:/ros2_humble/install/ros2multicast:/ros2_humble/install/ros2interface:/ros2_humble/install/ros2doctor:/ros2_humble/install/ros2action:/ros2_humble/install/ros2cli:/ros2_humble/install/quality_of_service_demo_py:/ros2_humble/install/lifecycle_py:/ros2_humble/install/launch_testing_ros:/ros2_humble/install/launch_ros:/ros2_humble/install/examples_rclpy_pointcloud_publisher:/ros2_humble/install/examples_rclpy_minimal_subscriber:/ros2_humble/install/examples_rclpy_minimal_service:/ros2_humble/install/examples_rclpy_minimal_publisher:/ros2_humble/install/examples_rclpy_minimal_client:/ros2_humble/install/examples_rclpy_minimal_action_server:/ros2_humble/install/examples_rclpy_minimal_action_client:/ros2_humble/install/examples_rclpy_guard_conditions:/ros2_humble/install/examples_rclpy_executors:/ros2_humble/install/demo_nodes_py:/ros2_humble/install/action_tutorials_py:/ros2_humble/install/ament_uncrustify:/ros2_humble/install/tracetools_trace:/ros2_humble/install/tracetools_read:/ros2_humble/install/test_tracetools_launch:/ros2_humble/install/test_launch_ros:/ros2_humble/install/sensor_msgs_py:/ros2_humble/install/rpyutils:/ros2_humble/install/rosidl_runtime_py:/ros2_humble/install/rosidl_cli:/ros2_humble/install/launch_pytest:/ros2_humble/install/launch_testing:/ros2_humble/install/launch_yaml:/ros2_humble/install/launch_xml:/ros2_humble/install/launch:/ros2_humble/install/osrf_pycommon:/ros2_humble/install/launch_testing_examples:/ros2_humble/install/domain_coordinator:/ros2_humble/install/ament_xmllint:/ros2_humble/install/ament_pyflakes:/ros2_humble/install/ament_pycodestyle:/ros2_humble/install/ament_pep257:/ros2_humble/install/ament_pclint:/ros2_humble/install/ament_package:/ros2_humble/install/ament_mypy:/ros2_humble/install/ament_lint_cmake:/ros2_humble/install/ament_flake8:/ros2_humble/install/ament_copyright:/ros2_humble/install/ament_lint:/ros2_humble/install/ament_index_python:/ros2_humble/install/ament_cpplint:/ros2_humble/install/ament_cppcheck:/ros2_humble/install/ament_clang_tidy:/ros2_humble/install/ament_clang_format /usr/bin/cmake /ws_ros2/src/custom_msg_ros2 -DCMAKE_INSTALL_PREFIX=/ws_ros2/install/custom_msg_ros2
[7.283s] DEBUG:colcon.colcon_core.event_handler.log_command:Invoked command in '/ws_ros2/build/custom_msg_ros2' returned '1': CMAKE_PREFIX_PATH=${CMAKE_PREFIX_PATH}:/ros2_humble/install/rqt_bag_plugins:/ros2_humble/install/rqt_bag:/ros2_humble/install/ros2bag:/ros2_humble/install/tracetools_test:/ros2_humble/install/tracetools_launch:/ros2_humble/install/topic_monitor:/ros2_humble/install/tf2_tools:/ros2_humble/install/examples_tf2_py:/ros2_humble/install/tf2_ros_py:/ros2_humble/install/sros2:/ros2_humble/install/rqt_topic:/ros2_humble/install/rqt_srv:/ros2_humble/install/rqt_shell:/ros2_humble/install/rqt_service_caller:/ros2_humble/install/rqt_reconfigure:/ros2_humble/install/rqt_py_console:/ros2_humble/install/rqt_publisher:/ros2_humble/install/rqt_plot:/ros2_humble/install/rqt_action:/ros2_humble/install/rqt_msg:/ros2_humble/install/rqt_console:/ros2_humble/install/rqt:/ros2_humble/install/rqt_graph:/ros2_humble/install/rqt_gui_py:/ros2_humble/install/rqt_gui:/ros2_humble/install/ros2trace:/ros2_humble/install/ros2topic:/ros2_humble/install/ros2test:/ros2_humble/install/ros2component:/ros2_humble/install/ros2param:/ros2_humble/install/ros2lifecycle:/ros2_humble/install/ros2service:/ros2_humble/install/ros2run:/ros2_humble/install/ros2launch:/ros2_humble/install/ros2pkg:/ros2_humble/install/ros2node:/ros2_humble/install/ros2multicast:/ros2_humble/install/ros2interface:/ros2_humble/install/ros2doctor:/ros2_humble/install/ros2action:/ros2_humble/install/ros2cli:/ros2_humble/install/quality_of_service_demo_py:/ros2_humble/install/lifecycle_py:/ros2_humble/install/launch_testing_ros:/ros2_humble/install/launch_ros:/ros2_humble/install/examples_rclpy_pointcloud_publisher:/ros2_humble/install/examples_rclpy_minimal_subscriber:/ros2_humble/install/examples_rclpy_minimal_service:/ros2_humble/install/examples_rclpy_minimal_publisher:/ros2_humble/install/examples_rclpy_minimal_client:/ros2_humble/install/examples_rclpy_minimal_action_server:/ros2_humble/install/examples_rclpy_minimal_action_client:/ros2_humble/install/examples_rclpy_guard_conditions:/ros2_humble/install/examples_rclpy_executors:/ros2_humble/install/demo_nodes_py:/ros2_humble/install/action_tutorials_py:/ros2_humble/install/ament_uncrustify:/ros2_humble/install/tracetools_trace:/ros2_humble/install/tracetools_read:/ros2_humble/install/test_tracetools_launch:/ros2_humble/install/test_launch_ros:/ros2_humble/install/sensor_msgs_py:/ros2_humble/install/rpyutils:/ros2_humble/install/rosidl_runtime_py:/ros2_humble/install/rosidl_cli:/ros2_humble/install/launch_pytest:/ros2_humble/install/launch_testing:/ros2_humble/install/launch_yaml:/ros2_humble/install/launch_xml:/ros2_humble/install/launch:/ros2_humble/install/osrf_pycommon:/ros2_humble/install/launch_testing_examples:/ros2_humble/install/domain_coordinator:/ros2_humble/install/ament_xmllint:/ros2_humble/install/ament_pyflakes:/ros2_humble/install/ament_pycodestyle:/ros2_humble/install/ament_pep257:/ros2_humble/install/ament_pclint:/ros2_humble/install/ament_package:/ros2_humble/install/ament_mypy:/ros2_humble/install/ament_lint_cmake:/ros2_humble/install/ament_flake8:/ros2_humble/install/ament_copyright:/ros2_humble/install/ament_lint:/ros2_humble/install/ament_index_python:/ros2_humble/install/ament_cpplint:/ros2_humble/install/ament_cppcheck:/ros2_humble/install/ament_clang_tidy:/ros2_humble/install/ament_clang_format /usr/bin/cmake /ws_ros2/src/custom_msg_ros2 -DCMAKE_INSTALL_PREFIX=/ws_ros2/install/custom_msg_ros2
[7.347s] Level 1:colcon.colcon_core.environment:create_environment_scripts_only(custom_msg_ros2)
[7.383s] Level 1:colcon.colcon_core.environment:checking '/ws_ros2/install/custom_msg_ros2' for CMake module files
[7.384s] Level 1:colcon.colcon_core.environment:checking '/ws_ros2/install/custom_msg_ros2' for CMake config files
[7.385s] Level 1:colcon.colcon_core.environment:checking '/ws_ros2/install/custom_msg_ros2/bin'
[7.385s] Level 1:colcon.colcon_core.environment:checking '/ws_ros2/install/custom_msg_ros2/lib/pkgconfig/custom_msg_ros2.pc'
[7.395s] Level 1:colcon.colcon_core.environment:checking '/ws_ros2/install/custom_msg_ros2/lib/python3.10/site-packages'
[7.396s] Level 1:colcon.colcon_core.environment:checking '/ws_ros2/install/custom_msg_ros2/bin'
[7.408s] INFO:colcon.colcon_core.shell:Creating package script '/ws_ros2/install/custom_msg_ros2/share/custom_msg_ros2/package.ps1'
[7.410s] INFO:colcon.colcon_core.shell:Creating package descriptor '/ws_ros2/install/custom_msg_ros2/share/custom_msg_ros2/package.dsv'
[7.411s] INFO:colcon.colcon_core.shell:Creating package script '/ws_ros2/install/custom_msg_ros2/share/custom_msg_ros2/package.sh'
[7.413s] INFO:colcon.colcon_core.shell:Creating package script '/ws_ros2/install/custom_msg_ros2/share/custom_msg_ros2/package.bash'
[7.416s] INFO:colcon.colcon_core.shell:Creating package script '/ws_ros2/install/custom_msg_ros2/share/custom_msg_ros2/package.zsh'
[7.418s] Level 1:colcon.colcon_core.environment:create_file_with_runtime_dependencies(/ws_ros2/install/custom_msg_ros2/share/colcon-core/packages/custom_msg_ros2)
[7.421s] DEBUG:colcon.colcon_parallel_executor.executor.parallel:closing loop
[7.422s] DEBUG:colcon.colcon_parallel_executor.executor.parallel:loop closed
[7.422s] DEBUG:colcon.colcon_parallel_executor.executor.parallel:run_until_complete finished with '1'
[7.422s] DEBUG:colcon.colcon_core.event_reactor:joining thread
[7.471s] INFO:colcon.colcon_core.plugin_system:Skipping extension 'colcon_notification.desktop_notification.notify_send': Could not find 'notify-send'
[7.471s] INFO:colcon.colcon_core.plugin_system:Skipping extension 'colcon_notification.desktop_notification.terminal_notifier': Not used on non-Darwin systems
[7.472s] INFO:colcon.colcon_core.plugin_system:Skipping extension 'colcon_notification.desktop_notification.win32': Not used on non-Windows systems
[7.472s] INFO:colcon.colcon_notification.desktop_notification:Sending desktop notification using 'notify2'
[7.479s] DEBUG:colcon.colcon_notification.desktop_notification.notify2:Failed to initialize notify2: org.freedesktop.DBus.Error.Spawn.ExecFailed: /usr/bin/dbus-launch terminated abnormally without any error message
[7.479s] DEBUG:colcon.colcon_core.event_reactor:joined thread
[7.494s] INFO:colcon.colcon_core.shell:Creating prefix script '/ws_ros2/install/local_setup.ps1'
[7.497s] INFO:colcon.colcon_core.shell:Creating prefix util module '/ws_ros2/install/_local_setup_util_ps1.py'
[7.501s] INFO:colcon.colcon_core.shell:Creating prefix chain script '/ws_ros2/install/setup.ps1'
[7.556s] INFO:colcon.colcon_core.shell:Creating prefix script '/ws_ros2/install/local_setup.sh'
[7.557s] INFO:colcon.colcon_core.shell:Creating prefix util module '/ws_ros2/install/_local_setup_util_sh.py'
[7.559s] INFO:colcon.colcon_core.shell:Creating prefix chain script '/ws_ros2/install/setup.sh'
[7.611s] INFO:colcon.colcon_core.shell:Creating prefix script '/ws_ros2/install/local_setup.bash'
[7.612s] INFO:colcon.colcon_core.shell:Creating prefix chain script '/ws_ros2/install/setup.bash'
[7.669s] INFO:colcon.colcon_core.shell:Creating prefix script '/ws_ros2/install/local_setup.zsh'
[7.670s] INFO:colcon.colcon_core.shell:Creating prefix chain script '/ws_ros2/install/setup.zsh'
