[0.158s] Invoking command in '/ws_ros2/build/custom_msg_ros2': CMAKE_PREFIX_PATH=${CMAKE_PREFIX_PATH}:/ros2_humble/install/rqt_bag_plugins:/ros2_humble/install/rqt_bag:/ros2_humble/install/ros2bag:/ros2_humble/install/tracetools_test:/ros2_humble/install/tracetools_launch:/ros2_humble/install/topic_monitor:/ros2_humble/install/tf2_tools:/ros2_humble/install/examples_tf2_py:/ros2_humble/install/tf2_ros_py:/ros2_humble/install/sros2:/ros2_humble/install/rqt_topic:/ros2_humble/install/rqt_srv:/ros2_humble/install/rqt_shell:/ros2_humble/install/rqt_service_caller:/ros2_humble/install/rqt_reconfigure:/ros2_humble/install/rqt_py_console:/ros2_humble/install/rqt_publisher:/ros2_humble/install/rqt_plot:/ros2_humble/install/rqt_action:/ros2_humble/install/rqt_msg:/ros2_humble/install/rqt_console:/ros2_humble/install/rqt:/ros2_humble/install/rqt_graph:/ros2_humble/install/rqt_gui_py:/ros2_humble/install/rqt_gui:/ros2_humble/install/ros2trace:/ros2_humble/install/ros2topic:/ros2_humble/install/ros2test:/ros2_humble/install/ros2component:/ros2_humble/install/ros2param:/ros2_humble/install/ros2lifecycle:/ros2_humble/install/ros2service:/ros2_humble/install/ros2run:/ros2_humble/install/ros2launch:/ros2_humble/install/ros2pkg:/ros2_humble/install/ros2node:/ros2_humble/install/ros2multicast:/ros2_humble/install/ros2interface:/ros2_humble/install/ros2doctor:/ros2_humble/install/ros2action:/ros2_humble/install/ros2cli:/ros2_humble/install/quality_of_service_demo_py:/ros2_humble/install/lifecycle_py:/ros2_humble/install/launch_testing_ros:/ros2_humble/install/launch_ros:/ros2_humble/install/examples_rclpy_pointcloud_publisher:/ros2_humble/install/examples_rclpy_minimal_subscriber:/ros2_humble/install/examples_rclpy_minimal_service:/ros2_humble/install/examples_rclpy_minimal_publisher:/ros2_humble/install/examples_rclpy_minimal_client:/ros2_humble/install/examples_rclpy_minimal_action_server:/ros2_humble/install/examples_rclpy_minimal_action_client:/ros2_humble/install/examples_rclpy_guard_conditions:/ros2_humble/install/examples_rclpy_executors:/ros2_humble/install/demo_nodes_py:/ros2_humble/install/action_tutorials_py:/ros2_humble/install/ament_uncrustify:/ros2_humble/install/tracetools_trace:/ros2_humble/install/tracetools_read:/ros2_humble/install/test_tracetools_launch:/ros2_humble/install/test_launch_ros:/ros2_humble/install/sensor_msgs_py:/ros2_humble/install/rpyutils:/ros2_humble/install/rosidl_runtime_py:/ros2_humble/install/rosidl_cli:/ros2_humble/install/launch_pytest:/ros2_humble/install/launch_testing:/ros2_humble/install/launch_yaml:/ros2_humble/install/launch_xml:/ros2_humble/install/launch:/ros2_humble/install/osrf_pycommon:/ros2_humble/install/launch_testing_examples:/ros2_humble/install/domain_coordinator:/ros2_humble/install/ament_xmllint:/ros2_humble/install/ament_pyflakes:/ros2_humble/install/ament_pycodestyle:/ros2_humble/install/ament_pep257:/ros2_humble/install/ament_pclint:/ros2_humble/install/ament_package:/ros2_humble/install/ament_mypy:/ros2_humble/install/ament_lint_cmake:/ros2_humble/install/ament_flake8:/ros2_humble/install/ament_copyright:/ros2_humble/install/ament_lint:/ros2_humble/install/ament_index_python:/ros2_humble/install/ament_cpplint:/ros2_humble/install/ament_cppcheck:/ros2_humble/install/ament_clang_tidy:/ros2_humble/install/ament_clang_format /usr/bin/cmake --build /ws_ros2/build/custom_msg_ros2 -- -j4 -l4
[0.328s] -- Found ament_cmake: 1.3.5 (/ros2_humble/install/ament_cmake/share/ament_cmake/cmake)
[1.491s] -- Found rclcpp: 16.0.4 (/ros2_humble/install/rclcpp/share/rclcpp/cmake)
[1.573s] -- Found rosidl_generator_c: 3.1.4 (/ros2_humble/install/rosidl_generator_c/share/rosidl_generator_c/cmake)
[1.580s] -- Found rosidl_adapter: 3.1.4 (/ros2_humble/install/rosidl_adapter/share/rosidl_adapter/cmake)
[1.595s] -- Found rosidl_generator_cpp: 3.1.4 (/ros2_humble/install/rosidl_generator_cpp/share/rosidl_generator_cpp/cmake)
[1.698s] -- Using all available rosidl_typesupport_c: rosidl_typesupport_introspection_c;rosidl_typesupport_fastrtps_c
[1.786s] -- Using all available rosidl_typesupport_cpp: rosidl_typesupport_introspection_cpp;rosidl_typesupport_fastrtps_cpp
[1.950s] -- Found rmw_implementation_cmake: 6.1.1 (/ros2_humble/install/rmw_implementation_cmake/share/rmw_implementation_cmake/cmake)
[1.991s] -- Found rmw_fastrtps_cpp: 6.2.2 (/ros2_humble/install/rmw_fastrtps_cpp/share/rmw_fastrtps_cpp/cmake)
[2.621s] -- Using RMW implementation 'rmw_fastrtps_cpp' as default
[3.041s] -- Found rosidl_default_generators: 1.2.0 (/ros2_humble/install/rosidl_default_generators/share/rosidl_default_generators/cmake)
[5.059s] -- Found ament_cmake_ros: 0.10.0 (/ros2_humble/install/ament_cmake_ros/share/ament_cmake_ros/cmake)
[7.325s] -- Using all available rosidl_typesupport_c: rosidl_typesupport_introspection_c;rosidl_typesupport_fastrtps_c
[8.170s] -- Using all available rosidl_typesupport_cpp: rosidl_typesupport_introspection_cpp;rosidl_typesupport_fastrtps_cpp
[8.387s] -- Found python_cmake_module: 0.10.0 (/ros2_humble/install/python_cmake_module/share/python_cmake_module/cmake)
[8.534s] -- Using PYTHON_EXECUTABLE: /usr/bin/python3
[8.534s] -- Using PYTHON_INCLUDE_DIRS: /usr/include/python3.10
[8.534s] -- Using PYTHON_LIBRARIES: /usr/lib/x86_64-linux-gnu/libpython3.10.so
[9.078s] -- Found ament_lint_auto: 0.12.6 (/ros2_humble/install/ament_lint_auto/share/ament_lint_auto/cmake)
[9.102s] -- Added test 'lint_cmake' to check CMake code style
[9.105s] -- Added test 'xmllint' to check XML markup files
[9.110s] -- Configuring done
[9.266s] -- Generating done
[9.277s] -- Build files have been written to: /ws_ros2/build/custom_msg_ros2
[9.411s] [35m[1mConsolidate compiler generated dependencies of target custom_msg_ros2__rosidl_generator_c[0m
[9.486s] [  9%] Built target custom_msg_ros2__rosidl_generator_c
[9.495s] [ 12%] Built target custom_msg_ros2__cpp
[9.593s] [35m[1mConsolidate compiler generated dependencies of target custom_msg_ros2__rosidl_typesupport_fastrtps_c[0m
[9.599s] [35m[1mConsolidate compiler generated dependencies of target custom_msg_ros2__rosidl_typesupport_c[0m
[9.657s] [ 12%] Built target ament_cmake_python_copy_custom_msg_ros2
[9.687s] [35m[1mConsolidate compiler generated dependencies of target custom_msg_ros2__rosidl_typesupport_introspection_c[0m
[9.715s] [ 22%] Built target custom_msg_ros2__rosidl_typesupport_c
[9.738s] [35m[1mConsolidate compiler generated dependencies of target custom_msg_ros2__rosidl_typesupport_introspection_cpp[0m
[9.798s] [ 32%] Built target custom_msg_ros2__rosidl_typesupport_introspection_c
[9.834s] [ 41%] Built target custom_msg_ros2__rosidl_typesupport_fastrtps_c
[9.887s] [ 51%] Built target custom_msg_ros2__rosidl_typesupport_introspection_cpp
[9.904s] [35m[1mConsolidate compiler generated dependencies of target custom_msg_ros2__rosidl_typesupport_cpp[0m
[9.909s] [35m[1mConsolidate compiler generated dependencies of target custom_msg_ros2__rosidl_typesupport_fastrtps_cpp[0m
[9.991s] [ 61%] Built target custom_msg_ros2__rosidl_typesupport_cpp
[9.993s] [ 70%] Built target custom_msg_ros2__rosidl_typesupport_fastrtps_cpp
[10.137s] [ 70%] Built target custom_msg_ros2
[10.262s] [ 74%] Built target custom_msg_ros2__py
[10.324s] [35m[1mConsolidate compiler generated dependencies of target custom_msg_ros2__rosidl_generator_py[0m
[10.392s] [ 80%] Built target custom_msg_ros2__rosidl_generator_py
[10.480s] [35m[1mConsolidate compiler generated dependencies of target custom_msg_ros2__rosidl_typesupport_c__pyext[0m
[10.494s] [35m[1mConsolidate compiler generated dependencies of target custom_msg_ros2__rosidl_typesupport_fastrtps_c__pyext[0m
[10.508s] [35m[1mConsolidate compiler generated dependencies of target custom_msg_ros2__rosidl_typesupport_introspection_c__pyext[0m
[10.590s] [ 87%] Built target custom_msg_ros2__rosidl_typesupport_fastrtps_c__pyext
[10.590s] [ 93%] Built target custom_msg_ros2__rosidl_typesupport_c__pyext
[10.627s] [100%] Built target custom_msg_ros2__rosidl_typesupport_introspection_c__pyext
[11.126s] running egg_info
[11.128s] writing custom_msg_ros2.egg-info/PKG-INFO
[11.128s] writing dependency_links to custom_msg_ros2.egg-info/dependency_links.txt
[11.128s] writing top-level names to custom_msg_ros2.egg-info/top_level.txt
[11.132s] reading manifest file 'custom_msg_ros2.egg-info/SOURCES.txt'
[11.155s] writing manifest file 'custom_msg_ros2.egg-info/SOURCES.txt'
[11.230s] [100%] Built target ament_cmake_python_build_custom_msg_ros2_egg
[11.296s] Invoked command in '/ws_ros2/build/custom_msg_ros2' returned '0': CMAKE_PREFIX_PATH=${CMAKE_PREFIX_PATH}:/ros2_humble/install/rqt_bag_plugins:/ros2_humble/install/rqt_bag:/ros2_humble/install/ros2bag:/ros2_humble/install/tracetools_test:/ros2_humble/install/tracetools_launch:/ros2_humble/install/topic_monitor:/ros2_humble/install/tf2_tools:/ros2_humble/install/examples_tf2_py:/ros2_humble/install/tf2_ros_py:/ros2_humble/install/sros2:/ros2_humble/install/rqt_topic:/ros2_humble/install/rqt_srv:/ros2_humble/install/rqt_shell:/ros2_humble/install/rqt_service_caller:/ros2_humble/install/rqt_reconfigure:/ros2_humble/install/rqt_py_console:/ros2_humble/install/rqt_publisher:/ros2_humble/install/rqt_plot:/ros2_humble/install/rqt_action:/ros2_humble/install/rqt_msg:/ros2_humble/install/rqt_console:/ros2_humble/install/rqt:/ros2_humble/install/rqt_graph:/ros2_humble/install/rqt_gui_py:/ros2_humble/install/rqt_gui:/ros2_humble/install/ros2trace:/ros2_humble/install/ros2topic:/ros2_humble/install/ros2test:/ros2_humble/install/ros2component:/ros2_humble/install/ros2param:/ros2_humble/install/ros2lifecycle:/ros2_humble/install/ros2service:/ros2_humble/install/ros2run:/ros2_humble/install/ros2launch:/ros2_humble/install/ros2pkg:/ros2_humble/install/ros2node:/ros2_humble/install/ros2multicast:/ros2_humble/install/ros2interface:/ros2_humble/install/ros2doctor:/ros2_humble/install/ros2action:/ros2_humble/install/ros2cli:/ros2_humble/install/quality_of_service_demo_py:/ros2_humble/install/lifecycle_py:/ros2_humble/install/launch_testing_ros:/ros2_humble/install/launch_ros:/ros2_humble/install/examples_rclpy_pointcloud_publisher:/ros2_humble/install/examples_rclpy_minimal_subscriber:/ros2_humble/install/examples_rclpy_minimal_service:/ros2_humble/install/examples_rclpy_minimal_publisher:/ros2_humble/install/examples_rclpy_minimal_client:/ros2_humble/install/examples_rclpy_minimal_action_server:/ros2_humble/install/examples_rclpy_minimal_action_client:/ros2_humble/install/examples_rclpy_guard_conditions:/ros2_humble/install/examples_rclpy_executors:/ros2_humble/install/demo_nodes_py:/ros2_humble/install/action_tutorials_py:/ros2_humble/install/ament_uncrustify:/ros2_humble/install/tracetools_trace:/ros2_humble/install/tracetools_read:/ros2_humble/install/test_tracetools_launch:/ros2_humble/install/test_launch_ros:/ros2_humble/install/sensor_msgs_py:/ros2_humble/install/rpyutils:/ros2_humble/install/rosidl_runtime_py:/ros2_humble/install/rosidl_cli:/ros2_humble/install/launch_pytest:/ros2_humble/install/launch_testing:/ros2_humble/install/launch_yaml:/ros2_humble/install/launch_xml:/ros2_humble/install/launch:/ros2_humble/install/osrf_pycommon:/ros2_humble/install/launch_testing_examples:/ros2_humble/install/domain_coordinator:/ros2_humble/install/ament_xmllint:/ros2_humble/install/ament_pyflakes:/ros2_humble/install/ament_pycodestyle:/ros2_humble/install/ament_pep257:/ros2_humble/install/ament_pclint:/ros2_humble/install/ament_package:/ros2_humble/install/ament_mypy:/ros2_humble/install/ament_lint_cmake:/ros2_humble/install/ament_flake8:/ros2_humble/install/ament_copyright:/ros2_humble/install/ament_lint:/ros2_humble/install/ament_index_python:/ros2_humble/install/ament_cpplint:/ros2_humble/install/ament_cppcheck:/ros2_humble/install/ament_clang_tidy:/ros2_humble/install/ament_clang_format /usr/bin/cmake --build /ws_ros2/build/custom_msg_ros2 -- -j4 -l4
[11.802s] Invoking command in '/ws_ros2/build/custom_msg_ros2': CMAKE_PREFIX_PATH=${CMAKE_PREFIX_PATH}:/ros2_humble/install/rqt_bag_plugins:/ros2_humble/install/rqt_bag:/ros2_humble/install/ros2bag:/ros2_humble/install/tracetools_test:/ros2_humble/install/tracetools_launch:/ros2_humble/install/topic_monitor:/ros2_humble/install/tf2_tools:/ros2_humble/install/examples_tf2_py:/ros2_humble/install/tf2_ros_py:/ros2_humble/install/sros2:/ros2_humble/install/rqt_topic:/ros2_humble/install/rqt_srv:/ros2_humble/install/rqt_shell:/ros2_humble/install/rqt_service_caller:/ros2_humble/install/rqt_reconfigure:/ros2_humble/install/rqt_py_console:/ros2_humble/install/rqt_publisher:/ros2_humble/install/rqt_plot:/ros2_humble/install/rqt_action:/ros2_humble/install/rqt_msg:/ros2_humble/install/rqt_console:/ros2_humble/install/rqt:/ros2_humble/install/rqt_graph:/ros2_humble/install/rqt_gui_py:/ros2_humble/install/rqt_gui:/ros2_humble/install/ros2trace:/ros2_humble/install/ros2topic:/ros2_humble/install/ros2test:/ros2_humble/install/ros2component:/ros2_humble/install/ros2param:/ros2_humble/install/ros2lifecycle:/ros2_humble/install/ros2service:/ros2_humble/install/ros2run:/ros2_humble/install/ros2launch:/ros2_humble/install/ros2pkg:/ros2_humble/install/ros2node:/ros2_humble/install/ros2multicast:/ros2_humble/install/ros2interface:/ros2_humble/install/ros2doctor:/ros2_humble/install/ros2action:/ros2_humble/install/ros2cli:/ros2_humble/install/quality_of_service_demo_py:/ros2_humble/install/lifecycle_py:/ros2_humble/install/launch_testing_ros:/ros2_humble/install/launch_ros:/ros2_humble/install/examples_rclpy_pointcloud_publisher:/ros2_humble/install/examples_rclpy_minimal_subscriber:/ros2_humble/install/examples_rclpy_minimal_service:/ros2_humble/install/examples_rclpy_minimal_publisher:/ros2_humble/install/examples_rclpy_minimal_client:/ros2_humble/install/examples_rclpy_minimal_action_server:/ros2_humble/install/examples_rclpy_minimal_action_client:/ros2_humble/install/examples_rclpy_guard_conditions:/ros2_humble/install/examples_rclpy_executors:/ros2_humble/install/demo_nodes_py:/ros2_humble/install/action_tutorials_py:/ros2_humble/install/ament_uncrustify:/ros2_humble/install/tracetools_trace:/ros2_humble/install/tracetools_read:/ros2_humble/install/test_tracetools_launch:/ros2_humble/install/test_launch_ros:/ros2_humble/install/sensor_msgs_py:/ros2_humble/install/rpyutils:/ros2_humble/install/rosidl_runtime_py:/ros2_humble/install/rosidl_cli:/ros2_humble/install/launch_pytest:/ros2_humble/install/launch_testing:/ros2_humble/install/launch_yaml:/ros2_humble/install/launch_xml:/ros2_humble/install/launch:/ros2_humble/install/osrf_pycommon:/ros2_humble/install/launch_testing_examples:/ros2_humble/install/domain_coordinator:/ros2_humble/install/ament_xmllint:/ros2_humble/install/ament_pyflakes:/ros2_humble/install/ament_pycodestyle:/ros2_humble/install/ament_pep257:/ros2_humble/install/ament_pclint:/ros2_humble/install/ament_package:/ros2_humble/install/ament_mypy:/ros2_humble/install/ament_lint_cmake:/ros2_humble/install/ament_flake8:/ros2_humble/install/ament_copyright:/ros2_humble/install/ament_lint:/ros2_humble/install/ament_index_python:/ros2_humble/install/ament_cpplint:/ros2_humble/install/ament_cppcheck:/ros2_humble/install/ament_clang_tidy:/ros2_humble/install/ament_clang_format /usr/bin/cmake --install /ws_ros2/build/custom_msg_ros2
[11.828s] -- Install configuration: ""
[11.829s] -- Up-to-date: /ws_ros2/install/custom_msg_ros2/share/ament_index/resource_index/rosidl_interfaces/custom_msg_ros2
[11.829s] -- Up-to-date: /ws_ros2/install/custom_msg_ros2/include/custom_msg_ros2/custom_msg_ros2
[11.829s] -- Up-to-date: /ws_ros2/install/custom_msg_ros2/include/custom_msg_ros2/custom_msg_ros2/msg
[11.829s] -- Up-to-date: /ws_ros2/install/custom_msg_ros2/include/custom_msg_ros2/custom_msg_ros2/msg/detail
[11.830s] -- Up-to-date: /ws_ros2/install/custom_msg_ros2/include/custom_msg_ros2/custom_msg_ros2/msg/detail/custom_message__functions.h
[11.830s] -- Up-to-date: /ws_ros2/install/custom_msg_ros2/include/custom_msg_ros2/custom_msg_ros2/msg/detail/custom_message__struct.h
[11.830s] -- Up-to-date: /ws_ros2/install/custom_msg_ros2/include/custom_msg_ros2/custom_msg_ros2/msg/detail/custom_message__type_support.h
[11.830s] -- Up-to-date: /ws_ros2/install/custom_msg_ros2/include/custom_msg_ros2/custom_msg_ros2/msg/detail/custom_message__functions.c
[11.830s] -- Up-to-date: /ws_ros2/install/custom_msg_ros2/include/custom_msg_ros2/custom_msg_ros2/msg/rosidl_generator_c__visibility_control.h
[11.830s] -- Up-to-date: /ws_ros2/install/custom_msg_ros2/include/custom_msg_ros2/custom_msg_ros2/msg/custom_message.h
[11.831s] -- Up-to-date: /ws_ros2/install/custom_msg_ros2/share/custom_msg_ros2/environment/library_path.sh
[11.831s] -- Installing: /ws_ros2/install/custom_msg_ros2/share/custom_msg_ros2/environment/library_path.dsv
[11.831s] -- Up-to-date: /ws_ros2/install/custom_msg_ros2/lib/libcustom_msg_ros2__rosidl_generator_c.so
[11.831s] -- Up-to-date: /ws_ros2/install/custom_msg_ros2/include/custom_msg_ros2/custom_msg_ros2
[11.831s] -- Up-to-date: /ws_ros2/install/custom_msg_ros2/include/custom_msg_ros2/custom_msg_ros2/msg
[11.832s] -- Up-to-date: /ws_ros2/install/custom_msg_ros2/include/custom_msg_ros2/custom_msg_ros2/msg/rosidl_typesupport_fastrtps_c__visibility_control.h
[11.832s] -- Up-to-date: /ws_ros2/install/custom_msg_ros2/include/custom_msg_ros2/custom_msg_ros2/msg/detail
[11.832s] -- Up-to-date: /ws_ros2/install/custom_msg_ros2/include/custom_msg_ros2/custom_msg_ros2/msg/detail/custom_message__rosidl_typesupport_fastrtps_c.h
[11.833s] -- Up-to-date: /ws_ros2/install/custom_msg_ros2/lib/libcustom_msg_ros2__rosidl_typesupport_fastrtps_c.so
[11.833s] -- Up-to-date: /ws_ros2/install/custom_msg_ros2/include/custom_msg_ros2/custom_msg_ros2
[11.834s] -- Up-to-date: /ws_ros2/install/custom_msg_ros2/include/custom_msg_ros2/custom_msg_ros2/msg
[11.834s] -- Up-to-date: /ws_ros2/install/custom_msg_ros2/include/custom_msg_ros2/custom_msg_ros2/msg/custom_message.hpp
[11.834s] -- Up-to-date: /ws_ros2/install/custom_msg_ros2/include/custom_msg_ros2/custom_msg_ros2/msg/detail
[11.834s] -- Up-to-date: /ws_ros2/install/custom_msg_ros2/include/custom_msg_ros2/custom_msg_ros2/msg/detail/custom_message__traits.hpp
[11.834s] -- Up-to-date: /ws_ros2/install/custom_msg_ros2/include/custom_msg_ros2/custom_msg_ros2/msg/detail/custom_message__builder.hpp
[11.835s] -- Up-to-date: /ws_ros2/install/custom_msg_ros2/include/custom_msg_ros2/custom_msg_ros2/msg/detail/custom_message__struct.hpp
[11.835s] -- Up-to-date: /ws_ros2/install/custom_msg_ros2/include/custom_msg_ros2/custom_msg_ros2
[11.835s] -- Up-to-date: /ws_ros2/install/custom_msg_ros2/include/custom_msg_ros2/custom_msg_ros2/msg
[11.835s] -- Up-to-date: /ws_ros2/install/custom_msg_ros2/include/custom_msg_ros2/custom_msg_ros2/msg/detail
[11.836s] -- Up-to-date: /ws_ros2/install/custom_msg_ros2/include/custom_msg_ros2/custom_msg_ros2/msg/detail/dds_fastrtps
[11.836s] -- Up-to-date: /ws_ros2/install/custom_msg_ros2/include/custom_msg_ros2/custom_msg_ros2/msg/detail/custom_message__rosidl_typesupport_fastrtps_cpp.hpp
[11.836s] -- Up-to-date: /ws_ros2/install/custom_msg_ros2/include/custom_msg_ros2/custom_msg_ros2/msg/rosidl_typesupport_fastrtps_cpp__visibility_control.h
[11.836s] -- Up-to-date: /ws_ros2/install/custom_msg_ros2/lib/libcustom_msg_ros2__rosidl_typesupport_fastrtps_cpp.so
[11.837s] -- Up-to-date: /ws_ros2/install/custom_msg_ros2/include/custom_msg_ros2/custom_msg_ros2
[11.837s] -- Up-to-date: /ws_ros2/install/custom_msg_ros2/include/custom_msg_ros2/custom_msg_ros2/msg
[11.837s] -- Up-to-date: /ws_ros2/install/custom_msg_ros2/include/custom_msg_ros2/custom_msg_ros2/msg/rosidl_typesupport_introspection_c__visibility_control.h
[11.837s] -- Up-to-date: /ws_ros2/install/custom_msg_ros2/include/custom_msg_ros2/custom_msg_ros2/msg/detail
[11.838s] -- Up-to-date: /ws_ros2/install/custom_msg_ros2/include/custom_msg_ros2/custom_msg_ros2/msg/detail/custom_message__type_support.c
[11.838s] -- Up-to-date: /ws_ros2/install/custom_msg_ros2/include/custom_msg_ros2/custom_msg_ros2/msg/detail/custom_message__rosidl_typesupport_introspection_c.h
[11.838s] -- Up-to-date: /ws_ros2/install/custom_msg_ros2/lib/libcustom_msg_ros2__rosidl_typesupport_introspection_c.so
[11.838s] -- Up-to-date: /ws_ros2/install/custom_msg_ros2/lib/libcustom_msg_ros2__rosidl_typesupport_c.so
[11.838s] -- Up-to-date: /ws_ros2/install/custom_msg_ros2/include/custom_msg_ros2/custom_msg_ros2
[11.839s] -- Up-to-date: /ws_ros2/install/custom_msg_ros2/include/custom_msg_ros2/custom_msg_ros2/msg
[11.839s] -- Up-to-date: /ws_ros2/install/custom_msg_ros2/include/custom_msg_ros2/custom_msg_ros2/msg/detail
[11.840s] -- Up-to-date: /ws_ros2/install/custom_msg_ros2/include/custom_msg_ros2/custom_msg_ros2/msg/detail/custom_message__type_support.cpp
[11.840s] -- Up-to-date: /ws_ros2/install/custom_msg_ros2/include/custom_msg_ros2/custom_msg_ros2/msg/detail/custom_message__rosidl_typesupport_introspection_cpp.hpp
[11.840s] -- Up-to-date: /ws_ros2/install/custom_msg_ros2/lib/libcustom_msg_ros2__rosidl_typesupport_introspection_cpp.so
[11.840s] -- Up-to-date: /ws_ros2/install/custom_msg_ros2/lib/libcustom_msg_ros2__rosidl_typesupport_cpp.so
[11.840s] -- Up-to-date: /ws_ros2/install/custom_msg_ros2/share/custom_msg_ros2/environment/pythonpath.sh
[11.841s] -- Installing: /ws_ros2/install/custom_msg_ros2/share/custom_msg_ros2/environment/pythonpath.dsv
[11.841s] -- Up-to-date: /ws_ros2/install/custom_msg_ros2/local/lib/python3.10/dist-packages/custom_msg_ros2-0.0.0-py3.10.egg-info
[11.841s] -- Installing: /ws_ros2/install/custom_msg_ros2/local/lib/python3.10/dist-packages/custom_msg_ros2-0.0.0-py3.10.egg-info/top_level.txt
[11.841s] -- Installing: /ws_ros2/install/custom_msg_ros2/local/lib/python3.10/dist-packages/custom_msg_ros2-0.0.0-py3.10.egg-info/SOURCES.txt
[11.841s] -- Installing: /ws_ros2/install/custom_msg_ros2/local/lib/python3.10/dist-packages/custom_msg_ros2-0.0.0-py3.10.egg-info/PKG-INFO
[11.842s] -- Installing: /ws_ros2/install/custom_msg_ros2/local/lib/python3.10/dist-packages/custom_msg_ros2-0.0.0-py3.10.egg-info/dependency_links.txt
[11.842s] -- Up-to-date: /ws_ros2/install/custom_msg_ros2/local/lib/python3.10/dist-packages/custom_msg_ros2
[11.842s] -- Up-to-date: /ws_ros2/install/custom_msg_ros2/local/lib/python3.10/dist-packages/custom_msg_ros2/custom_msg_ros2_s__rosidl_typesupport_c.cpython-310-x86_64-linux-gnu.so
[11.842s] -- Up-to-date: /ws_ros2/install/custom_msg_ros2/local/lib/python3.10/dist-packages/custom_msg_ros2/custom_msg_ros2_s__rosidl_typesupport_fastrtps_c.cpython-310-x86_64-linux-gnu.so
[11.842s] -- Up-to-date: /ws_ros2/install/custom_msg_ros2/local/lib/python3.10/dist-packages/custom_msg_ros2/msg
[11.842s] -- Up-to-date: /ws_ros2/install/custom_msg_ros2/local/lib/python3.10/dist-packages/custom_msg_ros2/msg/_custom_message_s.c
[11.843s] -- Up-to-date: /ws_ros2/install/custom_msg_ros2/local/lib/python3.10/dist-packages/custom_msg_ros2/msg/_custom_message.py
[11.843s] -- Up-to-date: /ws_ros2/install/custom_msg_ros2/local/lib/python3.10/dist-packages/custom_msg_ros2/msg/__init__.py
[11.843s] -- Up-to-date: /ws_ros2/install/custom_msg_ros2/local/lib/python3.10/dist-packages/custom_msg_ros2/_custom_msg_ros2_s.ep.rosidl_typesupport_introspection_c.c
[11.843s] -- Up-to-date: /ws_ros2/install/custom_msg_ros2/local/lib/python3.10/dist-packages/custom_msg_ros2/libcustom_msg_ros2__rosidl_generator_py.so
[11.843s] -- Up-to-date: /ws_ros2/install/custom_msg_ros2/local/lib/python3.10/dist-packages/custom_msg_ros2/_custom_msg_ros2_s.ep.rosidl_typesupport_fastrtps_c.c
[11.844s] -- Up-to-date: /ws_ros2/install/custom_msg_ros2/local/lib/python3.10/dist-packages/custom_msg_ros2/_custom_msg_ros2_s.ep.rosidl_typesupport_c.c
[11.844s] -- Up-to-date: /ws_ros2/install/custom_msg_ros2/local/lib/python3.10/dist-packages/custom_msg_ros2/custom_msg_ros2_s__rosidl_typesupport_introspection_c.cpython-310-x86_64-linux-gnu.so
[11.844s] -- Installing: /ws_ros2/install/custom_msg_ros2/local/lib/python3.10/dist-packages/custom_msg_ros2/__init__.py
[12.178s] Listing '/ws_ros2/install/custom_msg_ros2/local/lib/python3.10/dist-packages/custom_msg_ros2'...
[12.178s] Compiling '/ws_ros2/install/custom_msg_ros2/local/lib/python3.10/dist-packages/custom_msg_ros2/__init__.py'...
[12.178s] Listing '/ws_ros2/install/custom_msg_ros2/local/lib/python3.10/dist-packages/custom_msg_ros2/msg'...
[12.189s] -- Up-to-date: /ws_ros2/install/custom_msg_ros2/local/lib/python3.10/dist-packages/custom_msg_ros2/custom_msg_ros2_s__rosidl_typesupport_introspection_c.cpython-310-x86_64-linux-gnu.so
[12.190s] -- Up-to-date: /ws_ros2/install/custom_msg_ros2/local/lib/python3.10/dist-packages/custom_msg_ros2/custom_msg_ros2_s__rosidl_typesupport_fastrtps_c.cpython-310-x86_64-linux-gnu.so
[12.191s] -- Up-to-date: /ws_ros2/install/custom_msg_ros2/local/lib/python3.10/dist-packages/custom_msg_ros2/custom_msg_ros2_s__rosidl_typesupport_c.cpython-310-x86_64-linux-gnu.so
[12.193s] -- Up-to-date: /ws_ros2/install/custom_msg_ros2/lib/libcustom_msg_ros2__rosidl_generator_py.so
[12.193s] -- Up-to-date: /ws_ros2/install/custom_msg_ros2/share/custom_msg_ros2/msg/CustomMessage.idl
[12.193s] [31mCMake Error at cmake_install.cmake:367 (file):
[12.194s]   file INSTALL cannot find
[12.194s]   "/ws_ros2/src/custom_msg_ros2/my_custom_mapping.yaml": No such file or
[12.194s]   directory.
[12.194s] 
[12.194s] [0m
[12.195s] -- Up-to-date: /ws_ros2/install/custom_msg_ros2/share/custom_msg_ros2/msg/CustomMessage.msg
[12.197s] Invoked command in '/ws_ros2/build/custom_msg_ros2' returned '1': CMAKE_PREFIX_PATH=${CMAKE_PREFIX_PATH}:/ros2_humble/install/rqt_bag_plugins:/ros2_humble/install/rqt_bag:/ros2_humble/install/ros2bag:/ros2_humble/install/tracetools_test:/ros2_humble/install/tracetools_launch:/ros2_humble/install/topic_monitor:/ros2_humble/install/tf2_tools:/ros2_humble/install/examples_tf2_py:/ros2_humble/install/tf2_ros_py:/ros2_humble/install/sros2:/ros2_humble/install/rqt_topic:/ros2_humble/install/rqt_srv:/ros2_humble/install/rqt_shell:/ros2_humble/install/rqt_service_caller:/ros2_humble/install/rqt_reconfigure:/ros2_humble/install/rqt_py_console:/ros2_humble/install/rqt_publisher:/ros2_humble/install/rqt_plot:/ros2_humble/install/rqt_action:/ros2_humble/install/rqt_msg:/ros2_humble/install/rqt_console:/ros2_humble/install/rqt:/ros2_humble/install/rqt_graph:/ros2_humble/install/rqt_gui_py:/ros2_humble/install/rqt_gui:/ros2_humble/install/ros2trace:/ros2_humble/install/ros2topic:/ros2_humble/install/ros2test:/ros2_humble/install/ros2component:/ros2_humble/install/ros2param:/ros2_humble/install/ros2lifecycle:/ros2_humble/install/ros2service:/ros2_humble/install/ros2run:/ros2_humble/install/ros2launch:/ros2_humble/install/ros2pkg:/ros2_humble/install/ros2node:/ros2_humble/install/ros2multicast:/ros2_humble/install/ros2interface:/ros2_humble/install/ros2doctor:/ros2_humble/install/ros2action:/ros2_humble/install/ros2cli:/ros2_humble/install/quality_of_service_demo_py:/ros2_humble/install/lifecycle_py:/ros2_humble/install/launch_testing_ros:/ros2_humble/install/launch_ros:/ros2_humble/install/examples_rclpy_pointcloud_publisher:/ros2_humble/install/examples_rclpy_minimal_subscriber:/ros2_humble/install/examples_rclpy_minimal_service:/ros2_humble/install/examples_rclpy_minimal_publisher:/ros2_humble/install/examples_rclpy_minimal_client:/ros2_humble/install/examples_rclpy_minimal_action_server:/ros2_humble/install/examples_rclpy_minimal_action_client:/ros2_humble/install/examples_rclpy_guard_conditions:/ros2_humble/install/examples_rclpy_executors:/ros2_humble/install/demo_nodes_py:/ros2_humble/install/action_tutorials_py:/ros2_humble/install/ament_uncrustify:/ros2_humble/install/tracetools_trace:/ros2_humble/install/tracetools_read:/ros2_humble/install/test_tracetools_launch:/ros2_humble/install/test_launch_ros:/ros2_humble/install/sensor_msgs_py:/ros2_humble/install/rpyutils:/ros2_humble/install/rosidl_runtime_py:/ros2_humble/install/rosidl_cli:/ros2_humble/install/launch_pytest:/ros2_humble/install/launch_testing:/ros2_humble/install/launch_yaml:/ros2_humble/install/launch_xml:/ros2_humble/install/launch:/ros2_humble/install/osrf_pycommon:/ros2_humble/install/launch_testing_examples:/ros2_humble/install/domain_coordinator:/ros2_humble/install/ament_xmllint:/ros2_humble/install/ament_pyflakes:/ros2_humble/install/ament_pycodestyle:/ros2_humble/install/ament_pep257:/ros2_humble/install/ament_pclint:/ros2_humble/install/ament_package:/ros2_humble/install/ament_mypy:/ros2_humble/install/ament_lint_cmake:/ros2_humble/install/ament_flake8:/ros2_humble/install/ament_copyright:/ros2_humble/install/ament_lint:/ros2_humble/install/ament_index_python:/ros2_humble/install/ament_cpplint:/ros2_humble/install/ament_cppcheck:/ros2_humble/install/ament_clang_tidy:/ros2_humble/install/ament_clang_format /usr/bin/cmake --install /ws_ros2/build/custom_msg_ros2
