[0.140s] Invoking command in '/ws_ros2/build/custom_msg_ros2': CMAKE_PREFIX_PATH=${CMAKE_PREFIX_PATH}:/ros2_humble/install/rqt_bag_plugins:/ros2_humble/install/rqt_bag:/ros2_humble/install/ros2bag:/ros2_humble/install/tracetools_test:/ros2_humble/install/tracetools_launch:/ros2_humble/install/topic_monitor:/ros2_humble/install/tf2_tools:/ros2_humble/install/examples_tf2_py:/ros2_humble/install/tf2_ros_py:/ros2_humble/install/sros2:/ros2_humble/install/rqt_topic:/ros2_humble/install/rqt_srv:/ros2_humble/install/rqt_shell:/ros2_humble/install/rqt_service_caller:/ros2_humble/install/rqt_reconfigure:/ros2_humble/install/rqt_py_console:/ros2_humble/install/rqt_publisher:/ros2_humble/install/rqt_plot:/ros2_humble/install/rqt_action:/ros2_humble/install/rqt_msg:/ros2_humble/install/rqt_console:/ros2_humble/install/rqt:/ros2_humble/install/rqt_graph:/ros2_humble/install/rqt_gui_py:/ros2_humble/install/rqt_gui:/ros2_humble/install/ros2trace:/ros2_humble/install/ros2topic:/ros2_humble/install/ros2test:/ros2_humble/install/ros2component:/ros2_humble/install/ros2param:/ros2_humble/install/ros2lifecycle:/ros2_humble/install/ros2service:/ros2_humble/install/ros2run:/ros2_humble/install/ros2launch:/ros2_humble/install/ros2pkg:/ros2_humble/install/ros2node:/ros2_humble/install/ros2multicast:/ros2_humble/install/ros2interface:/ros2_humble/install/ros2doctor:/ros2_humble/install/ros2action:/ros2_humble/install/ros2cli:/ros2_humble/install/quality_of_service_demo_py:/ros2_humble/install/lifecycle_py:/ros2_humble/install/launch_testing_ros:/ros2_humble/install/launch_ros:/ros2_humble/install/examples_rclpy_pointcloud_publisher:/ros2_humble/install/examples_rclpy_minimal_subscriber:/ros2_humble/install/examples_rclpy_minimal_service:/ros2_humble/install/examples_rclpy_minimal_publisher:/ros2_humble/install/examples_rclpy_minimal_client:/ros2_humble/install/examples_rclpy_minimal_action_server:/ros2_humble/install/examples_rclpy_minimal_action_client:/ros2_humble/install/examples_rclpy_guard_conditions:/ros2_humble/install/examples_rclpy_executors:/ros2_humble/install/demo_nodes_py:/ros2_humble/install/action_tutorials_py:/ros2_humble/install/ament_uncrustify:/ros2_humble/install/tracetools_trace:/ros2_humble/install/tracetools_read:/ros2_humble/install/test_tracetools_launch:/ros2_humble/install/test_launch_ros:/ros2_humble/install/sensor_msgs_py:/ros2_humble/install/rpyutils:/ros2_humble/install/rosidl_runtime_py:/ros2_humble/install/rosidl_cli:/ros2_humble/install/launch_pytest:/ros2_humble/install/launch_testing:/ros2_humble/install/launch_yaml:/ros2_humble/install/launch_xml:/ros2_humble/install/launch:/ros2_humble/install/osrf_pycommon:/ros2_humble/install/launch_testing_examples:/ros2_humble/install/domain_coordinator:/ros2_humble/install/ament_xmllint:/ros2_humble/install/ament_pyflakes:/ros2_humble/install/ament_pycodestyle:/ros2_humble/install/ament_pep257:/ros2_humble/install/ament_pclint:/ros2_humble/install/ament_package:/ros2_humble/install/ament_mypy:/ros2_humble/install/ament_lint_cmake:/ros2_humble/install/ament_flake8:/ros2_humble/install/ament_copyright:/ros2_humble/install/ament_lint:/ros2_humble/install/ament_index_python:/ros2_humble/install/ament_cpplint:/ros2_humble/install/ament_cppcheck:/ros2_humble/install/ament_clang_tidy:/ros2_humble/install/ament_clang_format /usr/bin/cmake --build /ws_ros2/build/custom_msg_ros2 -- -j4 -l4
[0.310s] -- Found ament_cmake: 1.3.5 (/ros2_humble/install/ament_cmake/share/ament_cmake/cmake)
[1.598s] -- Found rclcpp: 16.0.4 (/ros2_humble/install/rclcpp/share/rclcpp/cmake)
[1.682s] -- Found rosidl_generator_c: 3.1.4 (/ros2_humble/install/rosidl_generator_c/share/rosidl_generator_c/cmake)
[1.686s] -- Found rosidl_adapter: 3.1.4 (/ros2_humble/install/rosidl_adapter/share/rosidl_adapter/cmake)
[1.696s] -- Found rosidl_generator_cpp: 3.1.4 (/ros2_humble/install/rosidl_generator_cpp/share/rosidl_generator_cpp/cmake)
[1.776s] -- Using all available rosidl_typesupport_c: rosidl_typesupport_introspection_c;rosidl_typesupport_fastrtps_c
[1.856s] -- Using all available rosidl_typesupport_cpp: rosidl_typesupport_introspection_cpp;rosidl_typesupport_fastrtps_cpp
[2.045s] -- Found rmw_implementation_cmake: 6.1.1 (/ros2_humble/install/rmw_implementation_cmake/share/rmw_implementation_cmake/cmake)
[2.181s] -- Found rmw_fastrtps_cpp: 6.2.2 (/ros2_humble/install/rmw_fastrtps_cpp/share/rmw_fastrtps_cpp/cmake)
[2.829s] -- Using RMW implementation 'rmw_fastrtps_cpp' as default
[5.094s] -- Found ament_cmake_ros: 0.10.0 (/ros2_humble/install/ament_cmake_ros/share/ament_cmake_ros/cmake)
[7.532s] -- Using all available rosidl_typesupport_c: rosidl_typesupport_introspection_c;rosidl_typesupport_fastrtps_c
[8.489s] -- Using all available rosidl_typesupport_cpp: rosidl_typesupport_introspection_cpp;rosidl_typesupport_fastrtps_cpp
[8.490s] -- Found ament_lint_auto: 0.12.6 (/ros2_humble/install/ament_lint_auto/share/ament_lint_auto/cmake)
[8.540s] -- Added test 'lint_cmake' to check CMake code style
[8.544s] -- Added test 'xmllint' to check XML markup files
[8.560s] -- Configuring done
[8.624s] -- Generating done
[8.630s] -- Build files have been written to: /ws_ros2/build/custom_msg_ros2
[8.769s] [35m[1mConsolidate compiler generated dependencies of target custom_msg_ros2__rosidl_generator_c[0m
[8.816s] [  4%] Built target custom_msg_ros2__cpp
[8.863s] [ 18%] Built target custom_msg_ros2__rosidl_generator_c
[8.886s] [35m[1mConsolidate compiler generated dependencies of target custom_msg_ros2__rosidl_typesupport_fastrtps_cpp[0m
[8.950s] [35m[1mConsolidate compiler generated dependencies of target custom_msg_ros2__rosidl_typesupport_cpp[0m
[8.956s] [35m[1mConsolidate compiler generated dependencies of target custom_msg_ros2__rosidl_typesupport_fastrtps_c[0m
[8.970s] [35m[1mConsolidate compiler generated dependencies of target custom_msg_ros2__rosidl_typesupport_introspection_cpp[0m
[9.020s] [ 31%] Built target custom_msg_ros2__rosidl_typesupport_fastrtps_cpp
[9.069s] [ 45%] Built target custom_msg_ros2__rosidl_typesupport_fastrtps_c
[9.081s] [ 59%] Built target custom_msg_ros2__rosidl_typesupport_cpp
[9.103s] [ 72%] Built target custom_msg_ros2__rosidl_typesupport_introspection_cpp
[9.118s] [35m[1mConsolidate compiler generated dependencies of target custom_msg_ros2__rosidl_typesupport_introspection_c[0m
[9.169s] [35m[1mConsolidate compiler generated dependencies of target custom_msg_ros2__rosidl_typesupport_c[0m
[9.188s] [ 86%] Built target custom_msg_ros2__rosidl_typesupport_introspection_c
[9.264s] [100%] Built target custom_msg_ros2__rosidl_typesupport_c
[9.369s] [100%] Built target custom_msg_ros2
[9.417s] Invoked command in '/ws_ros2/build/custom_msg_ros2' returned '0': CMAKE_PREFIX_PATH=${CMAKE_PREFIX_PATH}:/ros2_humble/install/rqt_bag_plugins:/ros2_humble/install/rqt_bag:/ros2_humble/install/ros2bag:/ros2_humble/install/tracetools_test:/ros2_humble/install/tracetools_launch:/ros2_humble/install/topic_monitor:/ros2_humble/install/tf2_tools:/ros2_humble/install/examples_tf2_py:/ros2_humble/install/tf2_ros_py:/ros2_humble/install/sros2:/ros2_humble/install/rqt_topic:/ros2_humble/install/rqt_srv:/ros2_humble/install/rqt_shell:/ros2_humble/install/rqt_service_caller:/ros2_humble/install/rqt_reconfigure:/ros2_humble/install/rqt_py_console:/ros2_humble/install/rqt_publisher:/ros2_humble/install/rqt_plot:/ros2_humble/install/rqt_action:/ros2_humble/install/rqt_msg:/ros2_humble/install/rqt_console:/ros2_humble/install/rqt:/ros2_humble/install/rqt_graph:/ros2_humble/install/rqt_gui_py:/ros2_humble/install/rqt_gui:/ros2_humble/install/ros2trace:/ros2_humble/install/ros2topic:/ros2_humble/install/ros2test:/ros2_humble/install/ros2component:/ros2_humble/install/ros2param:/ros2_humble/install/ros2lifecycle:/ros2_humble/install/ros2service:/ros2_humble/install/ros2run:/ros2_humble/install/ros2launch:/ros2_humble/install/ros2pkg:/ros2_humble/install/ros2node:/ros2_humble/install/ros2multicast:/ros2_humble/install/ros2interface:/ros2_humble/install/ros2doctor:/ros2_humble/install/ros2action:/ros2_humble/install/ros2cli:/ros2_humble/install/quality_of_service_demo_py:/ros2_humble/install/lifecycle_py:/ros2_humble/install/launch_testing_ros:/ros2_humble/install/launch_ros:/ros2_humble/install/examples_rclpy_pointcloud_publisher:/ros2_humble/install/examples_rclpy_minimal_subscriber:/ros2_humble/install/examples_rclpy_minimal_service:/ros2_humble/install/examples_rclpy_minimal_publisher:/ros2_humble/install/examples_rclpy_minimal_client:/ros2_humble/install/examples_rclpy_minimal_action_server:/ros2_humble/install/examples_rclpy_minimal_action_client:/ros2_humble/install/examples_rclpy_guard_conditions:/ros2_humble/install/examples_rclpy_executors:/ros2_humble/install/demo_nodes_py:/ros2_humble/install/action_tutorials_py:/ros2_humble/install/ament_uncrustify:/ros2_humble/install/tracetools_trace:/ros2_humble/install/tracetools_read:/ros2_humble/install/test_tracetools_launch:/ros2_humble/install/test_launch_ros:/ros2_humble/install/sensor_msgs_py:/ros2_humble/install/rpyutils:/ros2_humble/install/rosidl_runtime_py:/ros2_humble/install/rosidl_cli:/ros2_humble/install/launch_pytest:/ros2_humble/install/launch_testing:/ros2_humble/install/launch_yaml:/ros2_humble/install/launch_xml:/ros2_humble/install/launch:/ros2_humble/install/osrf_pycommon:/ros2_humble/install/launch_testing_examples:/ros2_humble/install/domain_coordinator:/ros2_humble/install/ament_xmllint:/ros2_humble/install/ament_pyflakes:/ros2_humble/install/ament_pycodestyle:/ros2_humble/install/ament_pep257:/ros2_humble/install/ament_pclint:/ros2_humble/install/ament_package:/ros2_humble/install/ament_mypy:/ros2_humble/install/ament_lint_cmake:/ros2_humble/install/ament_flake8:/ros2_humble/install/ament_copyright:/ros2_humble/install/ament_lint:/ros2_humble/install/ament_index_python:/ros2_humble/install/ament_cpplint:/ros2_humble/install/ament_cppcheck:/ros2_humble/install/ament_clang_tidy:/ros2_humble/install/ament_clang_format /usr/bin/cmake --build /ws_ros2/build/custom_msg_ros2 -- -j4 -l4
[9.840s] Invoking command in '/ws_ros2/build/custom_msg_ros2': CMAKE_PREFIX_PATH=${CMAKE_PREFIX_PATH}:/ros2_humble/install/rqt_bag_plugins:/ros2_humble/install/rqt_bag:/ros2_humble/install/ros2bag:/ros2_humble/install/tracetools_test:/ros2_humble/install/tracetools_launch:/ros2_humble/install/topic_monitor:/ros2_humble/install/tf2_tools:/ros2_humble/install/examples_tf2_py:/ros2_humble/install/tf2_ros_py:/ros2_humble/install/sros2:/ros2_humble/install/rqt_topic:/ros2_humble/install/rqt_srv:/ros2_humble/install/rqt_shell:/ros2_humble/install/rqt_service_caller:/ros2_humble/install/rqt_reconfigure:/ros2_humble/install/rqt_py_console:/ros2_humble/install/rqt_publisher:/ros2_humble/install/rqt_plot:/ros2_humble/install/rqt_action:/ros2_humble/install/rqt_msg:/ros2_humble/install/rqt_console:/ros2_humble/install/rqt:/ros2_humble/install/rqt_graph:/ros2_humble/install/rqt_gui_py:/ros2_humble/install/rqt_gui:/ros2_humble/install/ros2trace:/ros2_humble/install/ros2topic:/ros2_humble/install/ros2test:/ros2_humble/install/ros2component:/ros2_humble/install/ros2param:/ros2_humble/install/ros2lifecycle:/ros2_humble/install/ros2service:/ros2_humble/install/ros2run:/ros2_humble/install/ros2launch:/ros2_humble/install/ros2pkg:/ros2_humble/install/ros2node:/ros2_humble/install/ros2multicast:/ros2_humble/install/ros2interface:/ros2_humble/install/ros2doctor:/ros2_humble/install/ros2action:/ros2_humble/install/ros2cli:/ros2_humble/install/quality_of_service_demo_py:/ros2_humble/install/lifecycle_py:/ros2_humble/install/launch_testing_ros:/ros2_humble/install/launch_ros:/ros2_humble/install/examples_rclpy_pointcloud_publisher:/ros2_humble/install/examples_rclpy_minimal_subscriber:/ros2_humble/install/examples_rclpy_minimal_service:/ros2_humble/install/examples_rclpy_minimal_publisher:/ros2_humble/install/examples_rclpy_minimal_client:/ros2_humble/install/examples_rclpy_minimal_action_server:/ros2_humble/install/examples_rclpy_minimal_action_client:/ros2_humble/install/examples_rclpy_guard_conditions:/ros2_humble/install/examples_rclpy_executors:/ros2_humble/install/demo_nodes_py:/ros2_humble/install/action_tutorials_py:/ros2_humble/install/ament_uncrustify:/ros2_humble/install/tracetools_trace:/ros2_humble/install/tracetools_read:/ros2_humble/install/test_tracetools_launch:/ros2_humble/install/test_launch_ros:/ros2_humble/install/sensor_msgs_py:/ros2_humble/install/rpyutils:/ros2_humble/install/rosidl_runtime_py:/ros2_humble/install/rosidl_cli:/ros2_humble/install/launch_pytest:/ros2_humble/install/launch_testing:/ros2_humble/install/launch_yaml:/ros2_humble/install/launch_xml:/ros2_humble/install/launch:/ros2_humble/install/osrf_pycommon:/ros2_humble/install/launch_testing_examples:/ros2_humble/install/domain_coordinator:/ros2_humble/install/ament_xmllint:/ros2_humble/install/ament_pyflakes:/ros2_humble/install/ament_pycodestyle:/ros2_humble/install/ament_pep257:/ros2_humble/install/ament_pclint:/ros2_humble/install/ament_package:/ros2_humble/install/ament_mypy:/ros2_humble/install/ament_lint_cmake:/ros2_humble/install/ament_flake8:/ros2_humble/install/ament_copyright:/ros2_humble/install/ament_lint:/ros2_humble/install/ament_index_python:/ros2_humble/install/ament_cpplint:/ros2_humble/install/ament_cppcheck:/ros2_humble/install/ament_clang_tidy:/ros2_humble/install/ament_clang_format /usr/bin/cmake --install /ws_ros2/build/custom_msg_ros2
[9.875s] -- Install configuration: ""
[9.876s] -- Up-to-date: /ws_ros2/install/custom_msg_ros2/share/ament_index/resource_index/rosidl_interfaces/custom_msg_ros2
[9.876s] -- Up-to-date: /ws_ros2/install/custom_msg_ros2/include/custom_msg_ros2/custom_msg_ros2
[9.876s] -- Up-to-date: /ws_ros2/install/custom_msg_ros2/include/custom_msg_ros2/custom_msg_ros2/msg
[9.876s] -- Up-to-date: /ws_ros2/install/custom_msg_ros2/include/custom_msg_ros2/custom_msg_ros2/msg/detail
[9.877s] -- Up-to-date: /ws_ros2/install/custom_msg_ros2/include/custom_msg_ros2/custom_msg_ros2/msg/detail/custom_message__functions.h
[9.877s] -- Up-to-date: /ws_ros2/install/custom_msg_ros2/include/custom_msg_ros2/custom_msg_ros2/msg/detail/custom_message__struct.h
[9.877s] -- Up-to-date: /ws_ros2/install/custom_msg_ros2/include/custom_msg_ros2/custom_msg_ros2/msg/detail/custom_message__type_support.h
[9.877s] -- Up-to-date: /ws_ros2/install/custom_msg_ros2/include/custom_msg_ros2/custom_msg_ros2/msg/detail/custom_message__functions.c
[9.878s] -- Up-to-date: /ws_ros2/install/custom_msg_ros2/include/custom_msg_ros2/custom_msg_ros2/msg/rosidl_generator_c__visibility_control.h
[9.878s] -- Up-to-date: /ws_ros2/install/custom_msg_ros2/include/custom_msg_ros2/custom_msg_ros2/msg/custom_message.h
[9.879s] -- Up-to-date: /ws_ros2/install/custom_msg_ros2/share/custom_msg_ros2/environment/library_path.sh
[9.879s] -- Installing: /ws_ros2/install/custom_msg_ros2/share/custom_msg_ros2/environment/library_path.dsv
[9.880s] -- Up-to-date: /ws_ros2/install/custom_msg_ros2/lib/libcustom_msg_ros2__rosidl_generator_c.so
[9.881s] -- Up-to-date: /ws_ros2/install/custom_msg_ros2/include/custom_msg_ros2/custom_msg_ros2
[9.882s] -- Up-to-date: /ws_ros2/install/custom_msg_ros2/include/custom_msg_ros2/custom_msg_ros2/msg
[9.882s] -- Up-to-date: /ws_ros2/install/custom_msg_ros2/include/custom_msg_ros2/custom_msg_ros2/msg/rosidl_typesupport_fastrtps_c__visibility_control.h
[9.882s] -- Up-to-date: /ws_ros2/install/custom_msg_ros2/include/custom_msg_ros2/custom_msg_ros2/msg/detail
[9.882s] -- Up-to-date: /ws_ros2/install/custom_msg_ros2/include/custom_msg_ros2/custom_msg_ros2/msg/detail/custom_message__rosidl_typesupport_fastrtps_c.h
[9.882s] -- Up-to-date: /ws_ros2/install/custom_msg_ros2/lib/libcustom_msg_ros2__rosidl_typesupport_fastrtps_c.so
[9.883s] -- Up-to-date: /ws_ros2/install/custom_msg_ros2/include/custom_msg_ros2/custom_msg_ros2
[9.884s] -- Up-to-date: /ws_ros2/install/custom_msg_ros2/include/custom_msg_ros2/custom_msg_ros2/msg
[9.884s] -- Up-to-date: /ws_ros2/install/custom_msg_ros2/include/custom_msg_ros2/custom_msg_ros2/msg/custom_message.hpp
[9.884s] -- Up-to-date: /ws_ros2/install/custom_msg_ros2/include/custom_msg_ros2/custom_msg_ros2/msg/detail
[9.885s] -- Up-to-date: /ws_ros2/install/custom_msg_ros2/include/custom_msg_ros2/custom_msg_ros2/msg/detail/custom_message__traits.hpp
[9.885s] -- Up-to-date: /ws_ros2/install/custom_msg_ros2/include/custom_msg_ros2/custom_msg_ros2/msg/detail/custom_message__builder.hpp
[9.885s] -- Up-to-date: /ws_ros2/install/custom_msg_ros2/include/custom_msg_ros2/custom_msg_ros2/msg/detail/custom_message__struct.hpp
[9.885s] -- Up-to-date: /ws_ros2/install/custom_msg_ros2/include/custom_msg_ros2/custom_msg_ros2
[9.886s] -- Up-to-date: /ws_ros2/install/custom_msg_ros2/include/custom_msg_ros2/custom_msg_ros2/msg
[9.886s] -- Up-to-date: /ws_ros2/install/custom_msg_ros2/include/custom_msg_ros2/custom_msg_ros2/msg/detail
[9.886s] -- Up-to-date: /ws_ros2/install/custom_msg_ros2/include/custom_msg_ros2/custom_msg_ros2/msg/detail/dds_fastrtps
[9.886s] -- Up-to-date: /ws_ros2/install/custom_msg_ros2/include/custom_msg_ros2/custom_msg_ros2/msg/detail/custom_message__rosidl_typesupport_fastrtps_cpp.hpp
[9.886s] -- Up-to-date: /ws_ros2/install/custom_msg_ros2/include/custom_msg_ros2/custom_msg_ros2/msg/rosidl_typesupport_fastrtps_cpp__visibility_control.h
[9.886s] -- Up-to-date: /ws_ros2/install/custom_msg_ros2/lib/libcustom_msg_ros2__rosidl_typesupport_fastrtps_cpp.so
[9.887s] -- Up-to-date: /ws_ros2/install/custom_msg_ros2/include/custom_msg_ros2/custom_msg_ros2
[9.887s] -- Up-to-date: /ws_ros2/install/custom_msg_ros2/include/custom_msg_ros2/custom_msg_ros2/msg
[9.887s] -- Up-to-date: /ws_ros2/install/custom_msg_ros2/include/custom_msg_ros2/custom_msg_ros2/msg/rosidl_typesupport_introspection_c__visibility_control.h
[9.887s] -- Up-to-date: /ws_ros2/install/custom_msg_ros2/include/custom_msg_ros2/custom_msg_ros2/msg/detail
[9.887s] -- Up-to-date: /ws_ros2/install/custom_msg_ros2/include/custom_msg_ros2/custom_msg_ros2/msg/detail/custom_message__type_support.c
[9.887s] -- Up-to-date: /ws_ros2/install/custom_msg_ros2/include/custom_msg_ros2/custom_msg_ros2/msg/detail/custom_message__rosidl_typesupport_introspection_c.h
[9.888s] -- Up-to-date: /ws_ros2/install/custom_msg_ros2/lib/libcustom_msg_ros2__rosidl_typesupport_introspection_c.so
[9.888s] -- Up-to-date: /ws_ros2/install/custom_msg_ros2/lib/libcustom_msg_ros2__rosidl_typesupport_c.so
[9.888s] -- Up-to-date: /ws_ros2/install/custom_msg_ros2/include/custom_msg_ros2/custom_msg_ros2
[9.888s] -- Up-to-date: /ws_ros2/install/custom_msg_ros2/include/custom_msg_ros2/custom_msg_ros2/msg
[9.888s] -- Up-to-date: /ws_ros2/install/custom_msg_ros2/include/custom_msg_ros2/custom_msg_ros2/msg/detail
[9.888s] -- Up-to-date: /ws_ros2/install/custom_msg_ros2/include/custom_msg_ros2/custom_msg_ros2/msg/detail/custom_message__type_support.cpp
[9.889s] -- Up-to-date: /ws_ros2/install/custom_msg_ros2/include/custom_msg_ros2/custom_msg_ros2/msg/detail/custom_message__rosidl_typesupport_introspection_cpp.hpp
[9.889s] -- Up-to-date: /ws_ros2/install/custom_msg_ros2/lib/libcustom_msg_ros2__rosidl_typesupport_introspection_cpp.so
[9.890s] -- Up-to-date: /ws_ros2/install/custom_msg_ros2/lib/libcustom_msg_ros2__rosidl_typesupport_cpp.so
[9.891s] -- Up-to-date: /ws_ros2/install/custom_msg_ros2/share/custom_msg_ros2/msg/CustomMessage.idl
[9.891s] -- Up-to-date: /ws_ros2/install/custom_msg_ros2/share/custom_msg_ros2/msg/CustomMessage.msg
[9.891s] -- Up-to-date: /ws_ros2/install/custom_msg_ros2/share/custom_msg_ros2/my_custom_mapping.yaml
[9.892s] -- Up-to-date: /ws_ros2/install/custom_msg_ros2/share/ament_index/resource_index/package_run_dependencies/custom_msg_ros2
[9.893s] -- Installing: /ws_ros2/install/custom_msg_ros2/share/ament_index/resource_index/parent_prefix_path/custom_msg_ros2
[9.893s] -- Installing: /ws_ros2/install/custom_msg_ros2/share/custom_msg_ros2/environment/ament_prefix_path.dsv
[9.893s] -- Installing: /ws_ros2/install/custom_msg_ros2/share/custom_msg_ros2/environment/path.dsv
[9.893s] -- Up-to-date: /ws_ros2/install/custom_msg_ros2/share/custom_msg_ros2/local_setup.bash
[9.893s] -- Up-to-date: /ws_ros2/install/custom_msg_ros2/share/custom_msg_ros2/local_setup.sh
[9.894s] -- Up-to-date: /ws_ros2/install/custom_msg_ros2/share/custom_msg_ros2/local_setup.zsh
[9.894s] -- Installing: /ws_ros2/install/custom_msg_ros2/share/custom_msg_ros2/local_setup.dsv
[9.894s] -- Installing: /ws_ros2/install/custom_msg_ros2/share/custom_msg_ros2/package.dsv
[9.894s] -- Up-to-date: /ws_ros2/install/custom_msg_ros2/share/ament_index/resource_index/packages/custom_msg_ros2
[9.894s] -- Up-to-date: /ws_ros2/install/custom_msg_ros2/share/custom_msg_ros2/cmake/export_custom_msg_ros2__rosidl_generator_cExport.cmake
[9.896s] -- Up-to-date: /ws_ros2/install/custom_msg_ros2/share/custom_msg_ros2/cmake/export_custom_msg_ros2__rosidl_generator_cExport-noconfig.cmake
[9.896s] -- Up-to-date: /ws_ros2/install/custom_msg_ros2/share/custom_msg_ros2/cmake/export_custom_msg_ros2__rosidl_typesupport_fastrtps_cExport.cmake
[9.896s] -- Up-to-date: /ws_ros2/install/custom_msg_ros2/share/custom_msg_ros2/cmake/export_custom_msg_ros2__rosidl_typesupport_fastrtps_cExport-noconfig.cmake
[9.896s] -- Up-to-date: /ws_ros2/install/custom_msg_ros2/share/custom_msg_ros2/cmake/export_custom_msg_ros2__rosidl_generator_cppExport.cmake
[9.898s] -- Up-to-date: /ws_ros2/install/custom_msg_ros2/share/custom_msg_ros2/cmake/export_custom_msg_ros2__rosidl_typesupport_fastrtps_cppExport.cmake
[9.898s] -- Up-to-date: /ws_ros2/install/custom_msg_ros2/share/custom_msg_ros2/cmake/export_custom_msg_ros2__rosidl_typesupport_fastrtps_cppExport-noconfig.cmake
[9.900s] -- Up-to-date: /ws_ros2/install/custom_msg_ros2/share/custom_msg_ros2/cmake/custom_msg_ros2__rosidl_typesupport_introspection_cExport.cmake
[9.901s] -- Up-to-date: /ws_ros2/install/custom_msg_ros2/share/custom_msg_ros2/cmake/custom_msg_ros2__rosidl_typesupport_introspection_cExport-noconfig.cmake
[9.901s] -- Up-to-date: /ws_ros2/install/custom_msg_ros2/share/custom_msg_ros2/cmake/custom_msg_ros2__rosidl_typesupport_cExport.cmake
[9.902s] -- Up-to-date: /ws_ros2/install/custom_msg_ros2/share/custom_msg_ros2/cmake/custom_msg_ros2__rosidl_typesupport_cExport-noconfig.cmake
[9.903s] -- Up-to-date: /ws_ros2/install/custom_msg_ros2/share/custom_msg_ros2/cmake/custom_msg_ros2__rosidl_typesupport_introspection_cppExport.cmake
[9.903s] -- Up-to-date: /ws_ros2/install/custom_msg_ros2/share/custom_msg_ros2/cmake/custom_msg_ros2__rosidl_typesupport_introspection_cppExport-noconfig.cmake
[9.904s] -- Up-to-date: /ws_ros2/install/custom_msg_ros2/share/custom_msg_ros2/cmake/custom_msg_ros2__rosidl_typesupport_cppExport.cmake
[9.904s] -- Up-to-date: /ws_ros2/install/custom_msg_ros2/share/custom_msg_ros2/cmake/custom_msg_ros2__rosidl_typesupport_cppExport-noconfig.cmake
[9.905s] -- Up-to-date: /ws_ros2/install/custom_msg_ros2/share/custom_msg_ros2/cmake/rosidl_cmake-extras.cmake
[9.905s] -- Up-to-date: /ws_ros2/install/custom_msg_ros2/share/custom_msg_ros2/cmake/ament_cmake_export_include_directories-extras.cmake
[9.905s] -- Up-to-date: /ws_ros2/install/custom_msg_ros2/share/custom_msg_ros2/cmake/ament_cmake_export_libraries-extras.cmake
[9.905s] -- Up-to-date: /ws_ros2/install/custom_msg_ros2/share/custom_msg_ros2/cmake/ament_cmake_export_targets-extras.cmake
[9.908s] -- Up-to-date: /ws_ros2/install/custom_msg_ros2/share/custom_msg_ros2/cmake/rosidl_cmake_export_typesupport_targets-extras.cmake
[9.909s] -- Up-to-date: /ws_ros2/install/custom_msg_ros2/share/custom_msg_ros2/cmake/ament_cmake_export_dependencies-extras.cmake
[9.909s] -- Up-to-date: /ws_ros2/install/custom_msg_ros2/share/custom_msg_ros2/cmake/rosidl_cmake_export_typesupport_libraries-extras.cmake
[9.909s] -- Up-to-date: /ws_ros2/install/custom_msg_ros2/share/custom_msg_ros2/cmake/custom_msg_ros2Config.cmake
[9.909s] -- Up-to-date: /ws_ros2/install/custom_msg_ros2/share/custom_msg_ros2/cmake/custom_msg_ros2Config-version.cmake
[9.909s] -- Installing: /ws_ros2/install/custom_msg_ros2/share/custom_msg_ros2/package.xml
[9.926s] Invoked command in '/ws_ros2/build/custom_msg_ros2' returned '0': CMAKE_PREFIX_PATH=${CMAKE_PREFIX_PATH}:/ros2_humble/install/rqt_bag_plugins:/ros2_humble/install/rqt_bag:/ros2_humble/install/ros2bag:/ros2_humble/install/tracetools_test:/ros2_humble/install/tracetools_launch:/ros2_humble/install/topic_monitor:/ros2_humble/install/tf2_tools:/ros2_humble/install/examples_tf2_py:/ros2_humble/install/tf2_ros_py:/ros2_humble/install/sros2:/ros2_humble/install/rqt_topic:/ros2_humble/install/rqt_srv:/ros2_humble/install/rqt_shell:/ros2_humble/install/rqt_service_caller:/ros2_humble/install/rqt_reconfigure:/ros2_humble/install/rqt_py_console:/ros2_humble/install/rqt_publisher:/ros2_humble/install/rqt_plot:/ros2_humble/install/rqt_action:/ros2_humble/install/rqt_msg:/ros2_humble/install/rqt_console:/ros2_humble/install/rqt:/ros2_humble/install/rqt_graph:/ros2_humble/install/rqt_gui_py:/ros2_humble/install/rqt_gui:/ros2_humble/install/ros2trace:/ros2_humble/install/ros2topic:/ros2_humble/install/ros2test:/ros2_humble/install/ros2component:/ros2_humble/install/ros2param:/ros2_humble/install/ros2lifecycle:/ros2_humble/install/ros2service:/ros2_humble/install/ros2run:/ros2_humble/install/ros2launch:/ros2_humble/install/ros2pkg:/ros2_humble/install/ros2node:/ros2_humble/install/ros2multicast:/ros2_humble/install/ros2interface:/ros2_humble/install/ros2doctor:/ros2_humble/install/ros2action:/ros2_humble/install/ros2cli:/ros2_humble/install/quality_of_service_demo_py:/ros2_humble/install/lifecycle_py:/ros2_humble/install/launch_testing_ros:/ros2_humble/install/launch_ros:/ros2_humble/install/examples_rclpy_pointcloud_publisher:/ros2_humble/install/examples_rclpy_minimal_subscriber:/ros2_humble/install/examples_rclpy_minimal_service:/ros2_humble/install/examples_rclpy_minimal_publisher:/ros2_humble/install/examples_rclpy_minimal_client:/ros2_humble/install/examples_rclpy_minimal_action_server:/ros2_humble/install/examples_rclpy_minimal_action_client:/ros2_humble/install/examples_rclpy_guard_conditions:/ros2_humble/install/examples_rclpy_executors:/ros2_humble/install/demo_nodes_py:/ros2_humble/install/action_tutorials_py:/ros2_humble/install/ament_uncrustify:/ros2_humble/install/tracetools_trace:/ros2_humble/install/tracetools_read:/ros2_humble/install/test_tracetools_launch:/ros2_humble/install/test_launch_ros:/ros2_humble/install/sensor_msgs_py:/ros2_humble/install/rpyutils:/ros2_humble/install/rosidl_runtime_py:/ros2_humble/install/rosidl_cli:/ros2_humble/install/launch_pytest:/ros2_humble/install/launch_testing:/ros2_humble/install/launch_yaml:/ros2_humble/install/launch_xml:/ros2_humble/install/launch:/ros2_humble/install/osrf_pycommon:/ros2_humble/install/launch_testing_examples:/ros2_humble/install/domain_coordinator:/ros2_humble/install/ament_xmllint:/ros2_humble/install/ament_pyflakes:/ros2_humble/install/ament_pycodestyle:/ros2_humble/install/ament_pep257:/ros2_humble/install/ament_pclint:/ros2_humble/install/ament_package:/ros2_humble/install/ament_mypy:/ros2_humble/install/ament_lint_cmake:/ros2_humble/install/ament_flake8:/ros2_humble/install/ament_copyright:/ros2_humble/install/ament_lint:/ros2_humble/install/ament_index_python:/ros2_humble/install/ament_cpplint:/ros2_humble/install/ament_cppcheck:/ros2_humble/install/ament_clang_tidy:/ros2_humble/install/ament_clang_format /usr/bin/cmake --install /ws_ros2/build/custom_msg_ros2
