-- Found ament_cmake: 1.3.5 (/ros2_humble/install/ament_cmake/share/ament_cmake/cmake)
-- Found rclcpp: 16.0.4 (/ros2_humble/install/rclcpp/share/rclcpp/cmake)
-- Found rosidl_generator_c: 3.1.4 (/ros2_humble/install/rosidl_generator_c/share/rosidl_generator_c/cmake)
-- Found rosidl_adapter: 3.1.4 (/ros2_humble/install/rosidl_adapter/share/rosidl_adapter/cmake)
-- Found rosidl_generator_cpp: 3.1.4 (/ros2_humble/install/rosidl_generator_cpp/share/rosidl_generator_cpp/cmake)
-- Using all available rosidl_typesupport_c: rosidl_typesupport_introspection_c;rosidl_typesupport_fastrtps_c
-- Using all available rosidl_typesupport_cpp: rosidl_typesupport_introspection_cpp;rosidl_typesupport_fastrtps_cpp
-- Found rmw_implementation_cmake: 6.1.1 (/ros2_humble/install/rmw_implementation_cmake/share/rmw_implementation_cmake/cmake)
-- Found rmw_fastrtps_cpp: 6.2.2 (/ros2_humble/install/rmw_fastrtps_cpp/share/rmw_fastrtps_cpp/cmake)
-- Using RMW implementation 'rmw_fastrtps_cpp' as default
[31mCMake Error at CMakeLists.txt:11 (find_package):
  By not providing "Findrosidl_generate_interfaces.cmake" in
  CMAKE_MODULE_PATH this project has asked CMake to find a package
  configuration file provided by "rosidl_generate_interfaces", but CMake did
  not find one.

  Could not find a package configuration file provided by
  "rosidl_generate_interfaces" with any of the following names:

    rosidl_generate_interfacesConfig.cmake
    rosidl_generate_interfaces-config.cmake

  Add the installation prefix of "rosidl_generate_interfaces" to
  CMAKE_PREFIX_PATH or set "rosidl_generate_interfaces_DIR" to a directory
  containing one of the above files.  If "rosidl_generate_interfaces"
  provides a separate development package or SDK, be sure it has been
  installed.

[0m
-- Configuring incomplete, errors occurred!
See also "/ws_ros2/build/custom_msg_ros2/CMakeFiles/CMakeOutput.log".
gmake: *** [Makefile:541: cmake_check_build_system] Error 1
