Performing C SOURCE FILE Test CMAKE_HAVE_LIBC_PTHREAD failed with the following output:
Change Dir: /ws_baxter/build/CMakeFiles/CMakeTmp

Run Build Command(s):/usr/bin/make cmTC_3c27f/fast && /usr/bin/make -f CMakeFiles/cmTC_3c27f.dir/build.make CMakeFiles/cmTC_3c27f.dir/build
make[1]: Entering directory '/ws_baxter/build/CMakeFiles/CMakeTmp'
Building C object CMakeFiles/cmTC_3c27f.dir/src.c.o
/usr/bin/cc   -DCMAKE_HAVE_LIBC_PTHREAD   -o CMakeFiles/cmTC_3c27f.dir/src.c.o   -c /ws_baxter/build/CMakeFiles/CMakeTmp/src.c
Linking C executable cmTC_3c27f
/usr/bin/cmake -E cmake_link_script CMakeFiles/cmTC_3c27f.dir/link.txt --verbose=1
/usr/bin/cc  -DCMAKE_HAVE_LIBC_PTHREAD    -rdynamic CMakeFiles/cmTC_3c27f.dir/src.c.o  -o cmTC_3c27f 
/usr/bin/ld: CMakeFiles/cmTC_3c27f.dir/src.c.o: in function `main':
src.c:(.text+0x46): undefined reference to `pthread_create'
/usr/bin/ld: src.c:(.text+0x52): undefined reference to `pthread_detach'
/usr/bin/ld: src.c:(.text+0x63): undefined reference to `pthread_join'
collect2: error: ld returned 1 exit status
make[1]: *** [CMakeFiles/cmTC_3c27f.dir/build.make:87: cmTC_3c27f] Error 1
make[1]: Leaving directory '/ws_baxter/build/CMakeFiles/CMakeTmp'
make: *** [Makefile:121: cmTC_3c27f/fast] Error 2


Source file was:
#include <pthread.h>

void* test_func(void* data)
{
  return data;
}

int main(void)
{
  pthread_t thread;
  pthread_create(&thread, NULL, test_func, NULL);
  pthread_detach(thread);
  pthread_join(thread, NULL);
  pthread_atfork(NULL, NULL, NULL);
  pthread_exit(NULL);

  return 0;
}

Determining if the function pthread_create exists in the pthreads failed with the following output:
Change Dir: /ws_baxter/build/CMakeFiles/CMakeTmp

Run Build Command(s):/usr/bin/make cmTC_1ffb8/fast && /usr/bin/make -f CMakeFiles/cmTC_1ffb8.dir/build.make CMakeFiles/cmTC_1ffb8.dir/build
make[1]: Entering directory '/ws_baxter/build/CMakeFiles/CMakeTmp'
Building C object CMakeFiles/cmTC_1ffb8.dir/CheckFunctionExists.c.o
/usr/bin/cc   -DCHECK_FUNCTION_EXISTS=pthread_create   -o CMakeFiles/cmTC_1ffb8.dir/CheckFunctionExists.c.o   -c /usr/share/cmake-3.16/Modules/CheckFunctionExists.c
Linking C executable cmTC_1ffb8
/usr/bin/cmake -E cmake_link_script CMakeFiles/cmTC_1ffb8.dir/link.txt --verbose=1
/usr/bin/cc  -DCHECK_FUNCTION_EXISTS=pthread_create    -rdynamic CMakeFiles/cmTC_1ffb8.dir/CheckFunctionExists.c.o  -o cmTC_1ffb8  -lpthreads 
/usr/bin/ld: cannot find -lpthreads
collect2: error: ld returned 1 exit status
make[1]: *** [CMakeFiles/cmTC_1ffb8.dir/build.make:87: cmTC_1ffb8] Error 1
make[1]: Leaving directory '/ws_baxter/build/CMakeFiles/CMakeTmp'
make: *** [Makefile:121: cmTC_1ffb8/fast] Error 2



Determining if the Q_WS_WIN exist failed with the following output:
Change Dir: /ws_baxter/build/CMakeFiles/CMakeTmp

Run Build Command(s):/usr/bin/make cmTC_7fa31/fast && /usr/bin/make -f CMakeFiles/cmTC_7fa31.dir/build.make CMakeFiles/cmTC_7fa31.dir/build
make[1]: Entering directory '/ws_baxter/build/CMakeFiles/CMakeTmp'
Building CXX object CMakeFiles/cmTC_7fa31.dir/CheckSymbolExists.cxx.o
/usr/bin/c++   -I/usr/include/qt4   -o CMakeFiles/cmTC_7fa31.dir/CheckSymbolExists.cxx.o -c /ws_baxter/build/CMakeFiles/CMakeTmp/CheckSymbolExists.cxx
/ws_baxter/build/CMakeFiles/CMakeTmp/CheckSymbolExists.cxx: In function ‘int main(int, char**)’:
/ws_baxter/build/CMakeFiles/CMakeTmp/CheckSymbolExists.cxx:8:19: error: ‘Q_WS_WIN’ was not declared in this scope
    8 |   return ((int*)(&Q_WS_WIN))[argc];
      |                   ^~~~~~~~
make[1]: *** [CMakeFiles/cmTC_7fa31.dir/build.make:66: CMakeFiles/cmTC_7fa31.dir/CheckSymbolExists.cxx.o] Error 1
make[1]: Leaving directory '/ws_baxter/build/CMakeFiles/CMakeTmp'
make: *** [Makefile:121: cmTC_7fa31/fast] Error 2


File /ws_baxter/build/CMakeFiles/CMakeTmp/CheckSymbolExists.cxx:
/* */
#include <QtCore/qglobal.h>

int main(int argc, char** argv)
{
  (void)argv;
#ifndef Q_WS_WIN
  return ((int*)(&Q_WS_WIN))[argc];
#else
  (void)argc;
  return 0;
#endif
}
Determining if the Q_WS_QWS exist failed with the following output:
Change Dir: /ws_baxter/build/CMakeFiles/CMakeTmp

Run Build Command(s):/usr/bin/make cmTC_516ed/fast && /usr/bin/make -f CMakeFiles/cmTC_516ed.dir/build.make CMakeFiles/cmTC_516ed.dir/build
make[1]: Entering directory '/ws_baxter/build/CMakeFiles/CMakeTmp'
Building CXX object CMakeFiles/cmTC_516ed.dir/CheckSymbolExists.cxx.o
/usr/bin/c++   -I/usr/include/qt4   -o CMakeFiles/cmTC_516ed.dir/CheckSymbolExists.cxx.o -c /ws_baxter/build/CMakeFiles/CMakeTmp/CheckSymbolExists.cxx
/ws_baxter/build/CMakeFiles/CMakeTmp/CheckSymbolExists.cxx: In function ‘int main(int, char**)’:
/ws_baxter/build/CMakeFiles/CMakeTmp/CheckSymbolExists.cxx:8:19: error: ‘Q_WS_QWS’ was not declared in this scope
    8 |   return ((int*)(&Q_WS_QWS))[argc];
      |                   ^~~~~~~~
make[1]: *** [CMakeFiles/cmTC_516ed.dir/build.make:66: CMakeFiles/cmTC_516ed.dir/CheckSymbolExists.cxx.o] Error 1
make[1]: Leaving directory '/ws_baxter/build/CMakeFiles/CMakeTmp'
make: *** [Makefile:121: cmTC_516ed/fast] Error 2


File /ws_baxter/build/CMakeFiles/CMakeTmp/CheckSymbolExists.cxx:
/* */
#include <QtCore/qglobal.h>

int main(int argc, char** argv)
{
  (void)argv;
#ifndef Q_WS_QWS
  return ((int*)(&Q_WS_QWS))[argc];
#else
  (void)argc;
  return 0;
#endif
}
Determining if the Q_WS_MAC exist failed with the following output:
Change Dir: /ws_baxter/build/CMakeFiles/CMakeTmp

Run Build Command(s):/usr/bin/make cmTC_9aae3/fast && /usr/bin/make -f CMakeFiles/cmTC_9aae3.dir/build.make CMakeFiles/cmTC_9aae3.dir/build
make[1]: Entering directory '/ws_baxter/build/CMakeFiles/CMakeTmp'
Building CXX object CMakeFiles/cmTC_9aae3.dir/CheckSymbolExists.cxx.o
/usr/bin/c++   -I/usr/include/qt4   -o CMakeFiles/cmTC_9aae3.dir/CheckSymbolExists.cxx.o -c /ws_baxter/build/CMakeFiles/CMakeTmp/CheckSymbolExists.cxx
/ws_baxter/build/CMakeFiles/CMakeTmp/CheckSymbolExists.cxx: In function ‘int main(int, char**)’:
/ws_baxter/build/CMakeFiles/CMakeTmp/CheckSymbolExists.cxx:8:19: error: ‘Q_WS_MAC’ was not declared in this scope
    8 |   return ((int*)(&Q_WS_MAC))[argc];
      |                   ^~~~~~~~
make[1]: *** [CMakeFiles/cmTC_9aae3.dir/build.make:66: CMakeFiles/cmTC_9aae3.dir/CheckSymbolExists.cxx.o] Error 1
make[1]: Leaving directory '/ws_baxter/build/CMakeFiles/CMakeTmp'
make: *** [Makefile:121: cmTC_9aae3/fast] Error 2


File /ws_baxter/build/CMakeFiles/CMakeTmp/CheckSymbolExists.cxx:
/* */
#include <QtCore/qglobal.h>

int main(int argc, char** argv)
{
  (void)argv;
#ifndef Q_WS_MAC
  return ((int*)(&Q_WS_MAC))[argc];
#else
  (void)argc;
  return 0;
#endif
}
Determining if the function sgemm_ exists failed with the following output:
Change Dir: /ws_baxter/build/CMakeFiles/CMakeTmp

Run Build Command(s):/usr/bin/make cmTC_77253/fast && /usr/bin/make -f CMakeFiles/cmTC_77253.dir/build.make CMakeFiles/cmTC_77253.dir/build
make[1]: Entering directory '/ws_baxter/build/CMakeFiles/CMakeTmp'
Building C object CMakeFiles/cmTC_77253.dir/CheckFunctionExists.c.o
/usr/bin/cc   -DCHECK_FUNCTION_EXISTS=sgemm_   -o CMakeFiles/cmTC_77253.dir/CheckFunctionExists.c.o   -c /usr/share/cmake-3.16/Modules/CheckFunctionExists.c
Linking C executable cmTC_77253
/usr/bin/cmake -E cmake_link_script CMakeFiles/cmTC_77253.dir/link.txt --verbose=1
/usr/bin/cc  -DCHECK_FUNCTION_EXISTS=sgemm_    -rdynamic CMakeFiles/cmTC_77253.dir/CheckFunctionExists.c.o  -o cmTC_77253 
/usr/bin/ld: CMakeFiles/cmTC_77253.dir/CheckFunctionExists.c.o: in function `main':
CheckFunctionExists.c:(.text+0x14): undefined reference to `sgemm_'
collect2: error: ld returned 1 exit status
make[1]: *** [CMakeFiles/cmTC_77253.dir/build.make:87: cmTC_77253] Error 1
make[1]: Leaving directory '/ws_baxter/build/CMakeFiles/CMakeTmp'
make: *** [Makefile:121: cmTC_77253/fast] Error 2



Determining if the function cheev_ exists failed with the following output:
Change Dir: /ws_baxter/build/CMakeFiles/CMakeTmp

Run Build Command(s):/usr/bin/make cmTC_76c98/fast && /usr/bin/make -f CMakeFiles/cmTC_76c98.dir/build.make CMakeFiles/cmTC_76c98.dir/build
make[1]: Entering directory '/ws_baxter/build/CMakeFiles/CMakeTmp'
Building C object CMakeFiles/cmTC_76c98.dir/CheckFunctionExists.c.o
/usr/bin/cc   -DCHECK_FUNCTION_EXISTS=cheev_   -o CMakeFiles/cmTC_76c98.dir/CheckFunctionExists.c.o   -c /usr/share/cmake-3.16/Modules/CheckFunctionExists.c
Linking C executable cmTC_76c98
/usr/bin/cmake -E cmake_link_script CMakeFiles/cmTC_76c98.dir/link.txt --verbose=1
/usr/bin/cc  -DCHECK_FUNCTION_EXISTS=cheev_    -rdynamic CMakeFiles/cmTC_76c98.dir/CheckFunctionExists.c.o  -o cmTC_76c98  /usr/lib/x86_64-linux-gnu/libblas.so 
/usr/bin/ld: CMakeFiles/cmTC_76c98.dir/CheckFunctionExists.c.o: in function `main':
CheckFunctionExists.c:(.text+0x14): undefined reference to `cheev_'
collect2: error: ld returned 1 exit status
make[1]: *** [CMakeFiles/cmTC_76c98.dir/build.make:88: cmTC_76c98] Error 1
make[1]: Leaving directory '/ws_baxter/build/CMakeFiles/CMakeTmp'
make: *** [Makefile:121: cmTC_76c98/fast] Error 2



