-- Found ament_cmake: 1.3.5 (/ros2_humble/install/ament_cmake/share/ament_cmake/cmake)
-- Found rclcpp: 16.0.4 (/ros2_humble/install/rclcpp/share/rclcpp/cmake)
-- Found rosidl_generator_c: 3.1.4 (/ros2_humble/install/rosidl_generator_c/share/rosidl_generator_c/cmake)
-- Found rosidl_adapter: 3.1.4 (/ros2_humble/install/rosidl_adapter/share/rosidl_adapter/cmake)
-- Found rosidl_generator_cpp: 3.1.4 (/ros2_humble/install/rosidl_generator_cpp/share/rosidl_generator_cpp/cmake)
-- Using all available rosidl_typesupport_c: rosidl_typesupport_introspection_c;rosidl_typesupport_fastrtps_c
-- Using all available rosidl_typesupport_cpp: rosidl_typesupport_introspection_cpp;rosidl_typesupport_fastrtps_cpp
-- Found rmw_implementation_cmake: 6.1.1 (/ros2_humble/install/rmw_implementation_cmake/share/rmw_implementation_cmake/cmake)
-- Found rmw_fastrtps_cpp: 6.2.2 (/ros2_humble/install/rmw_fastrtps_cpp/share/rmw_fastrtps_cpp/cmake)
-- Using RMW implementation 'rmw_fastrtps_cpp' as default
-- Found rosidl_default_generators: 1.2.0 (/ros2_humble/install/rosidl_default_generators/share/rosidl_default_generators/cmake)
-- Found ament_cmake_ros: 0.10.0 (/ros2_humble/install/ament_cmake_ros/share/ament_cmake_ros/cmake)
-- Using all available rosidl_typesupport_c: rosidl_typesupport_introspection_c;rosidl_typesupport_fastrtps_c
-- Using all available rosidl_typesupport_cpp: rosidl_typesupport_introspection_cpp;rosidl_typesupport_fastrtps_cpp
-- Found python_cmake_module: 0.10.0 (/ros2_humble/install/python_cmake_module/share/python_cmake_module/cmake)
-- Using PYTHON_EXECUTABLE: /usr/bin/python3
-- Using PYTHON_INCLUDE_DIRS: /usr/include/python3.10
-- Using PYTHON_LIBRARIES: /usr/lib/x86_64-linux-gnu/libpython3.10.so
-- Found ament_lint_auto: 0.12.6 (/ros2_humble/install/ament_lint_auto/share/ament_lint_auto/cmake)
-- Added test 'lint_cmake' to check CMake code style
-- Added test 'xmllint' to check XML markup files
-- Configuring done
-- Generating done
-- Build files have been written to: /ws_ros2/build/custom_msg_ros2
[35m[1mConsolidate compiler generated dependencies of target custom_msg_ros2__rosidl_generator_c[0m
[  9%] Built target custom_msg_ros2__rosidl_generator_c
[ 12%] Built target custom_msg_ros2__cpp
[ 12%] Built target ament_cmake_python_copy_custom_msg_ros2
[35m[1mConsolidate compiler generated dependencies of target custom_msg_ros2__rosidl_typesupport_c[0m
[35m[1mConsolidate compiler generated dependencies of target custom_msg_ros2__rosidl_typesupport_introspection_c[0m
[35m[1mConsolidate compiler generated dependencies of target custom_msg_ros2__rosidl_typesupport_introspection_cpp[0m
[ 22%] Built target custom_msg_ros2__rosidl_typesupport_introspection_c
[35m[1mConsolidate compiler generated dependencies of target custom_msg_ros2__rosidl_typesupport_fastrtps_c[0m
[ 32%] Built target custom_msg_ros2__rosidl_typesupport_c
[ 41%] Built target custom_msg_ros2__rosidl_typesupport_fastrtps_c
[35m[1mConsolidate compiler generated dependencies of target custom_msg_ros2__rosidl_typesupport_cpp[0m
[ 51%] Built target custom_msg_ros2__rosidl_typesupport_introspection_cpp
[35m[1mConsolidate compiler generated dependencies of target custom_msg_ros2__rosidl_typesupport_fastrtps_cpp[0m
[ 61%] Built target custom_msg_ros2__rosidl_typesupport_fastrtps_cpp
[ 70%] Built target custom_msg_ros2__rosidl_typesupport_cpp
[ 70%] Built target custom_msg_ros2
[ 74%] Built target custom_msg_ros2__py
[35m[1mConsolidate compiler generated dependencies of target custom_msg_ros2__rosidl_generator_py[0m
[ 80%] Built target custom_msg_ros2__rosidl_generator_py
[35m[1mConsolidate compiler generated dependencies of target custom_msg_ros2__rosidl_typesupport_introspection_c__pyext[0m
[35m[1mConsolidate compiler generated dependencies of target custom_msg_ros2__rosidl_typesupport_fastrtps_c__pyext[0m
[ 87%] Built target custom_msg_ros2__rosidl_typesupport_introspection_c__pyext
[ 93%] Built target custom_msg_ros2__rosidl_typesupport_fastrtps_c__pyext
[35m[1mConsolidate compiler generated dependencies of target custom_msg_ros2__rosidl_typesupport_c__pyext[0m
[100%] Built target custom_msg_ros2__rosidl_typesupport_c__pyext
running egg_info
writing custom_msg_ros2.egg-info/PKG-INFO
writing dependency_links to custom_msg_ros2.egg-info/dependency_links.txt
writing top-level names to custom_msg_ros2.egg-info/top_level.txt
reading manifest file 'custom_msg_ros2.egg-info/SOURCES.txt'
writing manifest file 'custom_msg_ros2.egg-info/SOURCES.txt'
[100%] Built target ament_cmake_python_build_custom_msg_ros2_egg
-- Install configuration: ""
-- Up-to-date: /ws_ros2/install/custom_msg_ros2/share/ament_index/resource_index/rosidl_interfaces/custom_msg_ros2
-- Up-to-date: /ws_ros2/install/custom_msg_ros2/include/custom_msg_ros2/custom_msg_ros2
-- Up-to-date: /ws_ros2/install/custom_msg_ros2/include/custom_msg_ros2/custom_msg_ros2/msg
-- Up-to-date: /ws_ros2/install/custom_msg_ros2/include/custom_msg_ros2/custom_msg_ros2/msg/detail
-- Up-to-date: /ws_ros2/install/custom_msg_ros2/include/custom_msg_ros2/custom_msg_ros2/msg/detail/custom_message__functions.h
-- Up-to-date: /ws_ros2/install/custom_msg_ros2/include/custom_msg_ros2/custom_msg_ros2/msg/detail/custom_message__struct.h
-- Up-to-date: /ws_ros2/install/custom_msg_ros2/include/custom_msg_ros2/custom_msg_ros2/msg/detail/custom_message__type_support.h
-- Up-to-date: /ws_ros2/install/custom_msg_ros2/include/custom_msg_ros2/custom_msg_ros2/msg/detail/custom_message__functions.c
-- Up-to-date: /ws_ros2/install/custom_msg_ros2/include/custom_msg_ros2/custom_msg_ros2/msg/rosidl_generator_c__visibility_control.h
-- Up-to-date: /ws_ros2/install/custom_msg_ros2/include/custom_msg_ros2/custom_msg_ros2/msg/custom_message.h
-- Up-to-date: /ws_ros2/install/custom_msg_ros2/share/custom_msg_ros2/environment/library_path.sh
-- Installing: /ws_ros2/install/custom_msg_ros2/share/custom_msg_ros2/environment/library_path.dsv
-- Up-to-date: /ws_ros2/install/custom_msg_ros2/lib/libcustom_msg_ros2__rosidl_generator_c.so
-- Up-to-date: /ws_ros2/install/custom_msg_ros2/include/custom_msg_ros2/custom_msg_ros2
-- Up-to-date: /ws_ros2/install/custom_msg_ros2/include/custom_msg_ros2/custom_msg_ros2/msg
-- Up-to-date: /ws_ros2/install/custom_msg_ros2/include/custom_msg_ros2/custom_msg_ros2/msg/rosidl_typesupport_fastrtps_c__visibility_control.h
-- Up-to-date: /ws_ros2/install/custom_msg_ros2/include/custom_msg_ros2/custom_msg_ros2/msg/detail
-- Up-to-date: /ws_ros2/install/custom_msg_ros2/include/custom_msg_ros2/custom_msg_ros2/msg/detail/custom_message__rosidl_typesupport_fastrtps_c.h
-- Up-to-date: /ws_ros2/install/custom_msg_ros2/lib/libcustom_msg_ros2__rosidl_typesupport_fastrtps_c.so
-- Up-to-date: /ws_ros2/install/custom_msg_ros2/include/custom_msg_ros2/custom_msg_ros2
-- Up-to-date: /ws_ros2/install/custom_msg_ros2/include/custom_msg_ros2/custom_msg_ros2/msg
-- Up-to-date: /ws_ros2/install/custom_msg_ros2/include/custom_msg_ros2/custom_msg_ros2/msg/custom_message.hpp
-- Up-to-date: /ws_ros2/install/custom_msg_ros2/include/custom_msg_ros2/custom_msg_ros2/msg/detail
-- Up-to-date: /ws_ros2/install/custom_msg_ros2/include/custom_msg_ros2/custom_msg_ros2/msg/detail/custom_message__traits.hpp
-- Up-to-date: /ws_ros2/install/custom_msg_ros2/include/custom_msg_ros2/custom_msg_ros2/msg/detail/custom_message__builder.hpp
-- Up-to-date: /ws_ros2/install/custom_msg_ros2/include/custom_msg_ros2/custom_msg_ros2/msg/detail/custom_message__struct.hpp
-- Up-to-date: /ws_ros2/install/custom_msg_ros2/include/custom_msg_ros2/custom_msg_ros2
-- Up-to-date: /ws_ros2/install/custom_msg_ros2/include/custom_msg_ros2/custom_msg_ros2/msg
-- Up-to-date: /ws_ros2/install/custom_msg_ros2/include/custom_msg_ros2/custom_msg_ros2/msg/detail
-- Up-to-date: /ws_ros2/install/custom_msg_ros2/include/custom_msg_ros2/custom_msg_ros2/msg/detail/dds_fastrtps
-- Up-to-date: /ws_ros2/install/custom_msg_ros2/include/custom_msg_ros2/custom_msg_ros2/msg/detail/custom_message__rosidl_typesupport_fastrtps_cpp.hpp
-- Up-to-date: /ws_ros2/install/custom_msg_ros2/include/custom_msg_ros2/custom_msg_ros2/msg/rosidl_typesupport_fastrtps_cpp__visibility_control.h
-- Up-to-date: /ws_ros2/install/custom_msg_ros2/lib/libcustom_msg_ros2__rosidl_typesupport_fastrtps_cpp.so
-- Up-to-date: /ws_ros2/install/custom_msg_ros2/include/custom_msg_ros2/custom_msg_ros2
-- Up-to-date: /ws_ros2/install/custom_msg_ros2/include/custom_msg_ros2/custom_msg_ros2/msg
-- Up-to-date: /ws_ros2/install/custom_msg_ros2/include/custom_msg_ros2/custom_msg_ros2/msg/rosidl_typesupport_introspection_c__visibility_control.h
-- Up-to-date: /ws_ros2/install/custom_msg_ros2/include/custom_msg_ros2/custom_msg_ros2/msg/detail
-- Up-to-date: /ws_ros2/install/custom_msg_ros2/include/custom_msg_ros2/custom_msg_ros2/msg/detail/custom_message__type_support.c
-- Up-to-date: /ws_ros2/install/custom_msg_ros2/include/custom_msg_ros2/custom_msg_ros2/msg/detail/custom_message__rosidl_typesupport_introspection_c.h
-- Up-to-date: /ws_ros2/install/custom_msg_ros2/lib/libcustom_msg_ros2__rosidl_typesupport_introspection_c.so
-- Up-to-date: /ws_ros2/install/custom_msg_ros2/lib/libcustom_msg_ros2__rosidl_typesupport_c.so
-- Up-to-date: /ws_ros2/install/custom_msg_ros2/include/custom_msg_ros2/custom_msg_ros2
-- Up-to-date: /ws_ros2/install/custom_msg_ros2/include/custom_msg_ros2/custom_msg_ros2/msg
-- Up-to-date: /ws_ros2/install/custom_msg_ros2/include/custom_msg_ros2/custom_msg_ros2/msg/detail
-- Up-to-date: /ws_ros2/install/custom_msg_ros2/include/custom_msg_ros2/custom_msg_ros2/msg/detail/custom_message__type_support.cpp
-- Up-to-date: /ws_ros2/install/custom_msg_ros2/include/custom_msg_ros2/custom_msg_ros2/msg/detail/custom_message__rosidl_typesupport_introspection_cpp.hpp
-- Up-to-date: /ws_ros2/install/custom_msg_ros2/lib/libcustom_msg_ros2__rosidl_typesupport_introspection_cpp.so
-- Up-to-date: /ws_ros2/install/custom_msg_ros2/lib/libcustom_msg_ros2__rosidl_typesupport_cpp.so
-- Up-to-date: /ws_ros2/install/custom_msg_ros2/share/custom_msg_ros2/environment/pythonpath.sh
-- Installing: /ws_ros2/install/custom_msg_ros2/share/custom_msg_ros2/environment/pythonpath.dsv
-- Up-to-date: /ws_ros2/install/custom_msg_ros2/local/lib/python3.10/dist-packages/custom_msg_ros2-0.0.0-py3.10.egg-info
-- Installing: /ws_ros2/install/custom_msg_ros2/local/lib/python3.10/dist-packages/custom_msg_ros2-0.0.0-py3.10.egg-info/top_level.txt
-- Installing: /ws_ros2/install/custom_msg_ros2/local/lib/python3.10/dist-packages/custom_msg_ros2-0.0.0-py3.10.egg-info/SOURCES.txt
-- Installing: /ws_ros2/install/custom_msg_ros2/local/lib/python3.10/dist-packages/custom_msg_ros2-0.0.0-py3.10.egg-info/PKG-INFO
-- Installing: /ws_ros2/install/custom_msg_ros2/local/lib/python3.10/dist-packages/custom_msg_ros2-0.0.0-py3.10.egg-info/dependency_links.txt
-- Up-to-date: /ws_ros2/install/custom_msg_ros2/local/lib/python3.10/dist-packages/custom_msg_ros2
-- Up-to-date: /ws_ros2/install/custom_msg_ros2/local/lib/python3.10/dist-packages/custom_msg_ros2/custom_msg_ros2_s__rosidl_typesupport_c.cpython-310-x86_64-linux-gnu.so
-- Up-to-date: /ws_ros2/install/custom_msg_ros2/local/lib/python3.10/dist-packages/custom_msg_ros2/custom_msg_ros2_s__rosidl_typesupport_fastrtps_c.cpython-310-x86_64-linux-gnu.so
-- Up-to-date: /ws_ros2/install/custom_msg_ros2/local/lib/python3.10/dist-packages/custom_msg_ros2/msg
-- Up-to-date: /ws_ros2/install/custom_msg_ros2/local/lib/python3.10/dist-packages/custom_msg_ros2/msg/_custom_message_s.c
-- Up-to-date: /ws_ros2/install/custom_msg_ros2/local/lib/python3.10/dist-packages/custom_msg_ros2/msg/_custom_message.py
-- Up-to-date: /ws_ros2/install/custom_msg_ros2/local/lib/python3.10/dist-packages/custom_msg_ros2/msg/__init__.py
-- Up-to-date: /ws_ros2/install/custom_msg_ros2/local/lib/python3.10/dist-packages/custom_msg_ros2/_custom_msg_ros2_s.ep.rosidl_typesupport_introspection_c.c
-- Up-to-date: /ws_ros2/install/custom_msg_ros2/local/lib/python3.10/dist-packages/custom_msg_ros2/libcustom_msg_ros2__rosidl_generator_py.so
-- Up-to-date: /ws_ros2/install/custom_msg_ros2/local/lib/python3.10/dist-packages/custom_msg_ros2/_custom_msg_ros2_s.ep.rosidl_typesupport_fastrtps_c.c
-- Up-to-date: /ws_ros2/install/custom_msg_ros2/local/lib/python3.10/dist-packages/custom_msg_ros2/_custom_msg_ros2_s.ep.rosidl_typesupport_c.c
-- Up-to-date: /ws_ros2/install/custom_msg_ros2/local/lib/python3.10/dist-packages/custom_msg_ros2/custom_msg_ros2_s__rosidl_typesupport_introspection_c.cpython-310-x86_64-linux-gnu.so
-- Installing: /ws_ros2/install/custom_msg_ros2/local/lib/python3.10/dist-packages/custom_msg_ros2/__init__.py
Listing '/ws_ros2/install/custom_msg_ros2/local/lib/python3.10/dist-packages/custom_msg_ros2'...
Compiling '/ws_ros2/install/custom_msg_ros2/local/lib/python3.10/dist-packages/custom_msg_ros2/__init__.py'...
Listing '/ws_ros2/install/custom_msg_ros2/local/lib/python3.10/dist-packages/custom_msg_ros2/msg'...
-- Up-to-date: /ws_ros2/install/custom_msg_ros2/local/lib/python3.10/dist-packages/custom_msg_ros2/custom_msg_ros2_s__rosidl_typesupport_introspection_c.cpython-310-x86_64-linux-gnu.so
-- Up-to-date: /ws_ros2/install/custom_msg_ros2/local/lib/python3.10/dist-packages/custom_msg_ros2/custom_msg_ros2_s__rosidl_typesupport_fastrtps_c.cpython-310-x86_64-linux-gnu.so
-- Up-to-date: /ws_ros2/install/custom_msg_ros2/local/lib/python3.10/dist-packages/custom_msg_ros2/custom_msg_ros2_s__rosidl_typesupport_c.cpython-310-x86_64-linux-gnu.so
-- Up-to-date: /ws_ros2/install/custom_msg_ros2/lib/libcustom_msg_ros2__rosidl_generator_py.so
-- Up-to-date: /ws_ros2/install/custom_msg_ros2/share/custom_msg_ros2/msg/CustomMessage.idl
-- Up-to-date: /ws_ros2/install/custom_msg_ros2/share/custom_msg_ros2/msg/CustomMessage.msg
-- Installing: /ws_ros2/install/custom_msg_ros2/share/custom_msg_ros2/custom_rules.yaml
-- Up-to-date: /ws_ros2/install/custom_msg_ros2/share/ament_index/resource_index/package_run_dependencies/custom_msg_ros2
-- Installing: /ws_ros2/install/custom_msg_ros2/share/ament_index/resource_index/parent_prefix_path/custom_msg_ros2
-- Installing: /ws_ros2/install/custom_msg_ros2/share/custom_msg_ros2/environment/ament_prefix_path.dsv
-- Installing: /ws_ros2/install/custom_msg_ros2/share/custom_msg_ros2/environment/path.dsv
-- Up-to-date: /ws_ros2/install/custom_msg_ros2/share/custom_msg_ros2/local_setup.bash
-- Up-to-date: /ws_ros2/install/custom_msg_ros2/share/custom_msg_ros2/local_setup.sh
-- Up-to-date: /ws_ros2/install/custom_msg_ros2/share/custom_msg_ros2/local_setup.zsh
-- Installing: /ws_ros2/install/custom_msg_ros2/share/custom_msg_ros2/local_setup.dsv
-- Installing: /ws_ros2/install/custom_msg_ros2/share/custom_msg_ros2/package.dsv
-- Up-to-date: /ws_ros2/install/custom_msg_ros2/share/ament_index/resource_index/packages/custom_msg_ros2
-- Up-to-date: /ws_ros2/install/custom_msg_ros2/share/custom_msg_ros2/cmake/export_custom_msg_ros2__rosidl_generator_cExport.cmake
-- Up-to-date: /ws_ros2/install/custom_msg_ros2/share/custom_msg_ros2/cmake/export_custom_msg_ros2__rosidl_generator_cExport-noconfig.cmake
-- Up-to-date: /ws_ros2/install/custom_msg_ros2/share/custom_msg_ros2/cmake/export_custom_msg_ros2__rosidl_typesupport_fastrtps_cExport.cmake
-- Up-to-date: /ws_ros2/install/custom_msg_ros2/share/custom_msg_ros2/cmake/export_custom_msg_ros2__rosidl_typesupport_fastrtps_cExport-noconfig.cmake
-- Up-to-date: /ws_ros2/install/custom_msg_ros2/share/custom_msg_ros2/cmake/export_custom_msg_ros2__rosidl_generator_cppExport.cmake
-- Up-to-date: /ws_ros2/install/custom_msg_ros2/share/custom_msg_ros2/cmake/export_custom_msg_ros2__rosidl_typesupport_fastrtps_cppExport.cmake
-- Up-to-date: /ws_ros2/install/custom_msg_ros2/share/custom_msg_ros2/cmake/export_custom_msg_ros2__rosidl_typesupport_fastrtps_cppExport-noconfig.cmake
-- Up-to-date: /ws_ros2/install/custom_msg_ros2/share/custom_msg_ros2/cmake/custom_msg_ros2__rosidl_typesupport_introspection_cExport.cmake
-- Up-to-date: /ws_ros2/install/custom_msg_ros2/share/custom_msg_ros2/cmake/custom_msg_ros2__rosidl_typesupport_introspection_cExport-noconfig.cmake
-- Up-to-date: /ws_ros2/install/custom_msg_ros2/share/custom_msg_ros2/cmake/custom_msg_ros2__rosidl_typesupport_cExport.cmake
-- Up-to-date: /ws_ros2/install/custom_msg_ros2/share/custom_msg_ros2/cmake/custom_msg_ros2__rosidl_typesupport_cExport-noconfig.cmake
-- Up-to-date: /ws_ros2/install/custom_msg_ros2/share/custom_msg_ros2/cmake/custom_msg_ros2__rosidl_typesupport_introspection_cppExport.cmake
-- Up-to-date: /ws_ros2/install/custom_msg_ros2/share/custom_msg_ros2/cmake/custom_msg_ros2__rosidl_typesupport_introspection_cppExport-noconfig.cmake
-- Up-to-date: /ws_ros2/install/custom_msg_ros2/share/custom_msg_ros2/cmake/custom_msg_ros2__rosidl_typesupport_cppExport.cmake
-- Up-to-date: /ws_ros2/install/custom_msg_ros2/share/custom_msg_ros2/cmake/custom_msg_ros2__rosidl_typesupport_cppExport-noconfig.cmake
-- Up-to-date: /ws_ros2/install/custom_msg_ros2/share/custom_msg_ros2/cmake/export_custom_msg_ros2__rosidl_generator_pyExport.cmake
-- Up-to-date: /ws_ros2/install/custom_msg_ros2/share/custom_msg_ros2/cmake/export_custom_msg_ros2__rosidl_generator_pyExport-noconfig.cmake
-- Up-to-date: /ws_ros2/install/custom_msg_ros2/share/custom_msg_ros2/cmake/rosidl_cmake-extras.cmake
-- Up-to-date: /ws_ros2/install/custom_msg_ros2/share/custom_msg_ros2/cmake/ament_cmake_export_include_directories-extras.cmake
-- Up-to-date: /ws_ros2/install/custom_msg_ros2/share/custom_msg_ros2/cmake/ament_cmake_export_libraries-extras.cmake
-- Up-to-date: /ws_ros2/install/custom_msg_ros2/share/custom_msg_ros2/cmake/ament_cmake_export_targets-extras.cmake
-- Up-to-date: /ws_ros2/install/custom_msg_ros2/share/custom_msg_ros2/cmake/rosidl_cmake_export_typesupport_targets-extras.cmake
-- Up-to-date: /ws_ros2/install/custom_msg_ros2/share/custom_msg_ros2/cmake/ament_cmake_export_dependencies-extras.cmake
-- Up-to-date: /ws_ros2/install/custom_msg_ros2/share/custom_msg_ros2/cmake/rosidl_cmake_export_typesupport_libraries-extras.cmake
-- Up-to-date: /ws_ros2/install/custom_msg_ros2/share/custom_msg_ros2/cmake/custom_msg_ros2Config.cmake
-- Up-to-date: /ws_ros2/install/custom_msg_ros2/share/custom_msg_ros2/cmake/custom_msg_ros2Config-version.cmake
-- Installing: /ws_ros2/install/custom_msg_ros2/share/custom_msg_ros2/package.xml
