[0.156s] Invoking command in '/ws_ros2/build/custom_msg_ros2': CMAKE_PREFIX_PATH=${CMAKE_PREFIX_PATH}:/ros2_humble/install/rqt_bag_plugins:/ros2_humble/install/rqt_bag:/ros2_humble/install/ros2bag:/ros2_humble/install/tracetools_test:/ros2_humble/install/tracetools_launch:/ros2_humble/install/topic_monitor:/ros2_humble/install/tf2_tools:/ros2_humble/install/examples_tf2_py:/ros2_humble/install/tf2_ros_py:/ros2_humble/install/sros2:/ros2_humble/install/rqt_topic:/ros2_humble/install/rqt_srv:/ros2_humble/install/rqt_shell:/ros2_humble/install/rqt_service_caller:/ros2_humble/install/rqt_reconfigure:/ros2_humble/install/rqt_py_console:/ros2_humble/install/rqt_publisher:/ros2_humble/install/rqt_plot:/ros2_humble/install/rqt_action:/ros2_humble/install/rqt_msg:/ros2_humble/install/rqt_console:/ros2_humble/install/rqt:/ros2_humble/install/rqt_graph:/ros2_humble/install/rqt_gui_py:/ros2_humble/install/rqt_gui:/ros2_humble/install/ros2trace:/ros2_humble/install/ros2topic:/ros2_humble/install/ros2test:/ros2_humble/install/ros2component:/ros2_humble/install/ros2param:/ros2_humble/install/ros2lifecycle:/ros2_humble/install/ros2service:/ros2_humble/install/ros2run:/ros2_humble/install/ros2launch:/ros2_humble/install/ros2pkg:/ros2_humble/install/ros2node:/ros2_humble/install/ros2multicast:/ros2_humble/install/ros2interface:/ros2_humble/install/ros2doctor:/ros2_humble/install/ros2action:/ros2_humble/install/ros2cli:/ros2_humble/install/quality_of_service_demo_py:/ros2_humble/install/lifecycle_py:/ros2_humble/install/launch_testing_ros:/ros2_humble/install/launch_ros:/ros2_humble/install/examples_rclpy_pointcloud_publisher:/ros2_humble/install/examples_rclpy_minimal_subscriber:/ros2_humble/install/examples_rclpy_minimal_service:/ros2_humble/install/examples_rclpy_minimal_publisher:/ros2_humble/install/examples_rclpy_minimal_client:/ros2_humble/install/examples_rclpy_minimal_action_server:/ros2_humble/install/examples_rclpy_minimal_action_client:/ros2_humble/install/examples_rclpy_guard_conditions:/ros2_humble/install/examples_rclpy_executors:/ros2_humble/install/demo_nodes_py:/ros2_humble/install/action_tutorials_py:/ros2_humble/install/ament_uncrustify:/ros2_humble/install/tracetools_trace:/ros2_humble/install/tracetools_read:/ros2_humble/install/test_tracetools_launch:/ros2_humble/install/test_launch_ros:/ros2_humble/install/sensor_msgs_py:/ros2_humble/install/rpyutils:/ros2_humble/install/rosidl_runtime_py:/ros2_humble/install/rosidl_cli:/ros2_humble/install/launch_pytest:/ros2_humble/install/launch_testing:/ros2_humble/install/launch_yaml:/ros2_humble/install/launch_xml:/ros2_humble/install/launch:/ros2_humble/install/osrf_pycommon:/ros2_humble/install/launch_testing_examples:/ros2_humble/install/domain_coordinator:/ros2_humble/install/ament_xmllint:/ros2_humble/install/ament_pyflakes:/ros2_humble/install/ament_pycodestyle:/ros2_humble/install/ament_pep257:/ros2_humble/install/ament_pclint:/ros2_humble/install/ament_package:/ros2_humble/install/ament_mypy:/ros2_humble/install/ament_lint_cmake:/ros2_humble/install/ament_flake8:/ros2_humble/install/ament_copyright:/ros2_humble/install/ament_lint:/ros2_humble/install/ament_index_python:/ros2_humble/install/ament_cpplint:/ros2_humble/install/ament_cppcheck:/ros2_humble/install/ament_clang_tidy:/ros2_humble/install/ament_clang_format /usr/bin/cmake --build /ws_ros2/build/custom_msg_ros2 -- -j4 -l4
[0.294s] -- Found ament_cmake: 1.3.5 (/ros2_humble/install/ament_cmake/share/ament_cmake/cmake)
[1.467s] -- Found rclcpp: 16.0.4 (/ros2_humble/install/rclcpp/share/rclcpp/cmake)
[1.557s] -- Found rosidl_generator_c: 3.1.4 (/ros2_humble/install/rosidl_generator_c/share/rosidl_generator_c/cmake)
[1.564s] -- Found rosidl_adapter: 3.1.4 (/ros2_humble/install/rosidl_adapter/share/rosidl_adapter/cmake)
[1.581s] -- Found rosidl_generator_cpp: 3.1.4 (/ros2_humble/install/rosidl_generator_cpp/share/rosidl_generator_cpp/cmake)
[1.687s] -- Using all available rosidl_typesupport_c: rosidl_typesupport_introspection_c;rosidl_typesupport_fastrtps_c
[1.786s] -- Using all available rosidl_typesupport_cpp: rosidl_typesupport_introspection_cpp;rosidl_typesupport_fastrtps_cpp
[1.985s] -- Found rmw_implementation_cmake: 6.1.1 (/ros2_humble/install/rmw_implementation_cmake/share/rmw_implementation_cmake/cmake)
[2.035s] -- Found rmw_fastrtps_cpp: 6.2.2 (/ros2_humble/install/rmw_fastrtps_cpp/share/rmw_fastrtps_cpp/cmake)
[2.749s] -- Using RMW implementation 'rmw_fastrtps_cpp' as default
[3.202s] -- Found rosidl_default_generators: 1.2.0 (/ros2_humble/install/rosidl_default_generators/share/rosidl_default_generators/cmake)
[5.445s] -- Found ament_cmake_ros: 0.10.0 (/ros2_humble/install/ament_cmake_ros/share/ament_cmake_ros/cmake)
[7.938s] -- Using all available rosidl_typesupport_c: rosidl_typesupport_introspection_c;rosidl_typesupport_fastrtps_c
[9.078s] -- Using all available rosidl_typesupport_cpp: rosidl_typesupport_introspection_cpp;rosidl_typesupport_fastrtps_cpp
[9.297s] -- Found python_cmake_module: 0.10.0 (/ros2_humble/install/python_cmake_module/share/python_cmake_module/cmake)
[9.517s] -- Using PYTHON_EXECUTABLE: /usr/bin/python3
[9.517s] -- Using PYTHON_INCLUDE_DIRS: /usr/include/python3.10
[9.517s] -- Using PYTHON_LIBRARIES: /usr/lib/x86_64-linux-gnu/libpython3.10.so
[10.279s] -- Found ament_lint_auto: 0.12.6 (/ros2_humble/install/ament_lint_auto/share/ament_lint_auto/cmake)
[10.305s] -- Added test 'lint_cmake' to check CMake code style
[10.308s] -- Added test 'xmllint' to check XML markup files
[10.312s] -- Configuring done
[10.398s] -- Generating done
[10.408s] -- Build files have been written to: /ws_ros2/build/custom_msg_ros2
[10.554s] [35m[1mConsolidate compiler generated dependencies of target custom_msg_ros2__rosidl_generator_c[0m
[10.638s] [  9%] Built target custom_msg_ros2__rosidl_generator_c
[10.650s] [ 12%] Built target custom_msg_ros2__cpp
[10.694s] [ 12%] Built target ament_cmake_python_copy_custom_msg_ros2
[10.734s] [35m[1mConsolidate compiler generated dependencies of target custom_msg_ros2__rosidl_typesupport_c[0m
[10.734s] [35m[1mConsolidate compiler generated dependencies of target custom_msg_ros2__rosidl_typesupport_introspection_c[0m
[10.822s] [35m[1mConsolidate compiler generated dependencies of target custom_msg_ros2__rosidl_typesupport_introspection_cpp[0m
[10.822s] [ 22%] Built target custom_msg_ros2__rosidl_typesupport_introspection_c
[10.846s] [35m[1mConsolidate compiler generated dependencies of target custom_msg_ros2__rosidl_typesupport_fastrtps_c[0m
[10.908s] [ 32%] Built target custom_msg_ros2__rosidl_typesupport_c
[10.959s] [ 41%] Built target custom_msg_ros2__rosidl_typesupport_fastrtps_c
[11.001s] [35m[1mConsolidate compiler generated dependencies of target custom_msg_ros2__rosidl_typesupport_cpp[0m
[11.016s] [ 51%] Built target custom_msg_ros2__rosidl_typesupport_introspection_cpp
[11.053s] [35m[1mConsolidate compiler generated dependencies of target custom_msg_ros2__rosidl_typesupport_fastrtps_cpp[0m
[11.121s] [ 61%] Built target custom_msg_ros2__rosidl_typesupport_fastrtps_cpp
[11.138s] [ 70%] Built target custom_msg_ros2__rosidl_typesupport_cpp
[11.261s] [ 70%] Built target custom_msg_ros2
[11.387s] [ 74%] Built target custom_msg_ros2__py
[11.449s] [35m[1mConsolidate compiler generated dependencies of target custom_msg_ros2__rosidl_generator_py[0m
[11.520s] [ 80%] Built target custom_msg_ros2__rosidl_generator_py
[11.601s] [35m[1mConsolidate compiler generated dependencies of target custom_msg_ros2__rosidl_typesupport_introspection_c__pyext[0m
[11.639s] [35m[1mConsolidate compiler generated dependencies of target custom_msg_ros2__rosidl_typesupport_fastrtps_c__pyext[0m
[11.697s] [ 87%] Built target custom_msg_ros2__rosidl_typesupport_introspection_c__pyext
[11.712s] [ 93%] Built target custom_msg_ros2__rosidl_typesupport_fastrtps_c__pyext
[11.762s] [35m[1mConsolidate compiler generated dependencies of target custom_msg_ros2__rosidl_typesupport_c__pyext[0m
[11.839s] [100%] Built target custom_msg_ros2__rosidl_typesupport_c__pyext
[12.504s] running egg_info
[12.505s] writing custom_msg_ros2.egg-info/PKG-INFO
[12.506s] writing dependency_links to custom_msg_ros2.egg-info/dependency_links.txt
[12.506s] writing top-level names to custom_msg_ros2.egg-info/top_level.txt
[12.512s] reading manifest file 'custom_msg_ros2.egg-info/SOURCES.txt'
[12.514s] writing manifest file 'custom_msg_ros2.egg-info/SOURCES.txt'
[12.597s] [100%] Built target ament_cmake_python_build_custom_msg_ros2_egg
[12.647s] Invoked command in '/ws_ros2/build/custom_msg_ros2' returned '0': CMAKE_PREFIX_PATH=${CMAKE_PREFIX_PATH}:/ros2_humble/install/rqt_bag_plugins:/ros2_humble/install/rqt_bag:/ros2_humble/install/ros2bag:/ros2_humble/install/tracetools_test:/ros2_humble/install/tracetools_launch:/ros2_humble/install/topic_monitor:/ros2_humble/install/tf2_tools:/ros2_humble/install/examples_tf2_py:/ros2_humble/install/tf2_ros_py:/ros2_humble/install/sros2:/ros2_humble/install/rqt_topic:/ros2_humble/install/rqt_srv:/ros2_humble/install/rqt_shell:/ros2_humble/install/rqt_service_caller:/ros2_humble/install/rqt_reconfigure:/ros2_humble/install/rqt_py_console:/ros2_humble/install/rqt_publisher:/ros2_humble/install/rqt_plot:/ros2_humble/install/rqt_action:/ros2_humble/install/rqt_msg:/ros2_humble/install/rqt_console:/ros2_humble/install/rqt:/ros2_humble/install/rqt_graph:/ros2_humble/install/rqt_gui_py:/ros2_humble/install/rqt_gui:/ros2_humble/install/ros2trace:/ros2_humble/install/ros2topic:/ros2_humble/install/ros2test:/ros2_humble/install/ros2component:/ros2_humble/install/ros2param:/ros2_humble/install/ros2lifecycle:/ros2_humble/install/ros2service:/ros2_humble/install/ros2run:/ros2_humble/install/ros2launch:/ros2_humble/install/ros2pkg:/ros2_humble/install/ros2node:/ros2_humble/install/ros2multicast:/ros2_humble/install/ros2interface:/ros2_humble/install/ros2doctor:/ros2_humble/install/ros2action:/ros2_humble/install/ros2cli:/ros2_humble/install/quality_of_service_demo_py:/ros2_humble/install/lifecycle_py:/ros2_humble/install/launch_testing_ros:/ros2_humble/install/launch_ros:/ros2_humble/install/examples_rclpy_pointcloud_publisher:/ros2_humble/install/examples_rclpy_minimal_subscriber:/ros2_humble/install/examples_rclpy_minimal_service:/ros2_humble/install/examples_rclpy_minimal_publisher:/ros2_humble/install/examples_rclpy_minimal_client:/ros2_humble/install/examples_rclpy_minimal_action_server:/ros2_humble/install/examples_rclpy_minimal_action_client:/ros2_humble/install/examples_rclpy_guard_conditions:/ros2_humble/install/examples_rclpy_executors:/ros2_humble/install/demo_nodes_py:/ros2_humble/install/action_tutorials_py:/ros2_humble/install/ament_uncrustify:/ros2_humble/install/tracetools_trace:/ros2_humble/install/tracetools_read:/ros2_humble/install/test_tracetools_launch:/ros2_humble/install/test_launch_ros:/ros2_humble/install/sensor_msgs_py:/ros2_humble/install/rpyutils:/ros2_humble/install/rosidl_runtime_py:/ros2_humble/install/rosidl_cli:/ros2_humble/install/launch_pytest:/ros2_humble/install/launch_testing:/ros2_humble/install/launch_yaml:/ros2_humble/install/launch_xml:/ros2_humble/install/launch:/ros2_humble/install/osrf_pycommon:/ros2_humble/install/launch_testing_examples:/ros2_humble/install/domain_coordinator:/ros2_humble/install/ament_xmllint:/ros2_humble/install/ament_pyflakes:/ros2_humble/install/ament_pycodestyle:/ros2_humble/install/ament_pep257:/ros2_humble/install/ament_pclint:/ros2_humble/install/ament_package:/ros2_humble/install/ament_mypy:/ros2_humble/install/ament_lint_cmake:/ros2_humble/install/ament_flake8:/ros2_humble/install/ament_copyright:/ros2_humble/install/ament_lint:/ros2_humble/install/ament_index_python:/ros2_humble/install/ament_cpplint:/ros2_humble/install/ament_cppcheck:/ros2_humble/install/ament_clang_tidy:/ros2_humble/install/ament_clang_format /usr/bin/cmake --build /ws_ros2/build/custom_msg_ros2 -- -j4 -l4
[13.228s] Invoking command in '/ws_ros2/build/custom_msg_ros2': CMAKE_PREFIX_PATH=${CMAKE_PREFIX_PATH}:/ros2_humble/install/rqt_bag_plugins:/ros2_humble/install/rqt_bag:/ros2_humble/install/ros2bag:/ros2_humble/install/tracetools_test:/ros2_humble/install/tracetools_launch:/ros2_humble/install/topic_monitor:/ros2_humble/install/tf2_tools:/ros2_humble/install/examples_tf2_py:/ros2_humble/install/tf2_ros_py:/ros2_humble/install/sros2:/ros2_humble/install/rqt_topic:/ros2_humble/install/rqt_srv:/ros2_humble/install/rqt_shell:/ros2_humble/install/rqt_service_caller:/ros2_humble/install/rqt_reconfigure:/ros2_humble/install/rqt_py_console:/ros2_humble/install/rqt_publisher:/ros2_humble/install/rqt_plot:/ros2_humble/install/rqt_action:/ros2_humble/install/rqt_msg:/ros2_humble/install/rqt_console:/ros2_humble/install/rqt:/ros2_humble/install/rqt_graph:/ros2_humble/install/rqt_gui_py:/ros2_humble/install/rqt_gui:/ros2_humble/install/ros2trace:/ros2_humble/install/ros2topic:/ros2_humble/install/ros2test:/ros2_humble/install/ros2component:/ros2_humble/install/ros2param:/ros2_humble/install/ros2lifecycle:/ros2_humble/install/ros2service:/ros2_humble/install/ros2run:/ros2_humble/install/ros2launch:/ros2_humble/install/ros2pkg:/ros2_humble/install/ros2node:/ros2_humble/install/ros2multicast:/ros2_humble/install/ros2interface:/ros2_humble/install/ros2doctor:/ros2_humble/install/ros2action:/ros2_humble/install/ros2cli:/ros2_humble/install/quality_of_service_demo_py:/ros2_humble/install/lifecycle_py:/ros2_humble/install/launch_testing_ros:/ros2_humble/install/launch_ros:/ros2_humble/install/examples_rclpy_pointcloud_publisher:/ros2_humble/install/examples_rclpy_minimal_subscriber:/ros2_humble/install/examples_rclpy_minimal_service:/ros2_humble/install/examples_rclpy_minimal_publisher:/ros2_humble/install/examples_rclpy_minimal_client:/ros2_humble/install/examples_rclpy_minimal_action_server:/ros2_humble/install/examples_rclpy_minimal_action_client:/ros2_humble/install/examples_rclpy_guard_conditions:/ros2_humble/install/examples_rclpy_executors:/ros2_humble/install/demo_nodes_py:/ros2_humble/install/action_tutorials_py:/ros2_humble/install/ament_uncrustify:/ros2_humble/install/tracetools_trace:/ros2_humble/install/tracetools_read:/ros2_humble/install/test_tracetools_launch:/ros2_humble/install/test_launch_ros:/ros2_humble/install/sensor_msgs_py:/ros2_humble/install/rpyutils:/ros2_humble/install/rosidl_runtime_py:/ros2_humble/install/rosidl_cli:/ros2_humble/install/launch_pytest:/ros2_humble/install/launch_testing:/ros2_humble/install/launch_yaml:/ros2_humble/install/launch_xml:/ros2_humble/install/launch:/ros2_humble/install/osrf_pycommon:/ros2_humble/install/launch_testing_examples:/ros2_humble/install/domain_coordinator:/ros2_humble/install/ament_xmllint:/ros2_humble/install/ament_pyflakes:/ros2_humble/install/ament_pycodestyle:/ros2_humble/install/ament_pep257:/ros2_humble/install/ament_pclint:/ros2_humble/install/ament_package:/ros2_humble/install/ament_mypy:/ros2_humble/install/ament_lint_cmake:/ros2_humble/install/ament_flake8:/ros2_humble/install/ament_copyright:/ros2_humble/install/ament_lint:/ros2_humble/install/ament_index_python:/ros2_humble/install/ament_cpplint:/ros2_humble/install/ament_cppcheck:/ros2_humble/install/ament_clang_tidy:/ros2_humble/install/ament_clang_format /usr/bin/cmake --install /ws_ros2/build/custom_msg_ros2
[13.261s] -- Install configuration: ""
[13.261s] -- Up-to-date: /ws_ros2/install/custom_msg_ros2/share/ament_index/resource_index/rosidl_interfaces/custom_msg_ros2
[13.262s] -- Up-to-date: /ws_ros2/install/custom_msg_ros2/include/custom_msg_ros2/custom_msg_ros2
[13.263s] -- Up-to-date: /ws_ros2/install/custom_msg_ros2/include/custom_msg_ros2/custom_msg_ros2/msg
[13.263s] -- Up-to-date: /ws_ros2/install/custom_msg_ros2/include/custom_msg_ros2/custom_msg_ros2/msg/detail
[13.263s] -- Up-to-date: /ws_ros2/install/custom_msg_ros2/include/custom_msg_ros2/custom_msg_ros2/msg/detail/custom_message__functions.h
[13.264s] -- Up-to-date: /ws_ros2/install/custom_msg_ros2/include/custom_msg_ros2/custom_msg_ros2/msg/detail/custom_message__struct.h
[13.264s] -- Up-to-date: /ws_ros2/install/custom_msg_ros2/include/custom_msg_ros2/custom_msg_ros2/msg/detail/custom_message__type_support.h
[13.264s] -- Up-to-date: /ws_ros2/install/custom_msg_ros2/include/custom_msg_ros2/custom_msg_ros2/msg/detail/custom_message__functions.c
[13.265s] -- Up-to-date: /ws_ros2/install/custom_msg_ros2/include/custom_msg_ros2/custom_msg_ros2/msg/rosidl_generator_c__visibility_control.h
[13.265s] -- Up-to-date: /ws_ros2/install/custom_msg_ros2/include/custom_msg_ros2/custom_msg_ros2/msg/custom_message.h
[13.265s] -- Up-to-date: /ws_ros2/install/custom_msg_ros2/share/custom_msg_ros2/environment/library_path.sh
[13.266s] -- Installing: /ws_ros2/install/custom_msg_ros2/share/custom_msg_ros2/environment/library_path.dsv
[13.266s] -- Up-to-date: /ws_ros2/install/custom_msg_ros2/lib/libcustom_msg_ros2__rosidl_generator_c.so
[13.266s] -- Up-to-date: /ws_ros2/install/custom_msg_ros2/include/custom_msg_ros2/custom_msg_ros2
[13.266s] -- Up-to-date: /ws_ros2/install/custom_msg_ros2/include/custom_msg_ros2/custom_msg_ros2/msg
[13.267s] -- Up-to-date: /ws_ros2/install/custom_msg_ros2/include/custom_msg_ros2/custom_msg_ros2/msg/rosidl_typesupport_fastrtps_c__visibility_control.h
[13.267s] -- Up-to-date: /ws_ros2/install/custom_msg_ros2/include/custom_msg_ros2/custom_msg_ros2/msg/detail
[13.267s] -- Up-to-date: /ws_ros2/install/custom_msg_ros2/include/custom_msg_ros2/custom_msg_ros2/msg/detail/custom_message__rosidl_typesupport_fastrtps_c.h
[13.267s] -- Up-to-date: /ws_ros2/install/custom_msg_ros2/lib/libcustom_msg_ros2__rosidl_typesupport_fastrtps_c.so
[13.268s] -- Up-to-date: /ws_ros2/install/custom_msg_ros2/include/custom_msg_ros2/custom_msg_ros2
[13.269s] -- Up-to-date: /ws_ros2/install/custom_msg_ros2/include/custom_msg_ros2/custom_msg_ros2/msg
[13.269s] -- Up-to-date: /ws_ros2/install/custom_msg_ros2/include/custom_msg_ros2/custom_msg_ros2/msg/custom_message.hpp
[13.269s] -- Up-to-date: /ws_ros2/install/custom_msg_ros2/include/custom_msg_ros2/custom_msg_ros2/msg/detail
[13.269s] -- Up-to-date: /ws_ros2/install/custom_msg_ros2/include/custom_msg_ros2/custom_msg_ros2/msg/detail/custom_message__traits.hpp
[13.270s] -- Up-to-date: /ws_ros2/install/custom_msg_ros2/include/custom_msg_ros2/custom_msg_ros2/msg/detail/custom_message__builder.hpp
[13.270s] -- Up-to-date: /ws_ros2/install/custom_msg_ros2/include/custom_msg_ros2/custom_msg_ros2/msg/detail/custom_message__struct.hpp
[13.270s] -- Up-to-date: /ws_ros2/install/custom_msg_ros2/include/custom_msg_ros2/custom_msg_ros2
[13.270s] -- Up-to-date: /ws_ros2/install/custom_msg_ros2/include/custom_msg_ros2/custom_msg_ros2/msg
[13.271s] -- Up-to-date: /ws_ros2/install/custom_msg_ros2/include/custom_msg_ros2/custom_msg_ros2/msg/detail
[13.271s] -- Up-to-date: /ws_ros2/install/custom_msg_ros2/include/custom_msg_ros2/custom_msg_ros2/msg/detail/dds_fastrtps
[13.271s] -- Up-to-date: /ws_ros2/install/custom_msg_ros2/include/custom_msg_ros2/custom_msg_ros2/msg/detail/custom_message__rosidl_typesupport_fastrtps_cpp.hpp
[13.272s] -- Up-to-date: /ws_ros2/install/custom_msg_ros2/include/custom_msg_ros2/custom_msg_ros2/msg/rosidl_typesupport_fastrtps_cpp__visibility_control.h
[13.272s] -- Up-to-date: /ws_ros2/install/custom_msg_ros2/lib/libcustom_msg_ros2__rosidl_typesupport_fastrtps_cpp.so
[13.272s] -- Up-to-date: /ws_ros2/install/custom_msg_ros2/include/custom_msg_ros2/custom_msg_ros2
[13.272s] -- Up-to-date: /ws_ros2/install/custom_msg_ros2/include/custom_msg_ros2/custom_msg_ros2/msg
[13.272s] -- Up-to-date: /ws_ros2/install/custom_msg_ros2/include/custom_msg_ros2/custom_msg_ros2/msg/rosidl_typesupport_introspection_c__visibility_control.h
[13.272s] -- Up-to-date: /ws_ros2/install/custom_msg_ros2/include/custom_msg_ros2/custom_msg_ros2/msg/detail
[13.273s] -- Up-to-date: /ws_ros2/install/custom_msg_ros2/include/custom_msg_ros2/custom_msg_ros2/msg/detail/custom_message__type_support.c
[13.273s] -- Up-to-date: /ws_ros2/install/custom_msg_ros2/include/custom_msg_ros2/custom_msg_ros2/msg/detail/custom_message__rosidl_typesupport_introspection_c.h
[13.273s] -- Up-to-date: /ws_ros2/install/custom_msg_ros2/lib/libcustom_msg_ros2__rosidl_typesupport_introspection_c.so
[13.273s] -- Up-to-date: /ws_ros2/install/custom_msg_ros2/lib/libcustom_msg_ros2__rosidl_typesupport_c.so
[13.273s] -- Up-to-date: /ws_ros2/install/custom_msg_ros2/include/custom_msg_ros2/custom_msg_ros2
[13.274s] -- Up-to-date: /ws_ros2/install/custom_msg_ros2/include/custom_msg_ros2/custom_msg_ros2/msg
[13.274s] -- Up-to-date: /ws_ros2/install/custom_msg_ros2/include/custom_msg_ros2/custom_msg_ros2/msg/detail
[13.274s] -- Up-to-date: /ws_ros2/install/custom_msg_ros2/include/custom_msg_ros2/custom_msg_ros2/msg/detail/custom_message__type_support.cpp
[13.274s] -- Up-to-date: /ws_ros2/install/custom_msg_ros2/include/custom_msg_ros2/custom_msg_ros2/msg/detail/custom_message__rosidl_typesupport_introspection_cpp.hpp
[13.274s] -- Up-to-date: /ws_ros2/install/custom_msg_ros2/lib/libcustom_msg_ros2__rosidl_typesupport_introspection_cpp.so
[13.274s] -- Up-to-date: /ws_ros2/install/custom_msg_ros2/lib/libcustom_msg_ros2__rosidl_typesupport_cpp.so
[13.275s] -- Up-to-date: /ws_ros2/install/custom_msg_ros2/share/custom_msg_ros2/environment/pythonpath.sh
[13.275s] -- Installing: /ws_ros2/install/custom_msg_ros2/share/custom_msg_ros2/environment/pythonpath.dsv
[13.275s] -- Up-to-date: /ws_ros2/install/custom_msg_ros2/local/lib/python3.10/dist-packages/custom_msg_ros2-0.0.0-py3.10.egg-info
[13.275s] -- Installing: /ws_ros2/install/custom_msg_ros2/local/lib/python3.10/dist-packages/custom_msg_ros2-0.0.0-py3.10.egg-info/top_level.txt
[13.275s] -- Installing: /ws_ros2/install/custom_msg_ros2/local/lib/python3.10/dist-packages/custom_msg_ros2-0.0.0-py3.10.egg-info/SOURCES.txt
[13.275s] -- Installing: /ws_ros2/install/custom_msg_ros2/local/lib/python3.10/dist-packages/custom_msg_ros2-0.0.0-py3.10.egg-info/PKG-INFO
[13.276s] -- Installing: /ws_ros2/install/custom_msg_ros2/local/lib/python3.10/dist-packages/custom_msg_ros2-0.0.0-py3.10.egg-info/dependency_links.txt
[13.276s] -- Up-to-date: /ws_ros2/install/custom_msg_ros2/local/lib/python3.10/dist-packages/custom_msg_ros2
[13.276s] -- Up-to-date: /ws_ros2/install/custom_msg_ros2/local/lib/python3.10/dist-packages/custom_msg_ros2/custom_msg_ros2_s__rosidl_typesupport_c.cpython-310-x86_64-linux-gnu.so
[13.276s] -- Up-to-date: /ws_ros2/install/custom_msg_ros2/local/lib/python3.10/dist-packages/custom_msg_ros2/custom_msg_ros2_s__rosidl_typesupport_fastrtps_c.cpython-310-x86_64-linux-gnu.so
[13.276s] -- Up-to-date: /ws_ros2/install/custom_msg_ros2/local/lib/python3.10/dist-packages/custom_msg_ros2/msg
[13.276s] -- Up-to-date: /ws_ros2/install/custom_msg_ros2/local/lib/python3.10/dist-packages/custom_msg_ros2/msg/_custom_message_s.c
[13.277s] -- Up-to-date: /ws_ros2/install/custom_msg_ros2/local/lib/python3.10/dist-packages/custom_msg_ros2/msg/_custom_message.py
[13.277s] -- Up-to-date: /ws_ros2/install/custom_msg_ros2/local/lib/python3.10/dist-packages/custom_msg_ros2/msg/__init__.py
[13.277s] -- Up-to-date: /ws_ros2/install/custom_msg_ros2/local/lib/python3.10/dist-packages/custom_msg_ros2/_custom_msg_ros2_s.ep.rosidl_typesupport_introspection_c.c
[13.277s] -- Up-to-date: /ws_ros2/install/custom_msg_ros2/local/lib/python3.10/dist-packages/custom_msg_ros2/libcustom_msg_ros2__rosidl_generator_py.so
[13.277s] -- Up-to-date: /ws_ros2/install/custom_msg_ros2/local/lib/python3.10/dist-packages/custom_msg_ros2/_custom_msg_ros2_s.ep.rosidl_typesupport_fastrtps_c.c
[13.277s] -- Up-to-date: /ws_ros2/install/custom_msg_ros2/local/lib/python3.10/dist-packages/custom_msg_ros2/_custom_msg_ros2_s.ep.rosidl_typesupport_c.c
[13.278s] -- Up-to-date: /ws_ros2/install/custom_msg_ros2/local/lib/python3.10/dist-packages/custom_msg_ros2/custom_msg_ros2_s__rosidl_typesupport_introspection_c.cpython-310-x86_64-linux-gnu.so
[13.280s] -- Installing: /ws_ros2/install/custom_msg_ros2/local/lib/python3.10/dist-packages/custom_msg_ros2/__init__.py
[13.841s] Listing '/ws_ros2/install/custom_msg_ros2/local/lib/python3.10/dist-packages/custom_msg_ros2'...
[13.842s] Compiling '/ws_ros2/install/custom_msg_ros2/local/lib/python3.10/dist-packages/custom_msg_ros2/__init__.py'...
[13.842s] Listing '/ws_ros2/install/custom_msg_ros2/local/lib/python3.10/dist-packages/custom_msg_ros2/msg'...
[13.855s] -- Up-to-date: /ws_ros2/install/custom_msg_ros2/local/lib/python3.10/dist-packages/custom_msg_ros2/custom_msg_ros2_s__rosidl_typesupport_introspection_c.cpython-310-x86_64-linux-gnu.so
[13.857s] -- Up-to-date: /ws_ros2/install/custom_msg_ros2/local/lib/python3.10/dist-packages/custom_msg_ros2/custom_msg_ros2_s__rosidl_typesupport_fastrtps_c.cpython-310-x86_64-linux-gnu.so
[13.858s] -- Up-to-date: /ws_ros2/install/custom_msg_ros2/local/lib/python3.10/dist-packages/custom_msg_ros2/custom_msg_ros2_s__rosidl_typesupport_c.cpython-310-x86_64-linux-gnu.so
[13.859s] -- Up-to-date: /ws_ros2/install/custom_msg_ros2/lib/libcustom_msg_ros2__rosidl_generator_py.so
[13.860s] -- Up-to-date: /ws_ros2/install/custom_msg_ros2/share/custom_msg_ros2/msg/CustomMessage.idl
[13.861s] -- Up-to-date: /ws_ros2/install/custom_msg_ros2/share/custom_msg_ros2/msg/CustomMessage.msg
[13.861s] -- Installing: /ws_ros2/install/custom_msg_ros2/share/custom_msg_ros2/custom_rules.yaml
[13.862s] -- Up-to-date: /ws_ros2/install/custom_msg_ros2/share/ament_index/resource_index/package_run_dependencies/custom_msg_ros2
[13.863s] -- Installing: /ws_ros2/install/custom_msg_ros2/share/ament_index/resource_index/parent_prefix_path/custom_msg_ros2
[13.864s] -- Installing: /ws_ros2/install/custom_msg_ros2/share/custom_msg_ros2/environment/ament_prefix_path.dsv
[13.865s] -- Installing: /ws_ros2/install/custom_msg_ros2/share/custom_msg_ros2/environment/path.dsv
[13.866s] -- Up-to-date: /ws_ros2/install/custom_msg_ros2/share/custom_msg_ros2/local_setup.bash
[13.867s] -- Up-to-date: /ws_ros2/install/custom_msg_ros2/share/custom_msg_ros2/local_setup.sh
[13.868s] -- Up-to-date: /ws_ros2/install/custom_msg_ros2/share/custom_msg_ros2/local_setup.zsh
[13.868s] -- Installing: /ws_ros2/install/custom_msg_ros2/share/custom_msg_ros2/local_setup.dsv
[13.869s] -- Installing: /ws_ros2/install/custom_msg_ros2/share/custom_msg_ros2/package.dsv
[13.870s] -- Up-to-date: /ws_ros2/install/custom_msg_ros2/share/ament_index/resource_index/packages/custom_msg_ros2
[13.871s] -- Up-to-date: /ws_ros2/install/custom_msg_ros2/share/custom_msg_ros2/cmake/export_custom_msg_ros2__rosidl_generator_cExport.cmake
[13.871s] -- Up-to-date: /ws_ros2/install/custom_msg_ros2/share/custom_msg_ros2/cmake/export_custom_msg_ros2__rosidl_generator_cExport-noconfig.cmake
[13.872s] -- Up-to-date: /ws_ros2/install/custom_msg_ros2/share/custom_msg_ros2/cmake/export_custom_msg_ros2__rosidl_typesupport_fastrtps_cExport.cmake
[13.873s] -- Up-to-date: /ws_ros2/install/custom_msg_ros2/share/custom_msg_ros2/cmake/export_custom_msg_ros2__rosidl_typesupport_fastrtps_cExport-noconfig.cmake
[13.873s] -- Up-to-date: /ws_ros2/install/custom_msg_ros2/share/custom_msg_ros2/cmake/export_custom_msg_ros2__rosidl_generator_cppExport.cmake
[13.874s] -- Up-to-date: /ws_ros2/install/custom_msg_ros2/share/custom_msg_ros2/cmake/export_custom_msg_ros2__rosidl_typesupport_fastrtps_cppExport.cmake
[13.874s] -- Up-to-date: /ws_ros2/install/custom_msg_ros2/share/custom_msg_ros2/cmake/export_custom_msg_ros2__rosidl_typesupport_fastrtps_cppExport-noconfig.cmake
[13.875s] -- Up-to-date: /ws_ros2/install/custom_msg_ros2/share/custom_msg_ros2/cmake/custom_msg_ros2__rosidl_typesupport_introspection_cExport.cmake
[13.876s] -- Up-to-date: /ws_ros2/install/custom_msg_ros2/share/custom_msg_ros2/cmake/custom_msg_ros2__rosidl_typesupport_introspection_cExport-noconfig.cmake
[13.877s] -- Up-to-date: /ws_ros2/install/custom_msg_ros2/share/custom_msg_ros2/cmake/custom_msg_ros2__rosidl_typesupport_cExport.cmake
[13.877s] -- Up-to-date: /ws_ros2/install/custom_msg_ros2/share/custom_msg_ros2/cmake/custom_msg_ros2__rosidl_typesupport_cExport-noconfig.cmake
[13.878s] -- Up-to-date: /ws_ros2/install/custom_msg_ros2/share/custom_msg_ros2/cmake/custom_msg_ros2__rosidl_typesupport_introspection_cppExport.cmake
[13.878s] -- Up-to-date: /ws_ros2/install/custom_msg_ros2/share/custom_msg_ros2/cmake/custom_msg_ros2__rosidl_typesupport_introspection_cppExport-noconfig.cmake
[13.879s] -- Up-to-date: /ws_ros2/install/custom_msg_ros2/share/custom_msg_ros2/cmake/custom_msg_ros2__rosidl_typesupport_cppExport.cmake
[13.879s] -- Up-to-date: /ws_ros2/install/custom_msg_ros2/share/custom_msg_ros2/cmake/custom_msg_ros2__rosidl_typesupport_cppExport-noconfig.cmake
[13.879s] -- Up-to-date: /ws_ros2/install/custom_msg_ros2/share/custom_msg_ros2/cmake/export_custom_msg_ros2__rosidl_generator_pyExport.cmake
[13.879s] -- Up-to-date: /ws_ros2/install/custom_msg_ros2/share/custom_msg_ros2/cmake/export_custom_msg_ros2__rosidl_generator_pyExport-noconfig.cmake
[13.880s] -- Up-to-date: /ws_ros2/install/custom_msg_ros2/share/custom_msg_ros2/cmake/rosidl_cmake-extras.cmake
[13.880s] -- Up-to-date: /ws_ros2/install/custom_msg_ros2/share/custom_msg_ros2/cmake/ament_cmake_export_include_directories-extras.cmake
[13.880s] -- Up-to-date: /ws_ros2/install/custom_msg_ros2/share/custom_msg_ros2/cmake/ament_cmake_export_libraries-extras.cmake
[13.881s] -- Up-to-date: /ws_ros2/install/custom_msg_ros2/share/custom_msg_ros2/cmake/ament_cmake_export_targets-extras.cmake
[13.881s] -- Up-to-date: /ws_ros2/install/custom_msg_ros2/share/custom_msg_ros2/cmake/rosidl_cmake_export_typesupport_targets-extras.cmake
[13.881s] -- Up-to-date: /ws_ros2/install/custom_msg_ros2/share/custom_msg_ros2/cmake/ament_cmake_export_dependencies-extras.cmake
[13.882s] -- Up-to-date: /ws_ros2/install/custom_msg_ros2/share/custom_msg_ros2/cmake/rosidl_cmake_export_typesupport_libraries-extras.cmake
[13.882s] -- Up-to-date: /ws_ros2/install/custom_msg_ros2/share/custom_msg_ros2/cmake/custom_msg_ros2Config.cmake
[13.883s] -- Up-to-date: /ws_ros2/install/custom_msg_ros2/share/custom_msg_ros2/cmake/custom_msg_ros2Config-version.cmake
[13.883s] -- Installing: /ws_ros2/install/custom_msg_ros2/share/custom_msg_ros2/package.xml
[13.886s] Invoked command in '/ws_ros2/build/custom_msg_ros2' returned '0': CMAKE_PREFIX_PATH=${CMAKE_PREFIX_PATH}:/ros2_humble/install/rqt_bag_plugins:/ros2_humble/install/rqt_bag:/ros2_humble/install/ros2bag:/ros2_humble/install/tracetools_test:/ros2_humble/install/tracetools_launch:/ros2_humble/install/topic_monitor:/ros2_humble/install/tf2_tools:/ros2_humble/install/examples_tf2_py:/ros2_humble/install/tf2_ros_py:/ros2_humble/install/sros2:/ros2_humble/install/rqt_topic:/ros2_humble/install/rqt_srv:/ros2_humble/install/rqt_shell:/ros2_humble/install/rqt_service_caller:/ros2_humble/install/rqt_reconfigure:/ros2_humble/install/rqt_py_console:/ros2_humble/install/rqt_publisher:/ros2_humble/install/rqt_plot:/ros2_humble/install/rqt_action:/ros2_humble/install/rqt_msg:/ros2_humble/install/rqt_console:/ros2_humble/install/rqt:/ros2_humble/install/rqt_graph:/ros2_humble/install/rqt_gui_py:/ros2_humble/install/rqt_gui:/ros2_humble/install/ros2trace:/ros2_humble/install/ros2topic:/ros2_humble/install/ros2test:/ros2_humble/install/ros2component:/ros2_humble/install/ros2param:/ros2_humble/install/ros2lifecycle:/ros2_humble/install/ros2service:/ros2_humble/install/ros2run:/ros2_humble/install/ros2launch:/ros2_humble/install/ros2pkg:/ros2_humble/install/ros2node:/ros2_humble/install/ros2multicast:/ros2_humble/install/ros2interface:/ros2_humble/install/ros2doctor:/ros2_humble/install/ros2action:/ros2_humble/install/ros2cli:/ros2_humble/install/quality_of_service_demo_py:/ros2_humble/install/lifecycle_py:/ros2_humble/install/launch_testing_ros:/ros2_humble/install/launch_ros:/ros2_humble/install/examples_rclpy_pointcloud_publisher:/ros2_humble/install/examples_rclpy_minimal_subscriber:/ros2_humble/install/examples_rclpy_minimal_service:/ros2_humble/install/examples_rclpy_minimal_publisher:/ros2_humble/install/examples_rclpy_minimal_client:/ros2_humble/install/examples_rclpy_minimal_action_server:/ros2_humble/install/examples_rclpy_minimal_action_client:/ros2_humble/install/examples_rclpy_guard_conditions:/ros2_humble/install/examples_rclpy_executors:/ros2_humble/install/demo_nodes_py:/ros2_humble/install/action_tutorials_py:/ros2_humble/install/ament_uncrustify:/ros2_humble/install/tracetools_trace:/ros2_humble/install/tracetools_read:/ros2_humble/install/test_tracetools_launch:/ros2_humble/install/test_launch_ros:/ros2_humble/install/sensor_msgs_py:/ros2_humble/install/rpyutils:/ros2_humble/install/rosidl_runtime_py:/ros2_humble/install/rosidl_cli:/ros2_humble/install/launch_pytest:/ros2_humble/install/launch_testing:/ros2_humble/install/launch_yaml:/ros2_humble/install/launch_xml:/ros2_humble/install/launch:/ros2_humble/install/osrf_pycommon:/ros2_humble/install/launch_testing_examples:/ros2_humble/install/domain_coordinator:/ros2_humble/install/ament_xmllint:/ros2_humble/install/ament_pyflakes:/ros2_humble/install/ament_pycodestyle:/ros2_humble/install/ament_pep257:/ros2_humble/install/ament_pclint:/ros2_humble/install/ament_package:/ros2_humble/install/ament_mypy:/ros2_humble/install/ament_lint_cmake:/ros2_humble/install/ament_flake8:/ros2_humble/install/ament_copyright:/ros2_humble/install/ament_lint:/ros2_humble/install/ament_index_python:/ros2_humble/install/ament_cpplint:/ros2_humble/install/ament_cppcheck:/ros2_humble/install/ament_clang_tidy:/ros2_humble/install/ament_clang_format /usr/bin/cmake --install /ws_ros2/build/custom_msg_ros2
