-- Found ament_cmake: 1.3.5 (/ros2_humble/install/ament_cmake/share/ament_cmake/cmake)
-- Found rclcpp: 16.0.4 (/ros2_humble/install/rclcpp/share/rclcpp/cmake)
-- Found rosidl_generator_c: 3.1.4 (/ros2_humble/install/rosidl_generator_c/share/rosidl_generator_c/cmake)
-- Found rosidl_adapter: 3.1.4 (/ros2_humble/install/rosidl_adapter/share/rosidl_adapter/cmake)
-- Found rosidl_generator_cpp: 3.1.4 (/ros2_humble/install/rosidl_generator_cpp/share/rosidl_generator_cpp/cmake)
-- Using all available rosidl_typesupport_c: rosidl_typesupport_introspection_c;rosidl_typesupport_fastrtps_c
-- Using all available rosidl_typesupport_cpp: rosidl_typesupport_introspection_cpp;rosidl_typesupport_fastrtps_cpp
-- Found rmw_implementation_cmake: 6.1.1 (/ros2_humble/install/rmw_implementation_cmake/share/rmw_implementation_cmake/cmake)
-- Found rmw_fastrtps_cpp: 6.2.2 (/ros2_humble/install/rmw_fastrtps_cpp/share/rmw_fastrtps_cpp/cmake)
-- Using RMW implementation 'rmw_fastrtps_cpp' as default
-- Found ament_cmake_ros: 0.10.0 (/ros2_humble/install/ament_cmake_ros/share/ament_cmake_ros/cmake)
-- Using all available rosidl_typesupport_c: rosidl_typesupport_introspection_c;rosidl_typesupport_fastrtps_c
-- Using all available rosidl_typesupport_cpp: rosidl_typesupport_introspection_cpp;rosidl_typesupport_fastrtps_cpp
-- Found ament_lint_auto: 0.12.6 (/ros2_humble/install/ament_lint_auto/share/ament_lint_auto/cmake)
-- Added test 'lint_cmake' to check CMake code style
-- Added test 'xmllint' to check XML markup files
-- Configuring done
-- Generating done
-- Build files have been written to: /ws_ros2/build/custom_msg_ros2
[  4%] [34m[1mGenerating C++ code for ROS interfaces[0m
[  4%] Built target custom_msg_ros2__cpp
[  9%] [34m[1mGenerating C code for ROS interfaces[0m
[ 13%] [32mBuilding C object CMakeFiles/custom_msg_ros2__rosidl_generator_c.dir/rosidl_generator_c/custom_msg_ros2/msg/detail/custom_message__functions.c.o[0m
[ 18%] [32m[1mLinking C shared library libcustom_msg_ros2__rosidl_generator_c.so[0m
[ 18%] Built target custom_msg_ros2__rosidl_generator_c
[ 22%] [34m[1mGenerating C++ introspection for ROS interfaces[0m
[ 27%] [32mBuilding CXX object CMakeFiles/custom_msg_ros2__rosidl_typesupport_introspection_cpp.dir/rosidl_typesupport_introspection_cpp/custom_msg_ros2/msg/detail/custom_message__type_support.cpp.o[0m
[ 31%] [32m[1mLinking CXX shared library libcustom_msg_ros2__rosidl_typesupport_introspection_cpp.so[0m
[ 31%] Built target custom_msg_ros2__rosidl_typesupport_introspection_cpp
[ 36%] [34m[1mGenerating C type support for eProsima Fast-RTPS[0m
[ 40%] [32mBuilding CXX object CMakeFiles/custom_msg_ros2__rosidl_typesupport_fastrtps_c.dir/rosidl_typesupport_fastrtps_c/custom_msg_ros2/msg/detail/custom_message__type_support_c.cpp.o[0m
[ 45%] [32m[1mLinking CXX shared library libcustom_msg_ros2__rosidl_typesupport_fastrtps_c.so[0m
[ 45%] Built target custom_msg_ros2__rosidl_typesupport_fastrtps_c
[ 50%] [34m[1mGenerating C introspection for ROS interfaces[0m
[ 54%] [32mBuilding C object CMakeFiles/custom_msg_ros2__rosidl_typesupport_introspection_c.dir/rosidl_typesupport_introspection_c/custom_msg_ros2/msg/detail/custom_message__type_support.c.o[0m
[ 59%] [32m[1mLinking C shared library libcustom_msg_ros2__rosidl_typesupport_introspection_c.so[0m
[ 59%] Built target custom_msg_ros2__rosidl_typesupport_introspection_c
[ 63%] [34m[1mGenerating C type support dispatch for ROS interfaces[0m
[ 68%] [32mBuilding CXX object CMakeFiles/custom_msg_ros2__rosidl_typesupport_c.dir/rosidl_typesupport_c/custom_msg_ros2/msg/custom_message__type_support.cpp.o[0m
[ 72%] [32m[1mLinking CXX shared library libcustom_msg_ros2__rosidl_typesupport_c.so[0m
[ 72%] Built target custom_msg_ros2__rosidl_typesupport_c
[ 77%] [34m[1mGenerating C++ type support for eProsima Fast-RTPS[0m
[ 81%] [32mBuilding CXX object CMakeFiles/custom_msg_ros2__rosidl_typesupport_fastrtps_cpp.dir/rosidl_typesupport_fastrtps_cpp/custom_msg_ros2/msg/detail/dds_fastrtps/custom_message__type_support.cpp.o[0m
[ 86%] [32m[1mLinking CXX shared library libcustom_msg_ros2__rosidl_typesupport_fastrtps_cpp.so[0m
[ 86%] Built target custom_msg_ros2__rosidl_typesupport_fastrtps_cpp
[ 90%] [34m[1mGenerating C++ type support dispatch for ROS interfaces[0m
[ 95%] [32mBuilding CXX object CMakeFiles/custom_msg_ros2__rosidl_typesupport_cpp.dir/rosidl_typesupport_cpp/custom_msg_ros2/msg/custom_message__type_support.cpp.o[0m
[100%] [32m[1mLinking CXX shared library libcustom_msg_ros2__rosidl_typesupport_cpp.so[0m
[100%] Built target custom_msg_ros2__rosidl_typesupport_cpp
[100%] Built target custom_msg_ros2
-- Install configuration: ""
-- Installing: /ws_ros2/install/custom_msg_ros2/share/ament_index/resource_index/rosidl_interfaces/custom_msg_ros2
-- Installing: /ws_ros2/install/custom_msg_ros2/include/custom_msg_ros2/custom_msg_ros2
-- Installing: /ws_ros2/install/custom_msg_ros2/include/custom_msg_ros2/custom_msg_ros2/msg
-- Installing: /ws_ros2/install/custom_msg_ros2/include/custom_msg_ros2/custom_msg_ros2/msg/detail
-- Installing: /ws_ros2/install/custom_msg_ros2/include/custom_msg_ros2/custom_msg_ros2/msg/detail/custom_message__functions.h
-- Installing: /ws_ros2/install/custom_msg_ros2/include/custom_msg_ros2/custom_msg_ros2/msg/detail/custom_message__struct.h
-- Installing: /ws_ros2/install/custom_msg_ros2/include/custom_msg_ros2/custom_msg_ros2/msg/detail/custom_message__type_support.h
-- Installing: /ws_ros2/install/custom_msg_ros2/include/custom_msg_ros2/custom_msg_ros2/msg/detail/custom_message__functions.c
-- Installing: /ws_ros2/install/custom_msg_ros2/include/custom_msg_ros2/custom_msg_ros2/msg/rosidl_generator_c__visibility_control.h
-- Installing: /ws_ros2/install/custom_msg_ros2/include/custom_msg_ros2/custom_msg_ros2/msg/custom_message.h
-- Installing: /ws_ros2/install/custom_msg_ros2/share/custom_msg_ros2/environment/library_path.sh
-- Installing: /ws_ros2/install/custom_msg_ros2/share/custom_msg_ros2/environment/library_path.dsv
-- Installing: /ws_ros2/install/custom_msg_ros2/lib/libcustom_msg_ros2__rosidl_generator_c.so
-- Set runtime path of "/ws_ros2/install/custom_msg_ros2/lib/libcustom_msg_ros2__rosidl_generator_c.so" to ""
-- Up-to-date: /ws_ros2/install/custom_msg_ros2/include/custom_msg_ros2/custom_msg_ros2
-- Up-to-date: /ws_ros2/install/custom_msg_ros2/include/custom_msg_ros2/custom_msg_ros2/msg
-- Installing: /ws_ros2/install/custom_msg_ros2/include/custom_msg_ros2/custom_msg_ros2/msg/rosidl_typesupport_fastrtps_c__visibility_control.h
-- Up-to-date: /ws_ros2/install/custom_msg_ros2/include/custom_msg_ros2/custom_msg_ros2/msg/detail
-- Installing: /ws_ros2/install/custom_msg_ros2/include/custom_msg_ros2/custom_msg_ros2/msg/detail/custom_message__rosidl_typesupport_fastrtps_c.h
-- Installing: /ws_ros2/install/custom_msg_ros2/lib/libcustom_msg_ros2__rosidl_typesupport_fastrtps_c.so
-- Set runtime path of "/ws_ros2/install/custom_msg_ros2/lib/libcustom_msg_ros2__rosidl_typesupport_fastrtps_c.so" to ""
-- Up-to-date: /ws_ros2/install/custom_msg_ros2/include/custom_msg_ros2/custom_msg_ros2
-- Up-to-date: /ws_ros2/install/custom_msg_ros2/include/custom_msg_ros2/custom_msg_ros2/msg
-- Installing: /ws_ros2/install/custom_msg_ros2/include/custom_msg_ros2/custom_msg_ros2/msg/custom_message.hpp
-- Up-to-date: /ws_ros2/install/custom_msg_ros2/include/custom_msg_ros2/custom_msg_ros2/msg/detail
-- Installing: /ws_ros2/install/custom_msg_ros2/include/custom_msg_ros2/custom_msg_ros2/msg/detail/custom_message__traits.hpp
-- Installing: /ws_ros2/install/custom_msg_ros2/include/custom_msg_ros2/custom_msg_ros2/msg/detail/custom_message__builder.hpp
-- Installing: /ws_ros2/install/custom_msg_ros2/include/custom_msg_ros2/custom_msg_ros2/msg/detail/custom_message__struct.hpp
-- Up-to-date: /ws_ros2/install/custom_msg_ros2/include/custom_msg_ros2/custom_msg_ros2
-- Up-to-date: /ws_ros2/install/custom_msg_ros2/include/custom_msg_ros2/custom_msg_ros2/msg
-- Up-to-date: /ws_ros2/install/custom_msg_ros2/include/custom_msg_ros2/custom_msg_ros2/msg/detail
-- Installing: /ws_ros2/install/custom_msg_ros2/include/custom_msg_ros2/custom_msg_ros2/msg/detail/dds_fastrtps
-- Installing: /ws_ros2/install/custom_msg_ros2/include/custom_msg_ros2/custom_msg_ros2/msg/detail/custom_message__rosidl_typesupport_fastrtps_cpp.hpp
-- Installing: /ws_ros2/install/custom_msg_ros2/include/custom_msg_ros2/custom_msg_ros2/msg/rosidl_typesupport_fastrtps_cpp__visibility_control.h
-- Installing: /ws_ros2/install/custom_msg_ros2/lib/libcustom_msg_ros2__rosidl_typesupport_fastrtps_cpp.so
-- Set runtime path of "/ws_ros2/install/custom_msg_ros2/lib/libcustom_msg_ros2__rosidl_typesupport_fastrtps_cpp.so" to ""
-- Up-to-date: /ws_ros2/install/custom_msg_ros2/include/custom_msg_ros2/custom_msg_ros2
-- Up-to-date: /ws_ros2/install/custom_msg_ros2/include/custom_msg_ros2/custom_msg_ros2/msg
-- Installing: /ws_ros2/install/custom_msg_ros2/include/custom_msg_ros2/custom_msg_ros2/msg/rosidl_typesupport_introspection_c__visibility_control.h
-- Up-to-date: /ws_ros2/install/custom_msg_ros2/include/custom_msg_ros2/custom_msg_ros2/msg/detail
-- Installing: /ws_ros2/install/custom_msg_ros2/include/custom_msg_ros2/custom_msg_ros2/msg/detail/custom_message__type_support.c
-- Installing: /ws_ros2/install/custom_msg_ros2/include/custom_msg_ros2/custom_msg_ros2/msg/detail/custom_message__rosidl_typesupport_introspection_c.h
-- Installing: /ws_ros2/install/custom_msg_ros2/lib/libcustom_msg_ros2__rosidl_typesupport_introspection_c.so
-- Set runtime path of "/ws_ros2/install/custom_msg_ros2/lib/libcustom_msg_ros2__rosidl_typesupport_introspection_c.so" to ""
-- Installing: /ws_ros2/install/custom_msg_ros2/lib/libcustom_msg_ros2__rosidl_typesupport_c.so
-- Set runtime path of "/ws_ros2/install/custom_msg_ros2/lib/libcustom_msg_ros2__rosidl_typesupport_c.so" to ""
-- Up-to-date: /ws_ros2/install/custom_msg_ros2/include/custom_msg_ros2/custom_msg_ros2
-- Up-to-date: /ws_ros2/install/custom_msg_ros2/include/custom_msg_ros2/custom_msg_ros2/msg
-- Up-to-date: /ws_ros2/install/custom_msg_ros2/include/custom_msg_ros2/custom_msg_ros2/msg/detail
-- Installing: /ws_ros2/install/custom_msg_ros2/include/custom_msg_ros2/custom_msg_ros2/msg/detail/custom_message__type_support.cpp
-- Installing: /ws_ros2/install/custom_msg_ros2/include/custom_msg_ros2/custom_msg_ros2/msg/detail/custom_message__rosidl_typesupport_introspection_cpp.hpp
-- Installing: /ws_ros2/install/custom_msg_ros2/lib/libcustom_msg_ros2__rosidl_typesupport_introspection_cpp.so
-- Set runtime path of "/ws_ros2/install/custom_msg_ros2/lib/libcustom_msg_ros2__rosidl_typesupport_introspection_cpp.so" to ""
-- Installing: /ws_ros2/install/custom_msg_ros2/lib/libcustom_msg_ros2__rosidl_typesupport_cpp.so
-- Set runtime path of "/ws_ros2/install/custom_msg_ros2/lib/libcustom_msg_ros2__rosidl_typesupport_cpp.so" to ""
-- Installing: /ws_ros2/install/custom_msg_ros2/share/custom_msg_ros2/msg/CustomMessage.idl
-- Installing: /ws_ros2/install/custom_msg_ros2/share/custom_msg_ros2/msg/CustomMessage.msg
-- Installing: /ws_ros2/install/custom_msg_ros2/share/ament_index/resource_index/package_run_dependencies/custom_msg_ros2
-- Installing: /ws_ros2/install/custom_msg_ros2/share/ament_index/resource_index/parent_prefix_path/custom_msg_ros2
-- Installing: /ws_ros2/install/custom_msg_ros2/share/custom_msg_ros2/environment/ament_prefix_path.sh
-- Installing: /ws_ros2/install/custom_msg_ros2/share/custom_msg_ros2/environment/ament_prefix_path.dsv
-- Installing: /ws_ros2/install/custom_msg_ros2/share/custom_msg_ros2/environment/path.sh
-- Installing: /ws_ros2/install/custom_msg_ros2/share/custom_msg_ros2/environment/path.dsv
-- Installing: /ws_ros2/install/custom_msg_ros2/share/custom_msg_ros2/local_setup.bash
-- Installing: /ws_ros2/install/custom_msg_ros2/share/custom_msg_ros2/local_setup.sh
-- Installing: /ws_ros2/install/custom_msg_ros2/share/custom_msg_ros2/local_setup.zsh
-- Installing: /ws_ros2/install/custom_msg_ros2/share/custom_msg_ros2/local_setup.dsv
-- Installing: /ws_ros2/install/custom_msg_ros2/share/custom_msg_ros2/package.dsv
-- Installing: /ws_ros2/install/custom_msg_ros2/share/ament_index/resource_index/packages/custom_msg_ros2
-- Installing: /ws_ros2/install/custom_msg_ros2/share/custom_msg_ros2/cmake/export_custom_msg_ros2__rosidl_generator_cExport.cmake
-- Installing: /ws_ros2/install/custom_msg_ros2/share/custom_msg_ros2/cmake/export_custom_msg_ros2__rosidl_generator_cExport-noconfig.cmake
-- Installing: /ws_ros2/install/custom_msg_ros2/share/custom_msg_ros2/cmake/export_custom_msg_ros2__rosidl_typesupport_fastrtps_cExport.cmake
-- Installing: /ws_ros2/install/custom_msg_ros2/share/custom_msg_ros2/cmake/export_custom_msg_ros2__rosidl_typesupport_fastrtps_cExport-noconfig.cmake
-- Installing: /ws_ros2/install/custom_msg_ros2/share/custom_msg_ros2/cmake/export_custom_msg_ros2__rosidl_generator_cppExport.cmake
-- Installing: /ws_ros2/install/custom_msg_ros2/share/custom_msg_ros2/cmake/export_custom_msg_ros2__rosidl_typesupport_fastrtps_cppExport.cmake
-- Installing: /ws_ros2/install/custom_msg_ros2/share/custom_msg_ros2/cmake/export_custom_msg_ros2__rosidl_typesupport_fastrtps_cppExport-noconfig.cmake
-- Installing: /ws_ros2/install/custom_msg_ros2/share/custom_msg_ros2/cmake/custom_msg_ros2__rosidl_typesupport_introspection_cExport.cmake
-- Installing: /ws_ros2/install/custom_msg_ros2/share/custom_msg_ros2/cmake/custom_msg_ros2__rosidl_typesupport_introspection_cExport-noconfig.cmake
-- Installing: /ws_ros2/install/custom_msg_ros2/share/custom_msg_ros2/cmake/custom_msg_ros2__rosidl_typesupport_cExport.cmake
-- Installing: /ws_ros2/install/custom_msg_ros2/share/custom_msg_ros2/cmake/custom_msg_ros2__rosidl_typesupport_cExport-noconfig.cmake
-- Installing: /ws_ros2/install/custom_msg_ros2/share/custom_msg_ros2/cmake/custom_msg_ros2__rosidl_typesupport_introspection_cppExport.cmake
-- Installing: /ws_ros2/install/custom_msg_ros2/share/custom_msg_ros2/cmake/custom_msg_ros2__rosidl_typesupport_introspection_cppExport-noconfig.cmake
-- Installing: /ws_ros2/install/custom_msg_ros2/share/custom_msg_ros2/cmake/custom_msg_ros2__rosidl_typesupport_cppExport.cmake
-- Installing: /ws_ros2/install/custom_msg_ros2/share/custom_msg_ros2/cmake/custom_msg_ros2__rosidl_typesupport_cppExport-noconfig.cmake
-- Installing: /ws_ros2/install/custom_msg_ros2/share/custom_msg_ros2/cmake/rosidl_cmake-extras.cmake
-- Installing: /ws_ros2/install/custom_msg_ros2/share/custom_msg_ros2/cmake/ament_cmake_export_include_directories-extras.cmake
-- Installing: /ws_ros2/install/custom_msg_ros2/share/custom_msg_ros2/cmake/ament_cmake_export_libraries-extras.cmake
-- Installing: /ws_ros2/install/custom_msg_ros2/share/custom_msg_ros2/cmake/ament_cmake_export_targets-extras.cmake
-- Installing: /ws_ros2/install/custom_msg_ros2/share/custom_msg_ros2/cmake/rosidl_cmake_export_typesupport_targets-extras.cmake
-- Installing: /ws_ros2/install/custom_msg_ros2/share/custom_msg_ros2/cmake/ament_cmake_export_dependencies-extras.cmake
-- Installing: /ws_ros2/install/custom_msg_ros2/share/custom_msg_ros2/cmake/rosidl_cmake_export_typesupport_libraries-extras.cmake
-- Installing: /ws_ros2/install/custom_msg_ros2/share/custom_msg_ros2/cmake/custom_msg_ros2Config.cmake
-- Installing: /ws_ros2/install/custom_msg_ros2/share/custom_msg_ros2/cmake/custom_msg_ros2Config-version.cmake
-- Installing: /ws_ros2/install/custom_msg_ros2/share/custom_msg_ros2/package.xml
