[0.147s] Invoking command in '/ws_ros2/build/custom_msg_ros2': CMAKE_PREFIX_PATH=${CMAKE_PREFIX_PATH}:/ros2_humble/install/rqt_bag_plugins:/ros2_humble/install/rqt_bag:/ros2_humble/install/ros2bag:/ros2_humble/install/tracetools_test:/ros2_humble/install/tracetools_launch:/ros2_humble/install/topic_monitor:/ros2_humble/install/tf2_tools:/ros2_humble/install/examples_tf2_py:/ros2_humble/install/tf2_ros_py:/ros2_humble/install/sros2:/ros2_humble/install/rqt_topic:/ros2_humble/install/rqt_srv:/ros2_humble/install/rqt_shell:/ros2_humble/install/rqt_service_caller:/ros2_humble/install/rqt_reconfigure:/ros2_humble/install/rqt_py_console:/ros2_humble/install/rqt_publisher:/ros2_humble/install/rqt_plot:/ros2_humble/install/rqt_action:/ros2_humble/install/rqt_msg:/ros2_humble/install/rqt_console:/ros2_humble/install/rqt:/ros2_humble/install/rqt_graph:/ros2_humble/install/rqt_gui_py:/ros2_humble/install/rqt_gui:/ros2_humble/install/ros2trace:/ros2_humble/install/ros2topic:/ros2_humble/install/ros2test:/ros2_humble/install/ros2component:/ros2_humble/install/ros2param:/ros2_humble/install/ros2lifecycle:/ros2_humble/install/ros2service:/ros2_humble/install/ros2run:/ros2_humble/install/ros2launch:/ros2_humble/install/ros2pkg:/ros2_humble/install/ros2node:/ros2_humble/install/ros2multicast:/ros2_humble/install/ros2interface:/ros2_humble/install/ros2doctor:/ros2_humble/install/ros2action:/ros2_humble/install/ros2cli:/ros2_humble/install/quality_of_service_demo_py:/ros2_humble/install/lifecycle_py:/ros2_humble/install/launch_testing_ros:/ros2_humble/install/launch_ros:/ros2_humble/install/examples_rclpy_pointcloud_publisher:/ros2_humble/install/examples_rclpy_minimal_subscriber:/ros2_humble/install/examples_rclpy_minimal_service:/ros2_humble/install/examples_rclpy_minimal_publisher:/ros2_humble/install/examples_rclpy_minimal_client:/ros2_humble/install/examples_rclpy_minimal_action_server:/ros2_humble/install/examples_rclpy_minimal_action_client:/ros2_humble/install/examples_rclpy_guard_conditions:/ros2_humble/install/examples_rclpy_executors:/ros2_humble/install/demo_nodes_py:/ros2_humble/install/action_tutorials_py:/ros2_humble/install/ament_uncrustify:/ros2_humble/install/tracetools_trace:/ros2_humble/install/tracetools_read:/ros2_humble/install/test_tracetools_launch:/ros2_humble/install/test_launch_ros:/ros2_humble/install/sensor_msgs_py:/ros2_humble/install/rpyutils:/ros2_humble/install/rosidl_runtime_py:/ros2_humble/install/rosidl_cli:/ros2_humble/install/launch_pytest:/ros2_humble/install/launch_testing:/ros2_humble/install/launch_yaml:/ros2_humble/install/launch_xml:/ros2_humble/install/launch:/ros2_humble/install/osrf_pycommon:/ros2_humble/install/launch_testing_examples:/ros2_humble/install/domain_coordinator:/ros2_humble/install/ament_xmllint:/ros2_humble/install/ament_pyflakes:/ros2_humble/install/ament_pycodestyle:/ros2_humble/install/ament_pep257:/ros2_humble/install/ament_pclint:/ros2_humble/install/ament_package:/ros2_humble/install/ament_mypy:/ros2_humble/install/ament_lint_cmake:/ros2_humble/install/ament_flake8:/ros2_humble/install/ament_copyright:/ros2_humble/install/ament_lint:/ros2_humble/install/ament_index_python:/ros2_humble/install/ament_cpplint:/ros2_humble/install/ament_cppcheck:/ros2_humble/install/ament_clang_tidy:/ros2_humble/install/ament_clang_format /usr/bin/cmake /ws_ros2/src/custom_msg_ros2 -DCMAKE_INSTALL_PREFIX=/ws_ros2/install/custom_msg_ros2
[0.251s] -- Found ament_cmake: 1.3.5 (/ros2_humble/install/ament_cmake/share/ament_cmake/cmake)
[1.967s] -- Found rclcpp: 16.0.4 (/ros2_humble/install/rclcpp/share/rclcpp/cmake)
[2.059s] -- Found rosidl_generator_c: 3.1.4 (/ros2_humble/install/rosidl_generator_c/share/rosidl_generator_c/cmake)
[2.065s] -- Found rosidl_adapter: 3.1.4 (/ros2_humble/install/rosidl_adapter/share/rosidl_adapter/cmake)
[2.083s] -- Found rosidl_generator_cpp: 3.1.4 (/ros2_humble/install/rosidl_generator_cpp/share/rosidl_generator_cpp/cmake)
[2.184s] -- Using all available rosidl_typesupport_c: rosidl_typesupport_introspection_c;rosidl_typesupport_fastrtps_c
[2.322s] -- Using all available rosidl_typesupport_cpp: rosidl_typesupport_introspection_cpp;rosidl_typesupport_fastrtps_cpp
[2.602s] -- Found rmw_implementation_cmake: 6.1.1 (/ros2_humble/install/rmw_implementation_cmake/share/rmw_implementation_cmake/cmake)
[2.687s] -- Found rmw_fastrtps_cpp: 6.2.2 (/ros2_humble/install/rmw_fastrtps_cpp/share/rmw_fastrtps_cpp/cmake)
[3.576s] -- Using RMW implementation 'rmw_fastrtps_cpp' as default
[7.196s] -- Found ament_cmake_ros: 0.10.0 (/ros2_humble/install/ament_cmake_ros/share/ament_cmake_ros/cmake)
[10.946s] -- Using all available rosidl_typesupport_c: rosidl_typesupport_introspection_c;rosidl_typesupport_fastrtps_c
[12.339s] -- Using all available rosidl_typesupport_cpp: rosidl_typesupport_introspection_cpp;rosidl_typesupport_fastrtps_cpp
[12.422s] -- Found ament_lint_auto: 0.12.6 (/ros2_humble/install/ament_lint_auto/share/ament_lint_auto/cmake)
[13.074s] -- Added test 'lint_cmake' to check CMake code style
[13.100s] -- Added test 'xmllint' to check XML markup files
[13.171s] -- Configuring done
[13.226s] -- Generating done
[13.233s] -- Build files have been written to: /ws_ros2/build/custom_msg_ros2
[13.277s] Invoked command in '/ws_ros2/build/custom_msg_ros2' returned '0': CMAKE_PREFIX_PATH=${CMAKE_PREFIX_PATH}:/ros2_humble/install/rqt_bag_plugins:/ros2_humble/install/rqt_bag:/ros2_humble/install/ros2bag:/ros2_humble/install/tracetools_test:/ros2_humble/install/tracetools_launch:/ros2_humble/install/topic_monitor:/ros2_humble/install/tf2_tools:/ros2_humble/install/examples_tf2_py:/ros2_humble/install/tf2_ros_py:/ros2_humble/install/sros2:/ros2_humble/install/rqt_topic:/ros2_humble/install/rqt_srv:/ros2_humble/install/rqt_shell:/ros2_humble/install/rqt_service_caller:/ros2_humble/install/rqt_reconfigure:/ros2_humble/install/rqt_py_console:/ros2_humble/install/rqt_publisher:/ros2_humble/install/rqt_plot:/ros2_humble/install/rqt_action:/ros2_humble/install/rqt_msg:/ros2_humble/install/rqt_console:/ros2_humble/install/rqt:/ros2_humble/install/rqt_graph:/ros2_humble/install/rqt_gui_py:/ros2_humble/install/rqt_gui:/ros2_humble/install/ros2trace:/ros2_humble/install/ros2topic:/ros2_humble/install/ros2test:/ros2_humble/install/ros2component:/ros2_humble/install/ros2param:/ros2_humble/install/ros2lifecycle:/ros2_humble/install/ros2service:/ros2_humble/install/ros2run:/ros2_humble/install/ros2launch:/ros2_humble/install/ros2pkg:/ros2_humble/install/ros2node:/ros2_humble/install/ros2multicast:/ros2_humble/install/ros2interface:/ros2_humble/install/ros2doctor:/ros2_humble/install/ros2action:/ros2_humble/install/ros2cli:/ros2_humble/install/quality_of_service_demo_py:/ros2_humble/install/lifecycle_py:/ros2_humble/install/launch_testing_ros:/ros2_humble/install/launch_ros:/ros2_humble/install/examples_rclpy_pointcloud_publisher:/ros2_humble/install/examples_rclpy_minimal_subscriber:/ros2_humble/install/examples_rclpy_minimal_service:/ros2_humble/install/examples_rclpy_minimal_publisher:/ros2_humble/install/examples_rclpy_minimal_client:/ros2_humble/install/examples_rclpy_minimal_action_server:/ros2_humble/install/examples_rclpy_minimal_action_client:/ros2_humble/install/examples_rclpy_guard_conditions:/ros2_humble/install/examples_rclpy_executors:/ros2_humble/install/demo_nodes_py:/ros2_humble/install/action_tutorials_py:/ros2_humble/install/ament_uncrustify:/ros2_humble/install/tracetools_trace:/ros2_humble/install/tracetools_read:/ros2_humble/install/test_tracetools_launch:/ros2_humble/install/test_launch_ros:/ros2_humble/install/sensor_msgs_py:/ros2_humble/install/rpyutils:/ros2_humble/install/rosidl_runtime_py:/ros2_humble/install/rosidl_cli:/ros2_humble/install/launch_pytest:/ros2_humble/install/launch_testing:/ros2_humble/install/launch_yaml:/ros2_humble/install/launch_xml:/ros2_humble/install/launch:/ros2_humble/install/osrf_pycommon:/ros2_humble/install/launch_testing_examples:/ros2_humble/install/domain_coordinator:/ros2_humble/install/ament_xmllint:/ros2_humble/install/ament_pyflakes:/ros2_humble/install/ament_pycodestyle:/ros2_humble/install/ament_pep257:/ros2_humble/install/ament_pclint:/ros2_humble/install/ament_package:/ros2_humble/install/ament_mypy:/ros2_humble/install/ament_lint_cmake:/ros2_humble/install/ament_flake8:/ros2_humble/install/ament_copyright:/ros2_humble/install/ament_lint:/ros2_humble/install/ament_index_python:/ros2_humble/install/ament_cpplint:/ros2_humble/install/ament_cppcheck:/ros2_humble/install/ament_clang_tidy:/ros2_humble/install/ament_clang_format /usr/bin/cmake /ws_ros2/src/custom_msg_ros2 -DCMAKE_INSTALL_PREFIX=/ws_ros2/install/custom_msg_ros2
[13.280s] Invoking command in '/ws_ros2/build/custom_msg_ros2': CMAKE_PREFIX_PATH=${CMAKE_PREFIX_PATH}:/ros2_humble/install/rqt_bag_plugins:/ros2_humble/install/rqt_bag:/ros2_humble/install/ros2bag:/ros2_humble/install/tracetools_test:/ros2_humble/install/tracetools_launch:/ros2_humble/install/topic_monitor:/ros2_humble/install/tf2_tools:/ros2_humble/install/examples_tf2_py:/ros2_humble/install/tf2_ros_py:/ros2_humble/install/sros2:/ros2_humble/install/rqt_topic:/ros2_humble/install/rqt_srv:/ros2_humble/install/rqt_shell:/ros2_humble/install/rqt_service_caller:/ros2_humble/install/rqt_reconfigure:/ros2_humble/install/rqt_py_console:/ros2_humble/install/rqt_publisher:/ros2_humble/install/rqt_plot:/ros2_humble/install/rqt_action:/ros2_humble/install/rqt_msg:/ros2_humble/install/rqt_console:/ros2_humble/install/rqt:/ros2_humble/install/rqt_graph:/ros2_humble/install/rqt_gui_py:/ros2_humble/install/rqt_gui:/ros2_humble/install/ros2trace:/ros2_humble/install/ros2topic:/ros2_humble/install/ros2test:/ros2_humble/install/ros2component:/ros2_humble/install/ros2param:/ros2_humble/install/ros2lifecycle:/ros2_humble/install/ros2service:/ros2_humble/install/ros2run:/ros2_humble/install/ros2launch:/ros2_humble/install/ros2pkg:/ros2_humble/install/ros2node:/ros2_humble/install/ros2multicast:/ros2_humble/install/ros2interface:/ros2_humble/install/ros2doctor:/ros2_humble/install/ros2action:/ros2_humble/install/ros2cli:/ros2_humble/install/quality_of_service_demo_py:/ros2_humble/install/lifecycle_py:/ros2_humble/install/launch_testing_ros:/ros2_humble/install/launch_ros:/ros2_humble/install/examples_rclpy_pointcloud_publisher:/ros2_humble/install/examples_rclpy_minimal_subscriber:/ros2_humble/install/examples_rclpy_minimal_service:/ros2_humble/install/examples_rclpy_minimal_publisher:/ros2_humble/install/examples_rclpy_minimal_client:/ros2_humble/install/examples_rclpy_minimal_action_server:/ros2_humble/install/examples_rclpy_minimal_action_client:/ros2_humble/install/examples_rclpy_guard_conditions:/ros2_humble/install/examples_rclpy_executors:/ros2_humble/install/demo_nodes_py:/ros2_humble/install/action_tutorials_py:/ros2_humble/install/ament_uncrustify:/ros2_humble/install/tracetools_trace:/ros2_humble/install/tracetools_read:/ros2_humble/install/test_tracetools_launch:/ros2_humble/install/test_launch_ros:/ros2_humble/install/sensor_msgs_py:/ros2_humble/install/rpyutils:/ros2_humble/install/rosidl_runtime_py:/ros2_humble/install/rosidl_cli:/ros2_humble/install/launch_pytest:/ros2_humble/install/launch_testing:/ros2_humble/install/launch_yaml:/ros2_humble/install/launch_xml:/ros2_humble/install/launch:/ros2_humble/install/osrf_pycommon:/ros2_humble/install/launch_testing_examples:/ros2_humble/install/domain_coordinator:/ros2_humble/install/ament_xmllint:/ros2_humble/install/ament_pyflakes:/ros2_humble/install/ament_pycodestyle:/ros2_humble/install/ament_pep257:/ros2_humble/install/ament_pclint:/ros2_humble/install/ament_package:/ros2_humble/install/ament_mypy:/ros2_humble/install/ament_lint_cmake:/ros2_humble/install/ament_flake8:/ros2_humble/install/ament_copyright:/ros2_humble/install/ament_lint:/ros2_humble/install/ament_index_python:/ros2_humble/install/ament_cpplint:/ros2_humble/install/ament_cppcheck:/ros2_humble/install/ament_clang_tidy:/ros2_humble/install/ament_clang_format /usr/bin/cmake --build /ws_ros2/build/custom_msg_ros2 -- -j4 -l4
[13.588s] [  4%] [34m[1mGenerating C++ code for ROS interfaces[0m
[15.363s] [  4%] Built target custom_msg_ros2__cpp
[15.451s] [  9%] [34m[1mGenerating C code for ROS interfaces[0m
[19.211s] [ 13%] [32mBuilding C object CMakeFiles/custom_msg_ros2__rosidl_generator_c.dir/rosidl_generator_c/custom_msg_ros2/msg/detail/custom_message__functions.c.o[0m
[20.026s] [ 18%] [32m[1mLinking C shared library libcustom_msg_ros2__rosidl_generator_c.so[0m
[20.394s] [ 18%] Built target custom_msg_ros2__rosidl_generator_c
[20.515s] [ 22%] [34m[1mGenerating C++ introspection for ROS interfaces[0m
[22.575s] [ 27%] [32mBuilding CXX object CMakeFiles/custom_msg_ros2__rosidl_typesupport_introspection_cpp.dir/rosidl_typesupport_introspection_cpp/custom_msg_ros2/msg/detail/custom_message__type_support.cpp.o[0m
[25.991s] [ 31%] [32m[1mLinking CXX shared library libcustom_msg_ros2__rosidl_typesupport_introspection_cpp.so[0m
[26.391s] [ 31%] Built target custom_msg_ros2__rosidl_typesupport_introspection_cpp
[26.512s] [ 36%] [34m[1mGenerating C type support for eProsima Fast-RTPS[0m
[29.810s] [ 40%] [32mBuilding CXX object CMakeFiles/custom_msg_ros2__rosidl_typesupport_fastrtps_c.dir/rosidl_typesupport_fastrtps_c/custom_msg_ros2/msg/detail/custom_message__type_support_c.cpp.o[0m
[31.752s] [ 45%] [32m[1mLinking CXX shared library libcustom_msg_ros2__rosidl_typesupport_fastrtps_c.so[0m
[32.307s] [ 45%] Built target custom_msg_ros2__rosidl_typesupport_fastrtps_c
[32.470s] [ 50%] [34m[1mGenerating C introspection for ROS interfaces[0m
[35.300s] [ 54%] [32mBuilding C object CMakeFiles/custom_msg_ros2__rosidl_typesupport_introspection_c.dir/rosidl_typesupport_introspection_c/custom_msg_ros2/msg/detail/custom_message__type_support.c.o[0m
[35.683s] [ 59%] [32m[1mLinking C shared library libcustom_msg_ros2__rosidl_typesupport_introspection_c.so[0m
[35.901s] [ 59%] Built target custom_msg_ros2__rosidl_typesupport_introspection_c
[35.971s] [ 63%] [34m[1mGenerating C type support dispatch for ROS interfaces[0m
[38.261s] [ 68%] [32mBuilding CXX object CMakeFiles/custom_msg_ros2__rosidl_typesupport_c.dir/rosidl_typesupport_c/custom_msg_ros2/msg/custom_message__type_support.cpp.o[0m
[38.503s] [ 72%] [32m[1mLinking CXX shared library libcustom_msg_ros2__rosidl_typesupport_c.so[0m
[38.851s] [ 72%] Built target custom_msg_ros2__rosidl_typesupport_c
[38.944s] [ 77%] [34m[1mGenerating C++ type support for eProsima Fast-RTPS[0m
[41.450s] [ 81%] [32mBuilding CXX object CMakeFiles/custom_msg_ros2__rosidl_typesupport_fastrtps_cpp.dir/rosidl_typesupport_fastrtps_cpp/custom_msg_ros2/msg/detail/dds_fastrtps/custom_message__type_support.cpp.o[0m
[43.379s] [ 86%] [32m[1mLinking CXX shared library libcustom_msg_ros2__rosidl_typesupport_fastrtps_cpp.so[0m
[44.015s] [ 86%] Built target custom_msg_ros2__rosidl_typesupport_fastrtps_cpp
[44.137s] [ 90%] [34m[1mGenerating C++ type support dispatch for ROS interfaces[0m
[46.497s] [ 95%] [32mBuilding CXX object CMakeFiles/custom_msg_ros2__rosidl_typesupport_cpp.dir/rosidl_typesupport_cpp/custom_msg_ros2/msg/custom_message__type_support.cpp.o[0m
[47.457s] [100%] [32m[1mLinking CXX shared library libcustom_msg_ros2__rosidl_typesupport_cpp.so[0m
[47.698s] [100%] Built target custom_msg_ros2__rosidl_typesupport_cpp
[47.882s] [100%] Built target custom_msg_ros2
[48.066s] Invoked command in '/ws_ros2/build/custom_msg_ros2' returned '0': CMAKE_PREFIX_PATH=${CMAKE_PREFIX_PATH}:/ros2_humble/install/rqt_bag_plugins:/ros2_humble/install/rqt_bag:/ros2_humble/install/ros2bag:/ros2_humble/install/tracetools_test:/ros2_humble/install/tracetools_launch:/ros2_humble/install/topic_monitor:/ros2_humble/install/tf2_tools:/ros2_humble/install/examples_tf2_py:/ros2_humble/install/tf2_ros_py:/ros2_humble/install/sros2:/ros2_humble/install/rqt_topic:/ros2_humble/install/rqt_srv:/ros2_humble/install/rqt_shell:/ros2_humble/install/rqt_service_caller:/ros2_humble/install/rqt_reconfigure:/ros2_humble/install/rqt_py_console:/ros2_humble/install/rqt_publisher:/ros2_humble/install/rqt_plot:/ros2_humble/install/rqt_action:/ros2_humble/install/rqt_msg:/ros2_humble/install/rqt_console:/ros2_humble/install/rqt:/ros2_humble/install/rqt_graph:/ros2_humble/install/rqt_gui_py:/ros2_humble/install/rqt_gui:/ros2_humble/install/ros2trace:/ros2_humble/install/ros2topic:/ros2_humble/install/ros2test:/ros2_humble/install/ros2component:/ros2_humble/install/ros2param:/ros2_humble/install/ros2lifecycle:/ros2_humble/install/ros2service:/ros2_humble/install/ros2run:/ros2_humble/install/ros2launch:/ros2_humble/install/ros2pkg:/ros2_humble/install/ros2node:/ros2_humble/install/ros2multicast:/ros2_humble/install/ros2interface:/ros2_humble/install/ros2doctor:/ros2_humble/install/ros2action:/ros2_humble/install/ros2cli:/ros2_humble/install/quality_of_service_demo_py:/ros2_humble/install/lifecycle_py:/ros2_humble/install/launch_testing_ros:/ros2_humble/install/launch_ros:/ros2_humble/install/examples_rclpy_pointcloud_publisher:/ros2_humble/install/examples_rclpy_minimal_subscriber:/ros2_humble/install/examples_rclpy_minimal_service:/ros2_humble/install/examples_rclpy_minimal_publisher:/ros2_humble/install/examples_rclpy_minimal_client:/ros2_humble/install/examples_rclpy_minimal_action_server:/ros2_humble/install/examples_rclpy_minimal_action_client:/ros2_humble/install/examples_rclpy_guard_conditions:/ros2_humble/install/examples_rclpy_executors:/ros2_humble/install/demo_nodes_py:/ros2_humble/install/action_tutorials_py:/ros2_humble/install/ament_uncrustify:/ros2_humble/install/tracetools_trace:/ros2_humble/install/tracetools_read:/ros2_humble/install/test_tracetools_launch:/ros2_humble/install/test_launch_ros:/ros2_humble/install/sensor_msgs_py:/ros2_humble/install/rpyutils:/ros2_humble/install/rosidl_runtime_py:/ros2_humble/install/rosidl_cli:/ros2_humble/install/launch_pytest:/ros2_humble/install/launch_testing:/ros2_humble/install/launch_yaml:/ros2_humble/install/launch_xml:/ros2_humble/install/launch:/ros2_humble/install/osrf_pycommon:/ros2_humble/install/launch_testing_examples:/ros2_humble/install/domain_coordinator:/ros2_humble/install/ament_xmllint:/ros2_humble/install/ament_pyflakes:/ros2_humble/install/ament_pycodestyle:/ros2_humble/install/ament_pep257:/ros2_humble/install/ament_pclint:/ros2_humble/install/ament_package:/ros2_humble/install/ament_mypy:/ros2_humble/install/ament_lint_cmake:/ros2_humble/install/ament_flake8:/ros2_humble/install/ament_copyright:/ros2_humble/install/ament_lint:/ros2_humble/install/ament_index_python:/ros2_humble/install/ament_cpplint:/ros2_humble/install/ament_cppcheck:/ros2_humble/install/ament_clang_tidy:/ros2_humble/install/ament_clang_format /usr/bin/cmake --build /ws_ros2/build/custom_msg_ros2 -- -j4 -l4
[48.855s] Invoking command in '/ws_ros2/build/custom_msg_ros2': CMAKE_PREFIX_PATH=${CMAKE_PREFIX_PATH}:/ros2_humble/install/rqt_bag_plugins:/ros2_humble/install/rqt_bag:/ros2_humble/install/ros2bag:/ros2_humble/install/tracetools_test:/ros2_humble/install/tracetools_launch:/ros2_humble/install/topic_monitor:/ros2_humble/install/tf2_tools:/ros2_humble/install/examples_tf2_py:/ros2_humble/install/tf2_ros_py:/ros2_humble/install/sros2:/ros2_humble/install/rqt_topic:/ros2_humble/install/rqt_srv:/ros2_humble/install/rqt_shell:/ros2_humble/install/rqt_service_caller:/ros2_humble/install/rqt_reconfigure:/ros2_humble/install/rqt_py_console:/ros2_humble/install/rqt_publisher:/ros2_humble/install/rqt_plot:/ros2_humble/install/rqt_action:/ros2_humble/install/rqt_msg:/ros2_humble/install/rqt_console:/ros2_humble/install/rqt:/ros2_humble/install/rqt_graph:/ros2_humble/install/rqt_gui_py:/ros2_humble/install/rqt_gui:/ros2_humble/install/ros2trace:/ros2_humble/install/ros2topic:/ros2_humble/install/ros2test:/ros2_humble/install/ros2component:/ros2_humble/install/ros2param:/ros2_humble/install/ros2lifecycle:/ros2_humble/install/ros2service:/ros2_humble/install/ros2run:/ros2_humble/install/ros2launch:/ros2_humble/install/ros2pkg:/ros2_humble/install/ros2node:/ros2_humble/install/ros2multicast:/ros2_humble/install/ros2interface:/ros2_humble/install/ros2doctor:/ros2_humble/install/ros2action:/ros2_humble/install/ros2cli:/ros2_humble/install/quality_of_service_demo_py:/ros2_humble/install/lifecycle_py:/ros2_humble/install/launch_testing_ros:/ros2_humble/install/launch_ros:/ros2_humble/install/examples_rclpy_pointcloud_publisher:/ros2_humble/install/examples_rclpy_minimal_subscriber:/ros2_humble/install/examples_rclpy_minimal_service:/ros2_humble/install/examples_rclpy_minimal_publisher:/ros2_humble/install/examples_rclpy_minimal_client:/ros2_humble/install/examples_rclpy_minimal_action_server:/ros2_humble/install/examples_rclpy_minimal_action_client:/ros2_humble/install/examples_rclpy_guard_conditions:/ros2_humble/install/examples_rclpy_executors:/ros2_humble/install/demo_nodes_py:/ros2_humble/install/action_tutorials_py:/ros2_humble/install/ament_uncrustify:/ros2_humble/install/tracetools_trace:/ros2_humble/install/tracetools_read:/ros2_humble/install/test_tracetools_launch:/ros2_humble/install/test_launch_ros:/ros2_humble/install/sensor_msgs_py:/ros2_humble/install/rpyutils:/ros2_humble/install/rosidl_runtime_py:/ros2_humble/install/rosidl_cli:/ros2_humble/install/launch_pytest:/ros2_humble/install/launch_testing:/ros2_humble/install/launch_yaml:/ros2_humble/install/launch_xml:/ros2_humble/install/launch:/ros2_humble/install/osrf_pycommon:/ros2_humble/install/launch_testing_examples:/ros2_humble/install/domain_coordinator:/ros2_humble/install/ament_xmllint:/ros2_humble/install/ament_pyflakes:/ros2_humble/install/ament_pycodestyle:/ros2_humble/install/ament_pep257:/ros2_humble/install/ament_pclint:/ros2_humble/install/ament_package:/ros2_humble/install/ament_mypy:/ros2_humble/install/ament_lint_cmake:/ros2_humble/install/ament_flake8:/ros2_humble/install/ament_copyright:/ros2_humble/install/ament_lint:/ros2_humble/install/ament_index_python:/ros2_humble/install/ament_cpplint:/ros2_humble/install/ament_cppcheck:/ros2_humble/install/ament_clang_tidy:/ros2_humble/install/ament_clang_format /usr/bin/cmake --install /ws_ros2/build/custom_msg_ros2
[48.946s] -- Install configuration: ""
[48.946s] -- Installing: /ws_ros2/install/custom_msg_ros2/share/ament_index/resource_index/rosidl_interfaces/custom_msg_ros2
[48.946s] -- Installing: /ws_ros2/install/custom_msg_ros2/include/custom_msg_ros2/custom_msg_ros2
[48.947s] -- Installing: /ws_ros2/install/custom_msg_ros2/include/custom_msg_ros2/custom_msg_ros2/msg
[48.947s] -- Installing: /ws_ros2/install/custom_msg_ros2/include/custom_msg_ros2/custom_msg_ros2/msg/detail
[48.947s] -- Installing: /ws_ros2/install/custom_msg_ros2/include/custom_msg_ros2/custom_msg_ros2/msg/detail/custom_message__functions.h
[48.947s] -- Installing: /ws_ros2/install/custom_msg_ros2/include/custom_msg_ros2/custom_msg_ros2/msg/detail/custom_message__struct.h
[48.948s] -- Installing: /ws_ros2/install/custom_msg_ros2/include/custom_msg_ros2/custom_msg_ros2/msg/detail/custom_message__type_support.h
[48.955s] -- Installing: /ws_ros2/install/custom_msg_ros2/include/custom_msg_ros2/custom_msg_ros2/msg/detail/custom_message__functions.c
[48.955s] -- Installing: /ws_ros2/install/custom_msg_ros2/include/custom_msg_ros2/custom_msg_ros2/msg/rosidl_generator_c__visibility_control.h
[48.955s] -- Installing: /ws_ros2/install/custom_msg_ros2/include/custom_msg_ros2/custom_msg_ros2/msg/custom_message.h
[48.955s] -- Installing: /ws_ros2/install/custom_msg_ros2/share/custom_msg_ros2/environment/library_path.sh
[48.956s] -- Installing: /ws_ros2/install/custom_msg_ros2/share/custom_msg_ros2/environment/library_path.dsv
[48.956s] -- Installing: /ws_ros2/install/custom_msg_ros2/lib/libcustom_msg_ros2__rosidl_generator_c.so
[48.980s] -- Set runtime path of "/ws_ros2/install/custom_msg_ros2/lib/libcustom_msg_ros2__rosidl_generator_c.so" to ""
[48.980s] -- Up-to-date: /ws_ros2/install/custom_msg_ros2/include/custom_msg_ros2/custom_msg_ros2
[48.980s] -- Up-to-date: /ws_ros2/install/custom_msg_ros2/include/custom_msg_ros2/custom_msg_ros2/msg
[48.981s] -- Installing: /ws_ros2/install/custom_msg_ros2/include/custom_msg_ros2/custom_msg_ros2/msg/rosidl_typesupport_fastrtps_c__visibility_control.h
[48.981s] -- Up-to-date: /ws_ros2/install/custom_msg_ros2/include/custom_msg_ros2/custom_msg_ros2/msg/detail
[48.981s] -- Installing: /ws_ros2/install/custom_msg_ros2/include/custom_msg_ros2/custom_msg_ros2/msg/detail/custom_message__rosidl_typesupport_fastrtps_c.h
[48.981s] -- Installing: /ws_ros2/install/custom_msg_ros2/lib/libcustom_msg_ros2__rosidl_typesupport_fastrtps_c.so
[48.981s] -- Set runtime path of "/ws_ros2/install/custom_msg_ros2/lib/libcustom_msg_ros2__rosidl_typesupport_fastrtps_c.so" to ""
[48.982s] -- Up-to-date: /ws_ros2/install/custom_msg_ros2/include/custom_msg_ros2/custom_msg_ros2
[48.982s] -- Up-to-date: /ws_ros2/install/custom_msg_ros2/include/custom_msg_ros2/custom_msg_ros2/msg
[48.993s] -- Installing: /ws_ros2/install/custom_msg_ros2/include/custom_msg_ros2/custom_msg_ros2/msg/custom_message.hpp
[48.994s] -- Up-to-date: /ws_ros2/install/custom_msg_ros2/include/custom_msg_ros2/custom_msg_ros2/msg/detail
[48.994s] -- Installing: /ws_ros2/install/custom_msg_ros2/include/custom_msg_ros2/custom_msg_ros2/msg/detail/custom_message__traits.hpp
[48.994s] -- Installing: /ws_ros2/install/custom_msg_ros2/include/custom_msg_ros2/custom_msg_ros2/msg/detail/custom_message__builder.hpp
[48.994s] -- Installing: /ws_ros2/install/custom_msg_ros2/include/custom_msg_ros2/custom_msg_ros2/msg/detail/custom_message__struct.hpp
[48.994s] -- Up-to-date: /ws_ros2/install/custom_msg_ros2/include/custom_msg_ros2/custom_msg_ros2
[48.995s] -- Up-to-date: /ws_ros2/install/custom_msg_ros2/include/custom_msg_ros2/custom_msg_ros2/msg
[48.995s] -- Up-to-date: /ws_ros2/install/custom_msg_ros2/include/custom_msg_ros2/custom_msg_ros2/msg/detail
[48.995s] -- Installing: /ws_ros2/install/custom_msg_ros2/include/custom_msg_ros2/custom_msg_ros2/msg/detail/dds_fastrtps
[48.995s] -- Installing: /ws_ros2/install/custom_msg_ros2/include/custom_msg_ros2/custom_msg_ros2/msg/detail/custom_message__rosidl_typesupport_fastrtps_cpp.hpp
[48.995s] -- Installing: /ws_ros2/install/custom_msg_ros2/include/custom_msg_ros2/custom_msg_ros2/msg/rosidl_typesupport_fastrtps_cpp__visibility_control.h
[48.995s] -- Installing: /ws_ros2/install/custom_msg_ros2/lib/libcustom_msg_ros2__rosidl_typesupport_fastrtps_cpp.so
[48.999s] -- Set runtime path of "/ws_ros2/install/custom_msg_ros2/lib/libcustom_msg_ros2__rosidl_typesupport_fastrtps_cpp.so" to ""
[49.000s] -- Up-to-date: /ws_ros2/install/custom_msg_ros2/include/custom_msg_ros2/custom_msg_ros2
[49.000s] -- Up-to-date: /ws_ros2/install/custom_msg_ros2/include/custom_msg_ros2/custom_msg_ros2/msg
[49.000s] -- Installing: /ws_ros2/install/custom_msg_ros2/include/custom_msg_ros2/custom_msg_ros2/msg/rosidl_typesupport_introspection_c__visibility_control.h
[49.000s] -- Up-to-date: /ws_ros2/install/custom_msg_ros2/include/custom_msg_ros2/custom_msg_ros2/msg/detail
[49.000s] -- Installing: /ws_ros2/install/custom_msg_ros2/include/custom_msg_ros2/custom_msg_ros2/msg/detail/custom_message__type_support.c
[49.001s] -- Installing: /ws_ros2/install/custom_msg_ros2/include/custom_msg_ros2/custom_msg_ros2/msg/detail/custom_message__rosidl_typesupport_introspection_c.h
[49.009s] -- Installing: /ws_ros2/install/custom_msg_ros2/lib/libcustom_msg_ros2__rosidl_typesupport_introspection_c.so
[49.009s] -- Set runtime path of "/ws_ros2/install/custom_msg_ros2/lib/libcustom_msg_ros2__rosidl_typesupport_introspection_c.so" to ""
[49.010s] -- Installing: /ws_ros2/install/custom_msg_ros2/lib/libcustom_msg_ros2__rosidl_typesupport_c.so
[49.011s] -- Set runtime path of "/ws_ros2/install/custom_msg_ros2/lib/libcustom_msg_ros2__rosidl_typesupport_c.so" to ""
[49.012s] -- Up-to-date: /ws_ros2/install/custom_msg_ros2/include/custom_msg_ros2/custom_msg_ros2
[49.012s] -- Up-to-date: /ws_ros2/install/custom_msg_ros2/include/custom_msg_ros2/custom_msg_ros2/msg
[49.013s] -- Up-to-date: /ws_ros2/install/custom_msg_ros2/include/custom_msg_ros2/custom_msg_ros2/msg/detail
[49.017s] -- Installing: /ws_ros2/install/custom_msg_ros2/include/custom_msg_ros2/custom_msg_ros2/msg/detail/custom_message__type_support.cpp
[49.017s] -- Installing: /ws_ros2/install/custom_msg_ros2/include/custom_msg_ros2/custom_msg_ros2/msg/detail/custom_message__rosidl_typesupport_introspection_cpp.hpp
[49.018s] -- Installing: /ws_ros2/install/custom_msg_ros2/lib/libcustom_msg_ros2__rosidl_typesupport_introspection_cpp.so
[49.021s] -- Set runtime path of "/ws_ros2/install/custom_msg_ros2/lib/libcustom_msg_ros2__rosidl_typesupport_introspection_cpp.so" to ""
[49.022s] -- Installing: /ws_ros2/install/custom_msg_ros2/lib/libcustom_msg_ros2__rosidl_typesupport_cpp.so
[49.035s] -- Set runtime path of "/ws_ros2/install/custom_msg_ros2/lib/libcustom_msg_ros2__rosidl_typesupport_cpp.so" to ""
[49.035s] -- Installing: /ws_ros2/install/custom_msg_ros2/share/custom_msg_ros2/msg/CustomMessage.idl
[49.038s] -- Installing: /ws_ros2/install/custom_msg_ros2/share/custom_msg_ros2/msg/CustomMessage.msg
[49.039s] -- Installing: /ws_ros2/install/custom_msg_ros2/share/ament_index/resource_index/package_run_dependencies/custom_msg_ros2
[49.039s] -- Installing: /ws_ros2/install/custom_msg_ros2/share/ament_index/resource_index/parent_prefix_path/custom_msg_ros2
[49.040s] -- Installing: /ws_ros2/install/custom_msg_ros2/share/custom_msg_ros2/environment/ament_prefix_path.sh
[49.040s] -- Installing: /ws_ros2/install/custom_msg_ros2/share/custom_msg_ros2/environment/ament_prefix_path.dsv
[49.040s] -- Installing: /ws_ros2/install/custom_msg_ros2/share/custom_msg_ros2/environment/path.sh
[49.040s] -- Installing: /ws_ros2/install/custom_msg_ros2/share/custom_msg_ros2/environment/path.dsv
[49.041s] -- Installing: /ws_ros2/install/custom_msg_ros2/share/custom_msg_ros2/local_setup.bash
[49.041s] -- Installing: /ws_ros2/install/custom_msg_ros2/share/custom_msg_ros2/local_setup.sh
[49.042s] -- Installing: /ws_ros2/install/custom_msg_ros2/share/custom_msg_ros2/local_setup.zsh
[49.042s] -- Installing: /ws_ros2/install/custom_msg_ros2/share/custom_msg_ros2/local_setup.dsv
[49.043s] -- Installing: /ws_ros2/install/custom_msg_ros2/share/custom_msg_ros2/package.dsv
[49.043s] -- Installing: /ws_ros2/install/custom_msg_ros2/share/ament_index/resource_index/packages/custom_msg_ros2
[49.044s] -- Installing: /ws_ros2/install/custom_msg_ros2/share/custom_msg_ros2/cmake/export_custom_msg_ros2__rosidl_generator_cExport.cmake
[49.046s] -- Installing: /ws_ros2/install/custom_msg_ros2/share/custom_msg_ros2/cmake/export_custom_msg_ros2__rosidl_generator_cExport-noconfig.cmake
[49.047s] -- Installing: /ws_ros2/install/custom_msg_ros2/share/custom_msg_ros2/cmake/export_custom_msg_ros2__rosidl_typesupport_fastrtps_cExport.cmake
[49.054s] -- Installing: /ws_ros2/install/custom_msg_ros2/share/custom_msg_ros2/cmake/export_custom_msg_ros2__rosidl_typesupport_fastrtps_cExport-noconfig.cmake
[49.055s] -- Installing: /ws_ros2/install/custom_msg_ros2/share/custom_msg_ros2/cmake/export_custom_msg_ros2__rosidl_generator_cppExport.cmake
[49.055s] -- Installing: /ws_ros2/install/custom_msg_ros2/share/custom_msg_ros2/cmake/export_custom_msg_ros2__rosidl_typesupport_fastrtps_cppExport.cmake
[49.056s] -- Installing: /ws_ros2/install/custom_msg_ros2/share/custom_msg_ros2/cmake/export_custom_msg_ros2__rosidl_typesupport_fastrtps_cppExport-noconfig.cmake
[49.056s] -- Installing: /ws_ros2/install/custom_msg_ros2/share/custom_msg_ros2/cmake/custom_msg_ros2__rosidl_typesupport_introspection_cExport.cmake
[49.057s] -- Installing: /ws_ros2/install/custom_msg_ros2/share/custom_msg_ros2/cmake/custom_msg_ros2__rosidl_typesupport_introspection_cExport-noconfig.cmake
[49.057s] -- Installing: /ws_ros2/install/custom_msg_ros2/share/custom_msg_ros2/cmake/custom_msg_ros2__rosidl_typesupport_cExport.cmake
[49.058s] -- Installing: /ws_ros2/install/custom_msg_ros2/share/custom_msg_ros2/cmake/custom_msg_ros2__rosidl_typesupport_cExport-noconfig.cmake
[49.062s] -- Installing: /ws_ros2/install/custom_msg_ros2/share/custom_msg_ros2/cmake/custom_msg_ros2__rosidl_typesupport_introspection_cppExport.cmake
[49.063s] -- Installing: /ws_ros2/install/custom_msg_ros2/share/custom_msg_ros2/cmake/custom_msg_ros2__rosidl_typesupport_introspection_cppExport-noconfig.cmake
[49.063s] -- Installing: /ws_ros2/install/custom_msg_ros2/share/custom_msg_ros2/cmake/custom_msg_ros2__rosidl_typesupport_cppExport.cmake
[49.063s] -- Installing: /ws_ros2/install/custom_msg_ros2/share/custom_msg_ros2/cmake/custom_msg_ros2__rosidl_typesupport_cppExport-noconfig.cmake
[49.072s] -- Installing: /ws_ros2/install/custom_msg_ros2/share/custom_msg_ros2/cmake/rosidl_cmake-extras.cmake
[49.073s] -- Installing: /ws_ros2/install/custom_msg_ros2/share/custom_msg_ros2/cmake/ament_cmake_export_include_directories-extras.cmake
[49.074s] -- Installing: /ws_ros2/install/custom_msg_ros2/share/custom_msg_ros2/cmake/ament_cmake_export_libraries-extras.cmake
[49.074s] -- Installing: /ws_ros2/install/custom_msg_ros2/share/custom_msg_ros2/cmake/ament_cmake_export_targets-extras.cmake
[49.075s] -- Installing: /ws_ros2/install/custom_msg_ros2/share/custom_msg_ros2/cmake/rosidl_cmake_export_typesupport_targets-extras.cmake
[49.082s] -- Installing: /ws_ros2/install/custom_msg_ros2/share/custom_msg_ros2/cmake/ament_cmake_export_dependencies-extras.cmake
[49.083s] -- Installing: /ws_ros2/install/custom_msg_ros2/share/custom_msg_ros2/cmake/rosidl_cmake_export_typesupport_libraries-extras.cmake
[49.083s] -- Installing: /ws_ros2/install/custom_msg_ros2/share/custom_msg_ros2/cmake/custom_msg_ros2Config.cmake
[49.083s] -- Installing: /ws_ros2/install/custom_msg_ros2/share/custom_msg_ros2/cmake/custom_msg_ros2Config-version.cmake
[49.083s] -- Installing: /ws_ros2/install/custom_msg_ros2/share/custom_msg_ros2/package.xml
[49.092s] Invoked command in '/ws_ros2/build/custom_msg_ros2' returned '0': CMAKE_PREFIX_PATH=${CMAKE_PREFIX_PATH}:/ros2_humble/install/rqt_bag_plugins:/ros2_humble/install/rqt_bag:/ros2_humble/install/ros2bag:/ros2_humble/install/tracetools_test:/ros2_humble/install/tracetools_launch:/ros2_humble/install/topic_monitor:/ros2_humble/install/tf2_tools:/ros2_humble/install/examples_tf2_py:/ros2_humble/install/tf2_ros_py:/ros2_humble/install/sros2:/ros2_humble/install/rqt_topic:/ros2_humble/install/rqt_srv:/ros2_humble/install/rqt_shell:/ros2_humble/install/rqt_service_caller:/ros2_humble/install/rqt_reconfigure:/ros2_humble/install/rqt_py_console:/ros2_humble/install/rqt_publisher:/ros2_humble/install/rqt_plot:/ros2_humble/install/rqt_action:/ros2_humble/install/rqt_msg:/ros2_humble/install/rqt_console:/ros2_humble/install/rqt:/ros2_humble/install/rqt_graph:/ros2_humble/install/rqt_gui_py:/ros2_humble/install/rqt_gui:/ros2_humble/install/ros2trace:/ros2_humble/install/ros2topic:/ros2_humble/install/ros2test:/ros2_humble/install/ros2component:/ros2_humble/install/ros2param:/ros2_humble/install/ros2lifecycle:/ros2_humble/install/ros2service:/ros2_humble/install/ros2run:/ros2_humble/install/ros2launch:/ros2_humble/install/ros2pkg:/ros2_humble/install/ros2node:/ros2_humble/install/ros2multicast:/ros2_humble/install/ros2interface:/ros2_humble/install/ros2doctor:/ros2_humble/install/ros2action:/ros2_humble/install/ros2cli:/ros2_humble/install/quality_of_service_demo_py:/ros2_humble/install/lifecycle_py:/ros2_humble/install/launch_testing_ros:/ros2_humble/install/launch_ros:/ros2_humble/install/examples_rclpy_pointcloud_publisher:/ros2_humble/install/examples_rclpy_minimal_subscriber:/ros2_humble/install/examples_rclpy_minimal_service:/ros2_humble/install/examples_rclpy_minimal_publisher:/ros2_humble/install/examples_rclpy_minimal_client:/ros2_humble/install/examples_rclpy_minimal_action_server:/ros2_humble/install/examples_rclpy_minimal_action_client:/ros2_humble/install/examples_rclpy_guard_conditions:/ros2_humble/install/examples_rclpy_executors:/ros2_humble/install/demo_nodes_py:/ros2_humble/install/action_tutorials_py:/ros2_humble/install/ament_uncrustify:/ros2_humble/install/tracetools_trace:/ros2_humble/install/tracetools_read:/ros2_humble/install/test_tracetools_launch:/ros2_humble/install/test_launch_ros:/ros2_humble/install/sensor_msgs_py:/ros2_humble/install/rpyutils:/ros2_humble/install/rosidl_runtime_py:/ros2_humble/install/rosidl_cli:/ros2_humble/install/launch_pytest:/ros2_humble/install/launch_testing:/ros2_humble/install/launch_yaml:/ros2_humble/install/launch_xml:/ros2_humble/install/launch:/ros2_humble/install/osrf_pycommon:/ros2_humble/install/launch_testing_examples:/ros2_humble/install/domain_coordinator:/ros2_humble/install/ament_xmllint:/ros2_humble/install/ament_pyflakes:/ros2_humble/install/ament_pycodestyle:/ros2_humble/install/ament_pep257:/ros2_humble/install/ament_pclint:/ros2_humble/install/ament_package:/ros2_humble/install/ament_mypy:/ros2_humble/install/ament_lint_cmake:/ros2_humble/install/ament_flake8:/ros2_humble/install/ament_copyright:/ros2_humble/install/ament_lint:/ros2_humble/install/ament_index_python:/ros2_humble/install/ament_cpplint:/ros2_humble/install/ament_cppcheck:/ros2_humble/install/ament_clang_tidy:/ros2_humble/install/ament_clang_format /usr/bin/cmake --install /ws_ros2/build/custom_msg_ros2
